<?xml version="1.0" encoding="utf-8"?>
<test-run id="2" testcasecount="244" result="Passed" total="244" passed="244" failed="0" inconclusive="0" skipped="0" asserts="0" engine-version="3.5.0.0" clr-version="4.0.30319.42000" start-time="2026-08-13 12:14:45Z" end-time="2026-08-13 12:14:45Z" duration="0.191435">
  <test-suite type="TestSuite" id="1000" name="Decoder" fullname="Decoder" runstate="Runnable" testcasecount="244" result="Passed" start-time="2026-08-13 12:14:45Z" end-time="2026-08-13 12:14:45Z" duration="0.191435" total="244" passed="244" failed="0" inconclusive="0" skipped="0" asserts="0">
    <properties>
      <property name="platform" value="EditMode" />
    </properties>
    <test-suite type="Assembly" id="1270" name="Decoder.Tests.EditMode.dll" fullname="/workspace/unity/Decoder/Library/ScriptAssemblies/Decoder.Tests.EditMode.dll" runstate="Runnable" testcasecount="244" result="Passed" start-time="2026-08-13 12:14:45Z" end-time="2026-08-13 12:14:45Z" duration="0.185089" total="244" passed="244" failed="0" inconclusive="0" skipped="0" asserts="0">
      <properties>
        <property name="_PID" value="117064" />
        <property name="_APPDOMAIN" value="Unity Child Domain" />
        <property name="platform" value="EditMode" />
        <property name="EditorOnly" value="True" />
      </properties>
      <test-suite type="TestSuite" id="1271" name="Decoder" fullname="Decoder" runstate="Runnable" testcasecount="244" result="Passed" start-time="2026-08-13 12:14:45Z" end-time="2026-08-13 12:14:45Z" duration="0.184833" total="244" passed="244" failed="0" inconclusive="0" skipped="0" asserts="0">
        <properties />
        <test-suite type="TestSuite" id="1272" name="Tests" fullname="Decoder.Tests" runstate="Runnable" testcasecount="244" result="Passed" start-time="2026-08-13 12:14:45Z" end-time="2026-08-13 12:14:45Z" duration="0.184716" total="244" passed="244" failed="0" inconclusive="0" skipped="0" asserts="0">
          <properties />
          <test-suite type="TestFixture" id="1001" name="CampaignStateTests" fullname="Decoder.Tests.CampaignStateTests" classname="Decoder.Tests.CampaignStateTests" runstate="Runnable" testcasecount="28" result="Passed" start-time="2026-08-13 12:14:45Z" end-time="2026-08-13 12:14:45Z" duration="0.036402" total="28" passed="28" failed="0" inconclusive="0" skipped="0" asserts="0">
            <properties />
            <test-case id="1028" name="BelongsTo_RejectsProgressFromAnotherShift" fullname="Decoder.Tests.CampaignStateTests.BelongsTo_RejectsProgressFromAnotherShift" methodname="BelongsTo_RejectsProgressFromAnotherShift" classname="Decoder.Tests.CampaignStateTests" runstate="Runnable" seed="1596335692" result="Passed" start-time="2026-08-13 12:14:45Z" end-time="2026-08-13 12:14:45Z" duration="0.007639" asserts="0">
              <properties>
                <property name="retryIteration" value="0" />
                <property name="repeatIteration" value="0" />
              </properties>
            </test-case>
            <test-case id="1022" name="Deserialize_AcceptsCurrentVersion" fullname="Decoder.Tests.CampaignStateTests.Deserialize_AcceptsCurrentVersion" methodname="Deserialize_AcceptsCurrentVersion" classname="Decoder.Tests.CampaignStateTests" runstate="Runnable" seed="1357302430" result="Passed" start-time="2026-08-13 12:14:45Z" end-time="2026-08-13 12:14:45Z" duration="0.004437" asserts="0">
              <properties>
                <property name="retryIteration" value="0" />
                <property name="repeatIteration" value="0" />
              </properties>
            </test-case>
            <test-case id="1021" name="Deserialize_RejectsFutureVersion" fullname="Decoder.Tests.CampaignStateTests.Deserialize_RejectsFutureVersion" methodname="Deserialize_RejectsFutureVersion" classname="Decoder.Tests.CampaignStateTests" runstate="Runnable" seed="1446928008" result="Passed" start-time="2026-08-13 12:14:45Z" end-time="2026-08-13 12:14:45Z" duration="0.000155" asserts="0">
              <properties>
                <property name="retryIteration" value="0" />
                <property name="repeatIteration" value="0" />
              </properties>
            </test-case>
            <test-suite type="ParameterizedMethod" id="1020" name="Deserialize_ReturnsNullOnCorruptInputInsteadOfThrowing" fullname="Decoder.Tests.CampaignStateTests.Deserialize_ReturnsNullOnCorruptInputInsteadOfThrowing" classname="Decoder.Tests.CampaignStateTests" runstate="Runnable" testcasecount="7" result="Passed" start-time="2026-08-13 12:14:45Z" end-time="2026-08-13 12:14:45Z" duration="0.002577" total="7" passed="7" failed="0" inconclusive="0" skipped="0" asserts="0">
              <properties />
              <test-case id="1013" name="Deserialize_ReturnsNullOnCorruptInputInsteadOfThrowing(null)" fullname="Decoder.Tests.CampaignStateTests.Deserialize_ReturnsNullOnCorruptInputInsteadOfThrowing(null)" methodname="Deserialize_ReturnsNullOnCorruptInputInsteadOfThrowing" classname="Decoder.Tests.CampaignStateTests" runstate="Runnable" seed="382516803" result="Passed" start-time="2026-08-13 12:14:45Z" end-time="2026-08-13 12:14:45Z" duration="0.000785" asserts="0">
                <properties>
                  <property name="retryIteration" value="0" />
                  <property name="repeatIteration" value="0" />
                </properties>
              </test-case>
              <test-case id="1014" name="Deserialize_ReturnsNullOnCorruptInputInsteadOfThrowing(&quot;&quot;)" fullname="Decoder.Tests.CampaignStateTests.Deserialize_ReturnsNullOnCorruptInputInsteadOfThrowing(&quot;&quot;)" methodname="Deserialize_ReturnsNullOnCorruptInputInsteadOfThrowing" classname="Decoder.Tests.CampaignStateTests" runstate="Runnable" seed="1592938772" result="Passed" start-time="2026-08-13 12:14:45Z" end-time="2026-08-13 12:14:45Z" duration="0.000052" asserts="0">
                <properties>
                  <property name="retryIteration" value="0" />
                  <property name="repeatIteration" value="0" />
                </properties>
              </test-case>
              <test-case id="1015" name="Deserialize_ReturnsNullOnCorruptInputInsteadOfThrowing(&quot;这不是存档&quot;)" fullname="Decoder.Tests.CampaignStateTests.Deserialize_ReturnsNullOnCorruptInputInsteadOfThrowing(&quot;这不是存档&quot;)" methodname="Deserialize_ReturnsNullOnCorruptInputInsteadOfThrowing" classname="Decoder.Tests.CampaignStateTests" runstate="Runnable" seed="1413593725" result="Passed" start-time="2026-08-13 12:14:45Z" end-time="2026-08-13 12:14:45Z" duration="0.000071" asserts="0">
                <properties>
                  <property name="retryIteration" value="0" />
                  <property name="repeatIteration" value="0" />
                </properties>
              </test-case>
              <test-case id="1016" name="Deserialize_ReturnsNullOnCorruptInputInsteadOfThrowing(&quot;decoder-save\nversion\t不是数字\n&quot;)" fullname="Decoder.Tests.CampaignStateTests.Deserialize_ReturnsNullOnCorruptInputInsteadOfThrowing(&quot;decoder-save\nversion\t不是数字\n&quot;)" methodname="Deserialize_ReturnsNullOnCorruptInputInsteadOfThrowing" classname="Decoder.Tests.CampaignStateTests" runstate="Runnable" seed="1974703618" result="Passed" start-time="2026-08-13 12:14:45Z" end-time="2026-08-13 12:14:45Z" duration="0.000034" asserts="0">
                <properties>
                  <property name="retryIteration" value="0" />
                  <property name="repeatIteration" value="0" />
                </properties>
              </test-case>
              <test-case id="1017" name="Deserialize_ReturnsNullOnCorruptInputInsteadOfThrowing(&quot;decoder-save\nshift\tx\n&quot;)" fullname="Decoder.Tests.CampaignStateTests.Deserialize_ReturnsNullOnCorruptInputInsteadOfThrowing(&quot;decoder-save\nshift\tx\n&quot;)" methodname="Deserialize_ReturnsNullOnCorruptInputInsteadOfThrowing" classname="Decoder.Tests.CampaignStateTests" runstate="Runnable" seed="1481196492" result="Passed" start-time="2026-08-13 12:14:45Z" end-time="2026-08-13 12:14:45Z" duration="0.000031" asserts="0">
                <properties>
                  <property name="retryIteration" value="0" />
                  <property name="repeatIteration" value="0" />
                </properties>
              </test-case>
              <test-case id="1018" name="Deserialize_ReturnsNullOnCorruptInputInsteadOfThrowing(&quot;decoder-save\nreport\t字段不够\n&quot;)" fullname="Decoder.Tests.CampaignStateTests.Deserialize_ReturnsNullOnCorruptInputInsteadOfThrowing(&quot;decoder-save\nreport\t字段不够\n&quot;)" methodname="Deserialize_ReturnsNullOnCorruptInputInsteadOfThrowing" classname="Decoder.Tests.CampaignStateTests" runstate="Runnable" seed="1741506610" result="Passed" start-time="2026-08-13 12:14:45Z" end-time="2026-08-13 12:14:45Z" duration="0.000030" asserts="0">
                <properties>
                  <property name="retryIteration" value="0" />
                  <property name="repeatIteration" value="0" />
                </properties>
              </test-case>
              <test-case id="1019" name="Deserialize_ReturnsNullOnCorruptInputInsteadOfThrowing(&quot;decoder-save\nreport\ts\tM08\t不存在的结果\tRoutine\tRoutine\t0.5\n&quot;)" fullname="Decoder.Tests.CampaignStateTests.Deserialize_ReturnsNullOnCorruptInputInsteadOfThrowing(&quot;decoder-save\nreport\ts\tM08\t不存在的结果\tRoutine\tRoutine\t0.5\n&quot;)" methodname="Deserialize_ReturnsNullOnCorruptInputInsteadOfThrowing" classname="Decoder.Tests.CampaignStateTests" runstate="Runnable" seed="1174640334" result="Passed" start-time="2026-08-13 12:14:45Z" end-time="2026-08-13 12:14:45Z" duration="0.000165" asserts="0">
                <properties>
                  <property name="retryIteration" value="0" />
                  <property name="repeatIteration" value="0" />
                </properties>
              </test-case>
            </test-suite>
            <test-case id="1029" name="Deserialize_ReturnsNullOnTruncatedProgressLine" fullname="Decoder.Tests.CampaignStateTests.Deserialize_ReturnsNullOnTruncatedProgressLine" methodname="Deserialize_ReturnsNullOnTruncatedProgressLine" classname="Decoder.Tests.CampaignStateTests" runstate="Runnable" seed="1906935792" result="Passed" start-time="2026-08-13 12:14:45Z" end-time="2026-08-13 12:14:45Z" duration="0.000091" asserts="0">
              <properties>
                <property name="retryIteration" value="0" />
                <property name="repeatIteration" value="0" />
              </properties>
            </test-case>
            <test-case id="1010" name="LevelCorrect_ReflectsExactLevelMatch" fullname="Decoder.Tests.CampaignStateTests.LevelCorrect_ReflectsExactLevelMatch" methodname="LevelCorrect_ReflectsExactLevelMatch" classname="Decoder.Tests.CampaignStateTests" runstate="Runnable" seed="1006110210" result="Passed" start-time="2026-08-13 12:14:45Z" end-time="2026-08-13 12:14:45Z" duration="0.000153" asserts="0">
              <properties>
                <property name="retryIteration" value="0" />
                <property name="repeatIteration" value="0" />
              </properties>
            </test-case>
            <test-case id="1002" name="NewState_StartsAtFirstShiftWithNoHistory" fullname="Decoder.Tests.CampaignStateTests.NewState_StartsAtFirstShiftWithNoHistory" methodname="NewState_StartsAtFirstShiftWithNoHistory" classname="Decoder.Tests.CampaignStateTests" runstate="Runnable" seed="1817498634" result="Passed" start-time="2026-08-13 12:14:45Z" end-time="2026-08-13 12:14:45Z" duration="0.000688" asserts="0">
              <properties>
                <property name="retryIteration" value="0" />
                <property name="repeatIteration" value="0" />
              </properties>
            </test-case>
            <test-case id="1024" name="Progress_EmptyFieldsSurviveRoundTrip" fullname="Decoder.Tests.CampaignStateTests.Progress_EmptyFieldsSurviveRoundTrip" methodname="Progress_EmptyFieldsSurviveRoundTrip" classname="Decoder.Tests.CampaignStateTests" runstate="Runnable" seed="607196831" result="Passed" start-time="2026-08-13 12:14:45Z" end-time="2026-08-13 12:14:45Z" duration="0.000817" asserts="0">
              <properties>
                <property name="retryIteration" value="0" />
                <property name="repeatIteration" value="0" />
              </properties>
            </test-case>
            <test-case id="1027" name="Progress_InactiveIsNotWrittenToSave" fullname="Decoder.Tests.CampaignStateTests.Progress_InactiveIsNotWrittenToSave" methodname="Progress_InactiveIsNotWrittenToSave" classname="Decoder.Tests.CampaignStateTests" runstate="Runnable" seed="2104303477" result="Passed" start-time="2026-08-13 12:14:45Z" end-time="2026-08-13 12:14:45Z" duration="0.000483" asserts="0">
              <properties>
                <property name="retryIteration" value="0" />
                <property name="repeatIteration" value="0" />
              </properties>
            </test-case>
            <test-case id="1026" name="Progress_IsClearedAfterReport" fullname="Decoder.Tests.CampaignStateTests.Progress_IsClearedAfterReport" methodname="Progress_IsClearedAfterReport" classname="Decoder.Tests.CampaignStateTests" runstate="Runnable" seed="252892996" result="Passed" start-time="2026-08-13 12:14:45Z" end-time="2026-08-13 12:14:45Z" duration="0.000355" asserts="0">
              <properties>
                <property name="retryIteration" value="0" />
                <property name="repeatIteration" value="0" />
              </properties>
            </test-case>
            <test-case id="1023" name="Progress_RoundTripsThroughSave" fullname="Decoder.Tests.CampaignStateTests.Progress_RoundTripsThroughSave" methodname="Progress_RoundTripsThroughSave" classname="Decoder.Tests.CampaignStateTests" runstate="Runnable" seed="1958571047" result="Passed" start-time="2026-08-13 12:14:45Z" end-time="2026-08-13 12:14:45Z" duration="0.001015" asserts="0">
              <properties>
                <property name="retryIteration" value="0" />
                <property name="repeatIteration" value="0" />
              </properties>
            </test-case>
            <test-case id="1025" name="Progress_SurvivesTabsAndNewlinesInCopiedText" fullname="Decoder.Tests.CampaignStateTests.Progress_SurvivesTabsAndNewlinesInCopiedText" methodname="Progress_SurvivesTabsAndNewlinesInCopiedText" classname="Decoder.Tests.CampaignStateTests" runstate="Runnable" seed="132155037" result="Passed" start-time="2026-08-13 12:14:45Z" end-time="2026-08-13 12:14:45Z" duration="0.000635" asserts="0">
              <properties>
                <property name="retryIteration" value="0" />
                <property name="repeatIteration" value="0" />
              </properties>
            </test-case>
            <test-case id="1003" name="RecordAndAdvance_AppendsHistoryAndMovesToNextShift" fullname="Decoder.Tests.CampaignStateTests.RecordAndAdvance_AppendsHistoryAndMovesToNextShift" methodname="RecordAndAdvance_AppendsHistoryAndMovesToNextShift" classname="Decoder.Tests.CampaignStateTests" runstate="Runnable" seed="1964055098" result="Passed" start-time="2026-08-13 12:14:45Z" end-time="2026-08-13 12:14:45Z" duration="0.000146" asserts="0">
              <properties>
                <property name="retryIteration" value="0" />
                <property name="repeatIteration" value="0" />
              </properties>
            </test-case>
            <test-case id="1012" name="Serialize_EmptyStateRoundTrips" fullname="Decoder.Tests.CampaignStateTests.Serialize_EmptyStateRoundTrips" methodname="Serialize_EmptyStateRoundTrips" classname="Decoder.Tests.CampaignStateTests" runstate="Runnable" seed="2108535345" result="Passed" start-time="2026-08-13 12:14:45Z" end-time="2026-08-13 12:14:45Z" duration="0.000105" asserts="0">
              <properties>
                <property name="retryIteration" value="0" />
                <property name="repeatIteration" value="0" />
              </properties>
            </test-case>
            <test-case id="1030" name="Serialize_IsHumanReadable" fullname="Decoder.Tests.CampaignStateTests.Serialize_IsHumanReadable" methodname="Serialize_IsHumanReadable" classname="Decoder.Tests.CampaignStateTests" runstate="Runnable" seed="1303843349" result="Passed" start-time="2026-08-13 12:14:45Z" end-time="2026-08-13 12:14:45Z" duration="0.000845" asserts="0">
              <properties>
                <property name="retryIteration" value="0" />
                <property name="repeatIteration" value="0" />
              </properties>
            </test-case>
            <test-case id="1011" name="SerializeThenDeserialize_PreservesEverything" fullname="Decoder.Tests.CampaignStateTests.SerializeThenDeserialize_PreservesEverything" methodname="SerializeThenDeserialize_PreservesEverything" classname="Decoder.Tests.CampaignStateTests" runstate="Runnable" seed="452963058" result="Passed" start-time="2026-08-13 12:14:45Z" end-time="2026-08-13 12:14:45Z" duration="0.002555" asserts="0">
              <properties>
                <property name="retryIteration" value="0" />
                <property name="repeatIteration" value="0" />
              </properties>
            </test-case>
            <test-case id="1006" name="Standing_IsClampedToUnitRange" fullname="Decoder.Tests.CampaignStateTests.Standing_IsClampedToUnitRange" methodname="Standing_IsClampedToUnitRange" classname="Decoder.Tests.CampaignStateTests" runstate="Runnable" seed="478340692" result="Passed" start-time="2026-08-13 12:14:45Z" end-time="2026-08-13 12:14:45Z" duration="0.002019" asserts="0">
              <properties>
                <property name="retryIteration" value="0" />
                <property name="repeatIteration" value="0" />
              </properties>
            </test-case>
            <test-case id="1005" name="Standing_PunishesUnderreportingHarderThanOverreporting" fullname="Decoder.Tests.CampaignStateTests.Standing_PunishesUnderreportingHarderThanOverreporting" methodname="Standing_PunishesUnderreportingHarderThanOverreporting" classname="Decoder.Tests.CampaignStateTests" runstate="Runnable" seed="1663784042" result="Passed" start-time="2026-08-13 12:14:45Z" end-time="2026-08-13 12:14:45Z" duration="0.000243" asserts="0">
              <properties>
                <property name="retryIteration" value="0" />
                <property name="repeatIteration" value="0" />
              </properties>
            </test-case>
            <test-case id="1004" name="Standing_RewardsExactReports" fullname="Decoder.Tests.CampaignStateTests.Standing_RewardsExactReports" methodname="Standing_RewardsExactReports" classname="Decoder.Tests.CampaignStateTests" runstate="Runnable" seed="1642657523" result="Passed" start-time="2026-08-13 12:14:45Z" end-time="2026-08-13 12:14:45Z" duration="0.000103" asserts="0">
              <properties>
                <property name="retryIteration" value="0" />
                <property name="repeatIteration" value="0" />
              </properties>
            </test-case>
            <test-case id="1008" name="StandingLine_DiffersBetweenGoodAndBadRecords" fullname="Decoder.Tests.CampaignStateTests.StandingLine_DiffersBetweenGoodAndBadRecords" methodname="StandingLine_DiffersBetweenGoodAndBadRecords" classname="Decoder.Tests.CampaignStateTests" runstate="Runnable" seed="1733096068" result="Passed" start-time="2026-08-13 12:14:45Z" end-time="2026-08-13 12:14:45Z" duration="0.000232" asserts="0">
              <properties>
                <property name="retryIteration" value="0" />
                <property name="repeatIteration" value="0" />
              </properties>
            </test-case>
            <test-case id="1007" name="StandingLine_IsNeverEmptyAndCarriesNoNumbers" fullname="Decoder.Tests.CampaignStateTests.StandingLine_IsNeverEmptyAndCarriesNoNumbers" methodname="StandingLine_IsNeverEmptyAndCarriesNoNumbers" classname="Decoder.Tests.CampaignStateTests" runstate="Runnable" seed="932787333" result="Passed" start-time="2026-08-13 12:14:45Z" end-time="2026-08-13 12:14:45Z" duration="0.000557" asserts="0">
              <properties>
                <property name="retryIteration" value="0" />
                <property name="repeatIteration" value="0" />
              </properties>
            </test-case>
            <test-case id="1009" name="UnderreportCount_CountsOnlyLevelsBelowCorrect" fullname="Decoder.Tests.CampaignStateTests.UnderreportCount_CountsOnlyLevelsBelowCorrect" methodname="UnderreportCount_CountsOnlyLevelsBelowCorrect" classname="Decoder.Tests.CampaignStateTests" runstate="Runnable" seed="154480190" result="Passed" start-time="2026-08-13 12:14:45Z" end-time="2026-08-13 12:14:45Z" duration="0.000224" asserts="0">
              <properties>
                <property name="retryIteration" value="0" />
                <property name="repeatIteration" value="0" />
              </properties>
            </test-case>
          </test-suite>
          <test-suite type="TestFixture" id="1031" name="ChineseTelegraphCodeTests" fullname="Decoder.Tests.ChineseTelegraphCodeTests" classname="Decoder.Tests.ChineseTelegraphCodeTests" runstate="Runnable" testcasecount="26" result="Passed" start-time="2026-08-13 12:14:45Z" end-time="2026-08-13 12:14:45Z" duration="0.015022" total="26" passed="26" failed="0" inconclusive="0" skipped="0" asserts="0">
            <properties />
            <test-case id="1043" name="DecodeDigits_KeepsTrailingPartialGroup" fullname="Decoder.Tests.ChineseTelegraphCodeTests.DecodeDigits_KeepsTrailingPartialGroup" methodname="DecodeDigits_KeepsTrailingPartialGroup" classname="Decoder.Tests.ChineseTelegraphCodeTests" runstate="Runnable" seed="1332932243" result="Passed" start-time="2026-08-13 12:14:45Z" end-time="2026-08-13 12:14:45Z" duration="0.002267" asserts="0">
              <properties>
                <property name="retryIteration" value="0" />
                <property name="repeatIteration" value="0" />
              </properties>
            </test-case>
            <test-case id="1041" name="DecodeDigits_SplitsStreamIntoFourDigitGroups" fullname="Decoder.Tests.ChineseTelegraphCodeTests.DecodeDigits_SplitsStreamIntoFourDigitGroups" methodname="DecodeDigits_SplitsStreamIntoFourDigitGroups" classname="Decoder.Tests.ChineseTelegraphCodeTests" runstate="Runnable" seed="1816965769" result="Passed" start-time="2026-08-13 12:14:45Z" end-time="2026-08-13 12:14:45Z" duration="0.000102" asserts="0">
              <properties>
                <property name="retryIteration" value="0" />
                <property name="repeatIteration" value="0" />
              </properties>
            </test-case>
            <test-case id="1042" name="DecodeDigits_UnknownGroupBecomesBox" fullname="Decoder.Tests.ChineseTelegraphCodeTests.DecodeDigits_UnknownGroupBecomesBox" methodname="DecodeDigits_UnknownGroupBecomesBox" classname="Decoder.Tests.ChineseTelegraphCodeTests" runstate="Runnable" seed="2036576627" result="Passed" start-time="2026-08-13 12:14:45Z" end-time="2026-08-13 12:14:45Z" duration="0.000062" asserts="0">
              <properties>
                <property name="retryIteration" value="0" />
                <property name="repeatIteration" value="0" />
              </properties>
            </test-case>
            <test-case id="1044" name="EncodeText_ProducesSpaceSeparatedGroups" fullname="Decoder.Tests.ChineseTelegraphCodeTests.EncodeText_ProducesSpaceSeparatedGroups" methodname="EncodeText_ProducesSpaceSeparatedGroups" classname="Decoder.Tests.ChineseTelegraphCodeTests" runstate="Runnable" seed="211367050" result="Passed" start-time="2026-08-13 12:14:45Z" end-time="2026-08-13 12:14:45Z" duration="0.000250" asserts="0">
              <properties>
                <property name="retryIteration" value="0" />
                <property name="repeatIteration" value="0" />
              </properties>
            </test-case>
            <test-case id="1045" name="EncodeText_SkipsCharactersOutsideTable" fullname="Decoder.Tests.ChineseTelegraphCodeTests.EncodeText_SkipsCharactersOutsideTable" methodname="EncodeText_SkipsCharactersOutsideTable" classname="Decoder.Tests.ChineseTelegraphCodeTests" runstate="Runnable" seed="1797594884" result="Passed" start-time="2026-08-13 12:14:45Z" end-time="2026-08-13 12:14:45Z" duration="0.000065" asserts="0">
              <properties>
                <property name="retryIteration" value="0" />
                <property name="repeatIteration" value="0" />
              </properties>
            </test-case>
            <test-case id="1046" name="EncodeThenDecode_RoundTripsExactly" fullname="Decoder.Tests.ChineseTelegraphCodeTests.EncodeThenDecode_RoundTripsExactly" methodname="EncodeThenDecode_RoundTripsExactly" classname="Decoder.Tests.ChineseTelegraphCodeTests" runstate="Runnable" seed="1071796105" result="Passed" start-time="2026-08-13 12:14:45Z" end-time="2026-08-13 12:14:45Z" duration="0.000147" asserts="0">
              <properties>
                <property name="retryIteration" value="0" />
                <property name="repeatIteration" value="0" />
              </properties>
            </test-case>
            <test-case id="1049" name="Parse_HandlesCarriageReturns" fullname="Decoder.Tests.ChineseTelegraphCodeTests.Parse_HandlesCarriageReturns" methodname="Parse_HandlesCarriageReturns" classname="Decoder.Tests.ChineseTelegraphCodeTests" runstate="Runnable" seed="1270981923" result="Passed" start-time="2026-08-13 12:14:45Z" end-time="2026-08-13 12:14:45Z" duration="0.000175" asserts="0">
              <properties>
                <property name="retryIteration" value="0" />
                <property name="repeatIteration" value="0" />
              </properties>
            </test-case>
            <test-case id="1048" name="Parse_IgnoresMalformedLines" fullname="Decoder.Tests.ChineseTelegraphCodeTests.Parse_IgnoresMalformedLines" methodname="Parse_IgnoresMalformedLines" classname="Decoder.Tests.ChineseTelegraphCodeTests" runstate="Runnable" seed="1441313623" result="Passed" start-time="2026-08-13 12:14:45Z" end-time="2026-08-13 12:14:45Z" duration="0.000076" asserts="0">
              <properties>
                <property name="retryIteration" value="0" />
                <property name="repeatIteration" value="0" />
              </properties>
            </test-case>
            <test-case id="1032" name="Parse_ReadsEveryRecord" fullname="Decoder.Tests.ChineseTelegraphCodeTests.Parse_ReadsEveryRecord" methodname="Parse_ReadsEveryRecord" classname="Decoder.Tests.ChineseTelegraphCodeTests" runstate="Runnable" seed="573483000" result="Passed" start-time="2026-08-13 12:14:45Z" end-time="2026-08-13 12:14:45Z" duration="0.000088" asserts="0">
              <properties>
                <property name="retryIteration" value="0" />
                <property name="repeatIteration" value="0" />
              </properties>
            </test-case>
            <test-case id="1050" name="SharedTable_LoadsFullDataset" fullname="Decoder.Tests.ChineseTelegraphCodeTests.SharedTable_LoadsFullDataset" methodname="SharedTable_LoadsFullDataset" classname="Decoder.Tests.ChineseTelegraphCodeTests" runstate="Runnable" seed="1546445149" result="Passed" start-time="2026-08-13 12:14:45Z" end-time="2026-08-13 12:14:45Z" duration="0.006515" asserts="0">
              <properties>
                <property name="retryIteration" value="0" />
                <property name="repeatIteration" value="0" />
              </properties>
            </test-case>
            <test-suite type="ParameterizedMethod" id="1058" name="SharedTable_MatchesKnownHistoricalCodes" fullname="Decoder.Tests.ChineseTelegraphCodeTests.SharedTable_MatchesKnownHistoricalCodes" classname="Decoder.Tests.ChineseTelegraphCodeTests" runstate="Runnable" testcasecount="7" result="Passed" start-time="2026-08-13 12:14:45Z" end-time="2026-08-13 12:14:45Z" duration="0.000928" total="7" passed="7" failed="0" inconclusive="0" skipped="0" asserts="0">
              <properties />
              <test-case id="1051" name="SharedTable_MatchesKnownHistoricalCodes(&quot;0001&quot;,'一')" fullname="Decoder.Tests.ChineseTelegraphCodeTests.SharedTable_MatchesKnownHistoricalCodes(&quot;0001&quot;,'一')" methodname="SharedTable_MatchesKnownHistoricalCodes" classname="Decoder.Tests.ChineseTelegraphCodeTests" runstate="Runnable" seed="938448538" result="Passed" start-time="2026-08-13 12:14:45Z" end-time="2026-08-13 12:14:45Z" duration="0.000228" asserts="0">
                <properties>
                  <property name="retryIteration" value="0" />
                  <property name="repeatIteration" value="0" />
                </properties>
              </test-case>
              <test-case id="1052" name="SharedTable_MatchesKnownHistoricalCodes(&quot;0022&quot;,'中')" fullname="Decoder.Tests.ChineseTelegraphCodeTests.SharedTable_MatchesKnownHistoricalCodes(&quot;0022&quot;,'中')" methodname="SharedTable_MatchesKnownHistoricalCodes" classname="Decoder.Tests.ChineseTelegraphCodeTests" runstate="Runnable" seed="1309450044" result="Passed" start-time="2026-08-13 12:14:45Z" end-time="2026-08-13 12:14:45Z" duration="0.000041" asserts="0">
                <properties>
                  <property name="retryIteration" value="0" />
                  <property name="repeatIteration" value="0" />
                </properties>
              </test-case>
              <test-case id="1053" name="SharedTable_MatchesKnownHistoricalCodes(&quot;0079&quot;,'京')" fullname="Decoder.Tests.ChineseTelegraphCodeTests.SharedTable_MatchesKnownHistoricalCodes(&quot;0079&quot;,'京')" methodname="SharedTable_MatchesKnownHistoricalCodes" classname="Decoder.Tests.ChineseTelegraphCodeTests" runstate="Runnable" seed="576698909" result="Passed" start-time="2026-08-13 12:14:45Z" end-time="2026-08-13 12:14:45Z" duration="0.000027" asserts="0">
                <properties>
                  <property name="retryIteration" value="0" />
                  <property name="repeatIteration" value="0" />
                </properties>
              </test-case>
              <test-case id="1054" name="SharedTable_MatchesKnownHistoricalCodes(&quot;0554&quot;,'北')" fullname="Decoder.Tests.ChineseTelegraphCodeTests.SharedTable_MatchesKnownHistoricalCodes(&quot;0554&quot;,'北')" methodname="SharedTable_MatchesKnownHistoricalCodes" classname="Decoder.Tests.ChineseTelegraphCodeTests" runstate="Runnable" seed="202253099" result="Passed" start-time="2026-08-13 12:14:45Z" end-time="2026-08-13 12:14:45Z" duration="0.000026" asserts="0">
                <properties>
                  <property name="retryIteration" value="0" />
                  <property name="repeatIteration" value="0" />
                </properties>
              </test-case>
              <test-case id="1055" name="SharedTable_MatchesKnownHistoricalCodes(&quot;2429&quot;,'文')" fullname="Decoder.Tests.ChineseTelegraphCodeTests.SharedTable_MatchesKnownHistoricalCodes(&quot;2429&quot;,'文')" methodname="SharedTable_MatchesKnownHistoricalCodes" classname="Decoder.Tests.ChineseTelegraphCodeTests" runstate="Runnable" seed="1055690588" result="Passed" start-time="2026-08-13 12:14:45Z" end-time="2026-08-13 12:14:45Z" duration="0.000024" asserts="0">
                <properties>
                  <property name="retryIteration" value="0" />
                  <property name="repeatIteration" value="0" />
                </properties>
              </test-case>
              <test-case id="1056" name="SharedTable_MatchesKnownHistoricalCodes(&quot;4316&quot;,'码')" fullname="Decoder.Tests.ChineseTelegraphCodeTests.SharedTable_MatchesKnownHistoricalCodes(&quot;4316&quot;,'码')" methodname="SharedTable_MatchesKnownHistoricalCodes" classname="Decoder.Tests.ChineseTelegraphCodeTests" runstate="Runnable" seed="1274474517" result="Passed" start-time="2026-08-13 12:14:45Z" end-time="2026-08-13 12:14:45Z" duration="0.000026" asserts="0">
                <properties>
                  <property name="retryIteration" value="0" />
                  <property name="repeatIteration" value="0" />
                </properties>
              </test-case>
              <test-case id="1057" name="SharedTable_MatchesKnownHistoricalCodes(&quot;7193&quot;,'电')" fullname="Decoder.Tests.ChineseTelegraphCodeTests.SharedTable_MatchesKnownHistoricalCodes(&quot;7193&quot;,'电')" methodname="SharedTable_MatchesKnownHistoricalCodes" classname="Decoder.Tests.ChineseTelegraphCodeTests" runstate="Runnable" seed="70835620" result="Passed" start-time="2026-08-13 12:14:45Z" end-time="2026-08-13 12:14:45Z" duration="0.000024" asserts="0">
                <properties>
                  <property name="retryIteration" value="0" />
                  <property name="repeatIteration" value="0" />
                </properties>
              </test-case>
            </test-suite>
            <test-case id="1059" name="SharedTable_RoundTripsRealSentence" fullname="Decoder.Tests.ChineseTelegraphCodeTests.SharedTable_RoundTripsRealSentence" methodname="SharedTable_RoundTripsRealSentence" classname="Decoder.Tests.ChineseTelegraphCodeTests" runstate="Runnable" seed="462499736" result="Passed" start-time="2026-08-13 12:14:45Z" end-time="2026-08-13 12:14:45Z" duration="0.000109" asserts="0">
              <properties>
                <property name="retryIteration" value="0" />
                <property name="repeatIteration" value="0" />
              </properties>
            </test-case>
            <test-case id="1047" name="ToDigitStream_StripsSeparators" fullname="Decoder.Tests.ChineseTelegraphCodeTests.ToDigitStream_StripsSeparators" methodname="ToDigitStream_StripsSeparators" classname="Decoder.Tests.ChineseTelegraphCodeTests" runstate="Runnable" seed="2147313104" result="Passed" start-time="2026-08-13 12:14:45Z" end-time="2026-08-13 12:14:45Z" duration="0.000064" asserts="0">
              <properties>
                <property name="retryIteration" value="0" />
                <property name="repeatIteration" value="0" />
              </properties>
            </test-case>
            <test-suite type="ParameterizedMethod" id="1038" name="TryGetCharacter_ReturnsMappedCharacter" fullname="Decoder.Tests.ChineseTelegraphCodeTests.TryGetCharacter_ReturnsMappedCharacter" classname="Decoder.Tests.ChineseTelegraphCodeTests" runstate="Runnable" testcasecount="5" result="Passed" start-time="2026-08-13 12:14:45Z" end-time="2026-08-13 12:14:45Z" duration="0.002358" total="5" passed="5" failed="0" inconclusive="0" skipped="0" asserts="0">
              <properties />
              <test-case id="1033" name="TryGetCharacter_ReturnsMappedCharacter(&quot;0001&quot;,'一')" fullname="Decoder.Tests.ChineseTelegraphCodeTests.TryGetCharacter_ReturnsMappedCharacter(&quot;0001&quot;,'一')" methodname="TryGetCharacter_ReturnsMappedCharacter" classname="Decoder.Tests.ChineseTelegraphCodeTests" runstate="Runnable" seed="1243058379" result="Passed" start-time="2026-08-13 12:14:45Z" end-time="2026-08-13 12:14:45Z" duration="0.000130" asserts="0">
                <properties>
                  <property name="retryIteration" value="0" />
                  <property name="repeatIteration" value="0" />
                </properties>
              </test-case>
              <test-case id="1034" name="TryGetCharacter_ReturnsMappedCharacter(&quot;0022&quot;,'中')" fullname="Decoder.Tests.ChineseTelegraphCodeTests.TryGetCharacter_ReturnsMappedCharacter(&quot;0022&quot;,'中')" methodname="TryGetCharacter_ReturnsMappedCharacter" classname="Decoder.Tests.ChineseTelegraphCodeTests" runstate="Runnable" seed="350035606" result="Passed" start-time="2026-08-13 12:14:45Z" end-time="2026-08-13 12:14:45Z" duration="0.000038" asserts="0">
                <properties>
                  <property name="retryIteration" value="0" />
                  <property name="repeatIteration" value="0" />
                </properties>
              </test-case>
              <test-case id="1035" name="TryGetCharacter_ReturnsMappedCharacter(&quot;2429&quot;,'文')" fullname="Decoder.Tests.ChineseTelegraphCodeTests.TryGetCharacter_ReturnsMappedCharacter(&quot;2429&quot;,'文')" methodname="TryGetCharacter_ReturnsMappedCharacter" classname="Decoder.Tests.ChineseTelegraphCodeTests" runstate="Runnable" seed="835380856" result="Passed" start-time="2026-08-13 12:14:45Z" end-time="2026-08-13 12:14:45Z" duration="0.000030" asserts="0">
                <properties>
                  <property name="retryIteration" value="0" />
                  <property name="repeatIteration" value="0" />
                </properties>
              </test-case>
              <test-case id="1036" name="TryGetCharacter_ReturnsMappedCharacter(&quot;7193&quot;,'电')" fullname="Decoder.Tests.ChineseTelegraphCodeTests.TryGetCharacter_ReturnsMappedCharacter(&quot;7193&quot;,'电')" methodname="TryGetCharacter_ReturnsMappedCharacter" classname="Decoder.Tests.ChineseTelegraphCodeTests" runstate="Runnable" seed="2093534436" result="Passed" start-time="2026-08-13 12:14:45Z" end-time="2026-08-13 12:14:45Z" duration="0.000026" asserts="0">
                <properties>
                  <property name="retryIteration" value="0" />
                  <property name="repeatIteration" value="0" />
                </properties>
              </test-case>
              <test-case id="1037" name="TryGetCharacter_ReturnsMappedCharacter(&quot;4316&quot;,'码')" fullname="Decoder.Tests.ChineseTelegraphCodeTests.TryGetCharacter_ReturnsMappedCharacter(&quot;4316&quot;,'码')" methodname="TryGetCharacter_ReturnsMappedCharacter" classname="Decoder.Tests.ChineseTelegraphCodeTests" runstate="Runnable" seed="1112035284" result="Passed" start-time="2026-08-13 12:14:45Z" end-time="2026-08-13 12:14:45Z" duration="0.001685" asserts="0">
                <properties>
                  <property name="retryIteration" value="0" />
                  <property name="repeatIteration" value="0" />
                </properties>
              </test-case>
            </test-suite>
            <test-case id="1039" name="TryGetCharacter_UnknownCodeFails" fullname="Decoder.Tests.ChineseTelegraphCodeTests.TryGetCharacter_UnknownCodeFails" methodname="TryGetCharacter_UnknownCodeFails" classname="Decoder.Tests.ChineseTelegraphCodeTests" runstate="Runnable" seed="1254660480" result="Passed" start-time="2026-08-13 12:14:45Z" end-time="2026-08-13 12:14:45Z" duration="0.000175" asserts="0">
              <properties>
                <property name="retryIteration" value="0" />
                <property name="repeatIteration" value="0" />
              </properties>
            </test-case>
            <test-case id="1040" name="TryGetCode_IsInverseOfTryGetCharacter" fullname="Decoder.Tests.ChineseTelegraphCodeTests.TryGetCode_IsInverseOfTryGetCharacter" methodname="TryGetCode_IsInverseOfTryGetCharacter" classname="Decoder.Tests.ChineseTelegraphCodeTests" runstate="Runnable" seed="1079165226" result="Passed" start-time="2026-08-13 12:14:45Z" end-time="2026-08-13 12:14:45Z" duration="0.000148" asserts="0">
              <properties>
                <property name="retryIteration" value="0" />
                <property name="repeatIteration" value="0" />
              </properties>
            </test-case>
          </test-suite>
          <test-suite type="TestFixture" id="1060" name="MorseCodeTests" fullname="Decoder.Tests.MorseCodeTests" classname="Decoder.Tests.MorseCodeTests" runstate="Runnable" testcasecount="28" result="Passed" start-time="2026-08-13 12:14:45Z" end-time="2026-08-13 12:14:45Z" duration="0.008127" total="28" passed="28" failed="0" inconclusive="0" skipped="0" asserts="0">
            <properties />
            <test-case id="1092" name="BuildTimeline_AllSegmentsHavePositiveDuration" fullname="Decoder.Tests.MorseCodeTests.BuildTimeline_AllSegmentsHavePositiveDuration" methodname="BuildTimeline_AllSegmentsHavePositiveDuration" classname="Decoder.Tests.MorseCodeTests" runstate="Runnable" seed="1270608404" result="Passed" start-time="2026-08-13 12:14:45Z" end-time="2026-08-13 12:14:45Z" duration="0.002962" asserts="0">
              <properties>
                <property name="retryIteration" value="0" />
                <property name="repeatIteration" value="0" />
              </properties>
            </test-case>
            <test-case id="1087" name="BuildTimeline_InterCharacterGapIsThreeUnits" fullname="Decoder.Tests.MorseCodeTests.BuildTimeline_InterCharacterGapIsThreeUnits" methodname="BuildTimeline_InterCharacterGapIsThreeUnits" classname="Decoder.Tests.MorseCodeTests" runstate="Runnable" seed="1257559786" result="Passed" start-time="2026-08-13 12:14:45Z" end-time="2026-08-13 12:14:45Z" duration="0.000186" asserts="0">
              <properties>
                <property name="retryIteration" value="0" />
                <property name="repeatIteration" value="0" />
              </properties>
            </test-case>
            <test-case id="1086" name="BuildTimeline_IntraCharacterGapIsOneUnit" fullname="Decoder.Tests.MorseCodeTests.BuildTimeline_IntraCharacterGapIsOneUnit" methodname="BuildTimeline_IntraCharacterGapIsOneUnit" classname="Decoder.Tests.MorseCodeTests" runstate="Runnable" seed="135573350" result="Passed" start-time="2026-08-13 12:14:45Z" end-time="2026-08-13 12:14:45Z" duration="0.000161" asserts="0">
              <properties>
                <property name="retryIteration" value="0" />
                <property name="repeatIteration" value="0" />
              </properties>
            </test-case>
            <test-case id="1089" name="BuildTimeline_NeverEndsWithSilence" fullname="Decoder.Tests.MorseCodeTests.BuildTimeline_NeverEndsWithSilence" methodname="BuildTimeline_NeverEndsWithSilence" classname="Decoder.Tests.MorseCodeTests" runstate="Runnable" seed="1314324739" result="Passed" start-time="2026-08-13 12:14:45Z" end-time="2026-08-13 12:14:45Z" duration="0.000426" asserts="0">
              <properties>
                <property name="retryIteration" value="0" />
                <property name="repeatIteration" value="0" />
              </properties>
            </test-case>
            <test-case id="1090" name="BuildTimeline_ParisAtTwentyWpmTakesThreeSeconds" fullname="Decoder.Tests.MorseCodeTests.BuildTimeline_ParisAtTwentyWpmTakesThreeSeconds" methodname="BuildTimeline_ParisAtTwentyWpmTakesThreeSeconds" classname="Decoder.Tests.MorseCodeTests" runstate="Runnable" seed="746348346" result="Passed" start-time="2026-08-13 12:14:45Z" end-time="2026-08-13 12:14:45Z" duration="0.000182" asserts="0">
              <properties>
                <property name="retryIteration" value="0" />
                <property name="repeatIteration" value="0" />
              </properties>
            </test-case>
            <test-case id="1085" name="BuildTimeline_SingleDahIsThreeUnitsOfCarrier" fullname="Decoder.Tests.MorseCodeTests.BuildTimeline_SingleDahIsThreeUnitsOfCarrier" methodname="BuildTimeline_SingleDahIsThreeUnitsOfCarrier" classname="Decoder.Tests.MorseCodeTests" runstate="Runnable" seed="1721978861" result="Passed" start-time="2026-08-13 12:14:45Z" end-time="2026-08-13 12:14:45Z" duration="0.000151" asserts="0">
              <properties>
                <property name="retryIteration" value="0" />
                <property name="repeatIteration" value="0" />
              </properties>
            </test-case>
            <test-case id="1084" name="BuildTimeline_SingleDitIsOneUnitOfCarrier" fullname="Decoder.Tests.MorseCodeTests.BuildTimeline_SingleDitIsOneUnitOfCarrier" methodname="BuildTimeline_SingleDitIsOneUnitOfCarrier" classname="Decoder.Tests.MorseCodeTests" runstate="Runnable" seed="1418619138" result="Passed" start-time="2026-08-13 12:14:45Z" end-time="2026-08-13 12:14:45Z" duration="0.000158" asserts="0">
              <properties>
                <property name="retryIteration" value="0" />
                <property name="repeatIteration" value="0" />
              </properties>
            </test-case>
            <test-case id="1091" name="BuildTimeline_TotalTimeScalesInverselyWithSpeed" fullname="Decoder.Tests.MorseCodeTests.BuildTimeline_TotalTimeScalesInverselyWithSpeed" methodname="BuildTimeline_TotalTimeScalesInverselyWithSpeed" classname="Decoder.Tests.MorseCodeTests" runstate="Runnable" seed="1762478852" result="Passed" start-time="2026-08-13 12:14:45Z" end-time="2026-08-13 12:14:45Z" duration="0.000086" asserts="0">
              <properties>
                <property name="retryIteration" value="0" />
                <property name="repeatIteration" value="0" />
              </properties>
            </test-case>
            <test-case id="1088" name="BuildTimeline_WordGapIsSevenUnits" fullname="Decoder.Tests.MorseCodeTests.BuildTimeline_WordGapIsSevenUnits" methodname="BuildTimeline_WordGapIsSevenUnits" classname="Decoder.Tests.MorseCodeTests" runstate="Runnable" seed="1148300127" result="Passed" start-time="2026-08-13 12:14:45Z" end-time="2026-08-13 12:14:45Z" duration="0.000121" asserts="0">
              <properties>
                <property name="retryIteration" value="0" />
                <property name="repeatIteration" value="0" />
              </properties>
            </test-case>
            <test-case id="1079" name="Decode_EmptyInputReturnsEmpty" fullname="Decoder.Tests.MorseCodeTests.Decode_EmptyInputReturnsEmpty" methodname="Decode_EmptyInputReturnsEmpty" classname="Decoder.Tests.MorseCodeTests" runstate="Runnable" seed="1792760" result="Passed" start-time="2026-08-13 12:14:45Z" end-time="2026-08-13 12:14:45Z" duration="0.000213" asserts="0">
              <properties>
                <property name="retryIteration" value="0" />
                <property name="repeatIteration" value="0" />
              </properties>
            </test-case>
            <test-suite type="ParameterizedMethod" id="1071" name="Decode_MatchesItuStandardPatterns" fullname="Decoder.Tests.MorseCodeTests.Decode_MatchesItuStandardPatterns" classname="Decoder.Tests.MorseCodeTests" runstate="Runnable" testcasecount="3" result="Passed" start-time="2026-08-13 12:14:45Z" end-time="2026-08-13 12:14:45Z" duration="0.000517" total="3" passed="3" failed="0" inconclusive="0" skipped="0" asserts="0">
              <properties />
              <test-case id="1068" name="Decode_MatchesItuStandardPatterns(&quot;... --- ...&quot;,&quot;SOS&quot;)" fullname="Decoder.Tests.MorseCodeTests.Decode_MatchesItuStandardPatterns(&quot;... --- ...&quot;,&quot;SOS&quot;)" methodname="Decode_MatchesItuStandardPatterns" classname="Decoder.Tests.MorseCodeTests" runstate="Runnable" seed="1310331706" result="Passed" start-time="2026-08-13 12:14:45Z" end-time="2026-08-13 12:14:45Z" duration="0.000167" asserts="0">
                <properties>
                  <property name="retryIteration" value="0" />
                  <property name="repeatIteration" value="0" />
                </properties>
              </test-case>
              <test-case id="1069" name="Decode_MatchesItuStandardPatterns(&quot;.... . .-.. .-.. --- / .-- --- .-. .-.. -..&quot;,&quot;HELLO WORLD&quot;)" fullname="Decoder.Tests.MorseCodeTests.Decode_MatchesItuStandardPatterns(&quot;.... . .-.. .-.. --- / .-- --- .-. .-.. -..&quot;,&quot;HELLO WORLD&quot;)" methodname="Decode_MatchesItuStandardPatterns" classname="Decoder.Tests.MorseCodeTests" runstate="Runnable" seed="1117759689" result="Passed" start-time="2026-08-13 12:14:45Z" end-time="2026-08-13 12:14:45Z" duration="0.000034" asserts="0">
                <properties>
                  <property name="retryIteration" value="0" />
                  <property name="repeatIteration" value="0" />
                </properties>
              </test-case>
              <test-case id="1070" name="Decode_MatchesItuStandardPatterns(&quot;----- ----- ..--- ..---&quot;,&quot;0022&quot;)" fullname="Decoder.Tests.MorseCodeTests.Decode_MatchesItuStandardPatterns(&quot;----- ----- ..--- ..---&quot;,&quot;0022&quot;)" methodname="Decode_MatchesItuStandardPatterns" classname="Decoder.Tests.MorseCodeTests" runstate="Runnable" seed="2002558873" result="Passed" start-time="2026-08-13 12:14:45Z" end-time="2026-08-13 12:14:45Z" duration="0.000025" asserts="0">
                <properties>
                  <property name="retryIteration" value="0" />
                  <property name="repeatIteration" value="0" />
                </properties>
              </test-case>
            </test-suite>
            <test-case id="1078" name="Decode_UnknownPatternBecomesQuestionMark" fullname="Decoder.Tests.MorseCodeTests.Decode_UnknownPatternBecomesQuestionMark" methodname="Decode_UnknownPatternBecomesQuestionMark" classname="Decoder.Tests.MorseCodeTests" runstate="Runnable" seed="1054829473" result="Passed" start-time="2026-08-13 12:14:45Z" end-time="2026-08-13 12:14:45Z" duration="0.000056" asserts="0">
              <properties>
                <property name="retryIteration" value="0" />
                <property name="repeatIteration" value="0" />
              </properties>
            </test-case>
            <test-suite type="ParameterizedMethod" id="1067" name="Encode_MatchesItuStandardPatterns" fullname="Decoder.Tests.MorseCodeTests.Encode_MatchesItuStandardPatterns" classname="Decoder.Tests.MorseCodeTests" runstate="Runnable" testcasecount="6" result="Passed" start-time="2026-08-13 12:14:45Z" end-time="2026-08-13 12:14:45Z" duration="0.000571" total="6" passed="6" failed="0" inconclusive="0" skipped="0" asserts="0">
              <properties />
              <test-case id="1061" name="Encode_MatchesItuStandardPatterns(&quot;SOS&quot;,&quot;... --- ...&quot;)" fullname="Decoder.Tests.MorseCodeTests.Encode_MatchesItuStandardPatterns(&quot;SOS&quot;,&quot;... --- ...&quot;)" methodname="Encode_MatchesItuStandardPatterns" classname="Decoder.Tests.MorseCodeTests" runstate="Runnable" seed="1660002936" result="Passed" start-time="2026-08-13 12:14:45Z" end-time="2026-08-13 12:14:45Z" duration="0.000077" asserts="0">
                <properties>
                  <property name="retryIteration" value="0" />
                  <property name="repeatIteration" value="0" />
                </properties>
              </test-case>
              <test-case id="1062" name="Encode_MatchesItuStandardPatterns(&quot;E&quot;,&quot;.&quot;)" fullname="Decoder.Tests.MorseCodeTests.Encode_MatchesItuStandardPatterns(&quot;E&quot;,&quot;.&quot;)" methodname="Encode_MatchesItuStandardPatterns" classname="Decoder.Tests.MorseCodeTests" runstate="Runnable" seed="1929523622" result="Passed" start-time="2026-08-13 12:14:45Z" end-time="2026-08-13 12:14:45Z" duration="0.000030" asserts="0">
                <properties>
                  <property name="retryIteration" value="0" />
                  <property name="repeatIteration" value="0" />
                </properties>
              </test-case>
              <test-case id="1063" name="Encode_MatchesItuStandardPatterns(&quot;T&quot;,&quot;-&quot;)" fullname="Decoder.Tests.MorseCodeTests.Encode_MatchesItuStandardPatterns(&quot;T&quot;,&quot;-&quot;)" methodname="Encode_MatchesItuStandardPatterns" classname="Decoder.Tests.MorseCodeTests" runstate="Runnable" seed="520685687" result="Passed" start-time="2026-08-13 12:14:45Z" end-time="2026-08-13 12:14:45Z" duration="0.000025" asserts="0">
                <properties>
                  <property name="retryIteration" value="0" />
                  <property name="repeatIteration" value="0" />
                </properties>
              </test-case>
              <test-case id="1064" name="Encode_MatchesItuStandardPatterns(&quot;PARIS&quot;,&quot;.--. .- .-. .. ...&quot;)" fullname="Decoder.Tests.MorseCodeTests.Encode_MatchesItuStandardPatterns(&quot;PARIS&quot;,&quot;.--. .- .-. .. ...&quot;)" methodname="Encode_MatchesItuStandardPatterns" classname="Decoder.Tests.MorseCodeTests" runstate="Runnable" seed="62697898" result="Passed" start-time="2026-08-13 12:14:45Z" end-time="2026-08-13 12:14:45Z" duration="0.000027" asserts="0">
                <properties>
                  <property name="retryIteration" value="0" />
                  <property name="repeatIteration" value="0" />
                </properties>
              </test-case>
              <test-case id="1065" name="Encode_MatchesItuStandardPatterns(&quot;0022&quot;,&quot;----- ----- ..--- ..---&quot;)" fullname="Decoder.Tests.MorseCodeTests.Encode_MatchesItuStandardPatterns(&quot;0022&quot;,&quot;----- ----- ..--- ..---&quot;)" methodname="Encode_MatchesItuStandardPatterns" classname="Decoder.Tests.MorseCodeTests" runstate="Runnable" seed="148976753" result="Passed" start-time="2026-08-13 12:14:45Z" end-time="2026-08-13 12:14:45Z" duration="0.000025" asserts="0">
                <properties>
                  <property name="retryIteration" value="0" />
                  <property name="repeatIteration" value="0" />
                </properties>
              </test-case>
              <test-case id="1066" name="Encode_MatchesItuStandardPatterns(&quot;HELLO WORLD&quot;,&quot;.... . .-.. .-.. --- / .-- --- .-. .-.. -..&quot;)" fullname="Decoder.Tests.MorseCodeTests.Encode_MatchesItuStandardPatterns(&quot;HELLO WORLD&quot;,&quot;.... . .-.. .-.. --- / .-- --- .-. .-.. -..&quot;)" methodname="Encode_MatchesItuStandardPatterns" classname="Decoder.Tests.MorseCodeTests" runstate="Runnable" seed="369694120" result="Passed" start-time="2026-08-13 12:14:45Z" end-time="2026-08-13 12:14:45Z" duration="0.000024" asserts="0">
                <properties>
                  <property name="retryIteration" value="0" />
                  <property name="repeatIteration" value="0" />
                </properties>
              </test-case>
            </test-suite>
            <test-case id="1077" name="Encode_SkipsUnsupportedCharacters" fullname="Decoder.Tests.MorseCodeTests.Encode_SkipsUnsupportedCharacters" methodname="Encode_SkipsUnsupportedCharacters" classname="Decoder.Tests.MorseCodeTests" runstate="Runnable" seed="353791005" result="Passed" start-time="2026-08-13 12:14:45Z" end-time="2026-08-13 12:14:45Z" duration="0.000059" asserts="0">
              <properties>
                <property name="retryIteration" value="0" />
                <property name="repeatIteration" value="0" />
              </properties>
            </test-case>
            <test-suite type="ParameterizedMethod" id="1076" name="EncodeThenDecode_RoundTripsExactly" fullname="Decoder.Tests.MorseCodeTests.EncodeThenDecode_RoundTripsExactly" classname="Decoder.Tests.MorseCodeTests" runstate="Runnable" testcasecount="4" result="Passed" start-time="2026-08-13 12:14:45Z" end-time="2026-08-13 12:14:45Z" duration="0.000462" total="4" passed="4" failed="0" inconclusive="0" skipped="0" asserts="0">
              <properties />
              <test-case id="1072" name="EncodeThenDecode_RoundTripsExactly(&quot;THE QUICK BROWN FOX JUMPS OVER THE LAZY DOG&quot;)" fullname="Decoder.Tests.MorseCodeTests.EncodeThenDecode_RoundTripsExactly(&quot;THE QUICK BROWN FOX JUMPS OVER THE LAZY DOG&quot;)" methodname="EncodeThenDecode_RoundTripsExactly" classname="Decoder.Tests.MorseCodeTests" runstate="Runnable" seed="1348749993" result="Passed" start-time="2026-08-13 12:14:45Z" end-time="2026-08-13 12:14:45Z" duration="0.000105" asserts="0">
                <properties>
                  <property name="retryIteration" value="0" />
                  <property name="repeatIteration" value="0" />
                </properties>
              </test-case>
              <test-case id="1073" name="EncodeThenDecode_RoundTripsExactly(&quot;0123456789&quot;)" fullname="Decoder.Tests.MorseCodeTests.EncodeThenDecode_RoundTripsExactly(&quot;0123456789&quot;)" methodname="EncodeThenDecode_RoundTripsExactly" classname="Decoder.Tests.MorseCodeTests" runstate="Runnable" seed="1150335808" result="Passed" start-time="2026-08-13 12:14:45Z" end-time="2026-08-13 12:14:45Z" duration="0.000032" asserts="0">
                <properties>
                  <property name="retryIteration" value="0" />
                  <property name="repeatIteration" value="0" />
                </properties>
              </test-case>
              <test-case id="1074" name="EncodeThenDecode_RoundTripsExactly(&quot;CQ CQ DE R7X K&quot;)" fullname="Decoder.Tests.MorseCodeTests.EncodeThenDecode_RoundTripsExactly(&quot;CQ CQ DE R7X K&quot;)" methodname="EncodeThenDecode_RoundTripsExactly" classname="Decoder.Tests.MorseCodeTests" runstate="Runnable" seed="478301072" result="Passed" start-time="2026-08-13 12:14:45Z" end-time="2026-08-13 12:14:45Z" duration="0.000027" asserts="0">
                <properties>
                  <property name="retryIteration" value="0" />
                  <property name="repeatIteration" value="0" />
                </properties>
              </test-case>
              <test-case id="1075" name="EncodeThenDecode_RoundTripsExactly(&quot;0022 2429 7193 4316&quot;)" fullname="Decoder.Tests.MorseCodeTests.EncodeThenDecode_RoundTripsExactly(&quot;0022 2429 7193 4316&quot;)" methodname="EncodeThenDecode_RoundTripsExactly" classname="Decoder.Tests.MorseCodeTests" runstate="Runnable" seed="1685769936" result="Passed" start-time="2026-08-13 12:14:45Z" end-time="2026-08-13 12:14:45Z" duration="0.000026" asserts="0">
                <properties>
                  <property name="retryIteration" value="0" />
                  <property name="repeatIteration" value="0" />
                </properties>
              </test-case>
            </test-suite>
            <test-suite type="ParameterizedMethod" id="1083" name="UnitSeconds_FollowsParisFormula" fullname="Decoder.Tests.MorseCodeTests.UnitSeconds_FollowsParisFormula" classname="Decoder.Tests.MorseCodeTests" runstate="Runnable" testcasecount="3" result="Passed" start-time="2026-08-13 12:14:45Z" end-time="2026-08-13 12:14:45Z" duration="0.000430" total="3" passed="3" failed="0" inconclusive="0" skipped="0" asserts="0">
              <properties />
              <test-case id="1080" name="UnitSeconds_FollowsParisFormula(20.0f,0.06f)" fullname="Decoder.Tests.MorseCodeTests.UnitSeconds_FollowsParisFormula(20.0f,0.06f)" methodname="UnitSeconds_FollowsParisFormula" classname="Decoder.Tests.MorseCodeTests" runstate="Runnable" seed="1627116746" result="Passed" start-time="2026-08-13 12:14:45Z" end-time="2026-08-13 12:14:45Z" duration="0.000150" asserts="0">
                <properties>
                  <property name="retryIteration" value="0" />
                  <property name="repeatIteration" value="0" />
                </properties>
              </test-case>
              <test-case id="1081" name="UnitSeconds_FollowsParisFormula(12.0f,0.1f)" fullname="Decoder.Tests.MorseCodeTests.UnitSeconds_FollowsParisFormula(12.0f,0.1f)" methodname="UnitSeconds_FollowsParisFormula" classname="Decoder.Tests.MorseCodeTests" runstate="Runnable" seed="2065838011" result="Passed" start-time="2026-08-13 12:14:45Z" end-time="2026-08-13 12:14:45Z" duration="0.000027" asserts="0">
                <properties>
                  <property name="retryIteration" value="0" />
                  <property name="repeatIteration" value="0" />
                </properties>
              </test-case>
              <test-case id="1082" name="UnitSeconds_FollowsParisFormula(5.0f,0.24f)" fullname="Decoder.Tests.MorseCodeTests.UnitSeconds_FollowsParisFormula(5.0f,0.24f)" methodname="UnitSeconds_FollowsParisFormula" classname="Decoder.Tests.MorseCodeTests" runstate="Runnable" seed="144062368" result="Passed" start-time="2026-08-13 12:14:45Z" end-time="2026-08-13 12:14:45Z" duration="0.000020" asserts="0">
                <properties>
                  <property name="retryIteration" value="0" />
                  <property name="repeatIteration" value="0" />
                </properties>
              </test-case>
            </test-suite>
          </test-suite>
          <test-suite type="TestFixture" id="1093" name="MorseReceiverTests" fullname="Decoder.Tests.MorseReceiverTests" classname="Decoder.Tests.MorseReceiverTests" runstate="Runnable" testcasecount="21" result="Passed" start-time="2026-08-13 12:14:45Z" end-time="2026-08-13 12:14:45Z" duration="0.005354" total="21" passed="21" failed="0" inconclusive="0" skipped="0" asserts="0">
            <properties />
            <test-case id="1109" name="Advance_DistinguishesDitFromDah" fullname="Decoder.Tests.MorseReceiverTests.Advance_DistinguishesDitFromDah" methodname="Advance_DistinguishesDitFromDah" classname="Decoder.Tests.MorseReceiverTests" runstate="Runnable" seed="1176622839" result="Passed" start-time="2026-08-13 12:14:45Z" end-time="2026-08-13 12:14:45Z" duration="0.000580" asserts="0">
              <properties>
                <property name="retryIteration" value="0" />
                <property name="repeatIteration" value="0" />
              </properties>
            </test-case>
            <test-case id="1106" name="Advance_DoesNotEmitTrailingSpace" fullname="Decoder.Tests.MorseReceiverTests.Advance_DoesNotEmitTrailingSpace" methodname="Advance_DoesNotEmitTrailingSpace" classname="Decoder.Tests.MorseReceiverTests" runstate="Runnable" seed="1682343137" result="Passed" start-time="2026-08-13 12:14:45Z" end-time="2026-08-13 12:14:45Z" duration="0.000121" asserts="0">
              <properties>
                <property name="retryIteration" value="0" />
                <property name="repeatIteration" value="0" />
              </properties>
            </test-case>
            <test-case id="1104" name="Advance_IsRobustToCoarseSampling" fullname="Decoder.Tests.MorseReceiverTests.Advance_IsRobustToCoarseSampling" methodname="Advance_IsRobustToCoarseSampling" classname="Decoder.Tests.MorseReceiverTests" runstate="Runnable" seed="793402723" result="Passed" start-time="2026-08-13 12:14:45Z" end-time="2026-08-13 12:14:45Z" duration="0.000067" asserts="0">
              <properties>
                <property name="retryIteration" value="0" />
                <property name="repeatIteration" value="0" />
              </properties>
            </test-case>
            <test-case id="1115" name="Advance_MatchesWhatTheSynthesizerActuallyKeys" fullname="Decoder.Tests.MorseReceiverTests.Advance_MatchesWhatTheSynthesizerActuallyKeys" methodname="Advance_MatchesWhatTheSynthesizerActuallyKeys" classname="Decoder.Tests.MorseReceiverTests" runstate="Runnable" seed="2025040618" result="Passed" start-time="2026-08-13 12:14:45Z" end-time="2026-08-13 12:14:45Z" duration="0.000531" asserts="0">
              <properties>
                <property name="retryIteration" value="0" />
                <property name="repeatIteration" value="0" />
              </properties>
            </test-case>
            <test-case id="1103" name="Advance_RecoversTextAtHighSpeed" fullname="Decoder.Tests.MorseReceiverTests.Advance_RecoversTextAtHighSpeed" methodname="Advance_RecoversTextAtHighSpeed" classname="Decoder.Tests.MorseReceiverTests" runstate="Runnable" seed="1610065415" result="Passed" start-time="2026-08-13 12:14:45Z" end-time="2026-08-13 12:14:45Z" duration="0.000102" asserts="0">
              <properties>
                <property name="retryIteration" value="0" />
                <property name="repeatIteration" value="0" />
              </properties>
            </test-case>
            <test-case id="1102" name="Advance_RecoversTextAtVeryLowSpeed" fullname="Decoder.Tests.MorseReceiverTests.Advance_RecoversTextAtVeryLowSpeed" methodname="Advance_RecoversTextAtVeryLowSpeed" classname="Decoder.Tests.MorseReceiverTests" runstate="Runnable" seed="586268407" result="Passed" start-time="2026-08-13 12:14:45Z" end-time="2026-08-13 12:14:45Z" duration="0.000089" asserts="0">
              <properties>
                <property name="retryIteration" value="0" />
                <property name="repeatIteration" value="0" />
              </properties>
            </test-case>
            <test-suite type="ParameterizedMethod" id="1101" name="Advance_RecoversTransmittedText" fullname="Decoder.Tests.MorseReceiverTests.Advance_RecoversTransmittedText" classname="Decoder.Tests.MorseReceiverTests" runstate="Runnable" testcasecount="7" result="Passed" start-time="2026-08-13 12:14:45Z" end-time="2026-08-13 12:14:45Z" duration="0.001008" total="7" passed="7" failed="0" inconclusive="0" skipped="0" asserts="0">
              <properties />
              <test-case id="1094" name="Advance_RecoversTransmittedText(&quot;SOS&quot;,12.0f)" fullname="Decoder.Tests.MorseReceiverTests.Advance_RecoversTransmittedText(&quot;SOS&quot;,12.0f)" methodname="Advance_RecoversTransmittedText" classname="Decoder.Tests.MorseReceiverTests" runstate="Runnable" seed="607053787" result="Passed" start-time="2026-08-13 12:14:45Z" end-time="2026-08-13 12:14:45Z" duration="0.000181" asserts="0">
                <properties>
                  <property name="retryIteration" value="0" />
                  <property name="repeatIteration" value="0" />
                </properties>
              </test-case>
              <test-case id="1095" name="Advance_RecoversTransmittedText(&quot;CQ&quot;,12.0f)" fullname="Decoder.Tests.MorseReceiverTests.Advance_RecoversTransmittedText(&quot;CQ&quot;,12.0f)" methodname="Advance_RecoversTransmittedText" classname="Decoder.Tests.MorseReceiverTests" runstate="Runnable" seed="196827988" result="Passed" start-time="2026-08-13 12:14:45Z" end-time="2026-08-13 12:14:45Z" duration="0.000046" asserts="0">
                <properties>
                  <property name="retryIteration" value="0" />
                  <property name="repeatIteration" value="0" />
                </properties>
              </test-case>
              <test-case id="1096" name="Advance_RecoversTransmittedText(&quot;PARIS&quot;,15.0f)" fullname="Decoder.Tests.MorseReceiverTests.Advance_RecoversTransmittedText(&quot;PARIS&quot;,15.0f)" methodname="Advance_RecoversTransmittedText" classname="Decoder.Tests.MorseReceiverTests" runstate="Runnable" seed="925510279" result="Passed" start-time="2026-08-13 12:14:45Z" end-time="2026-08-13 12:14:45Z" duration="0.000046" asserts="0">
                <properties>
                  <property name="retryIteration" value="0" />
                  <property name="repeatIteration" value="0" />
                </properties>
              </test-case>
              <test-case id="1097" name="Advance_RecoversTransmittedText(&quot;R7X&quot;,14.0f)" fullname="Decoder.Tests.MorseReceiverTests.Advance_RecoversTransmittedText(&quot;R7X&quot;,14.0f)" methodname="Advance_RecoversTransmittedText" classname="Decoder.Tests.MorseReceiverTests" runstate="Runnable" seed="170138276" result="Passed" start-time="2026-08-13 12:14:45Z" end-time="2026-08-13 12:14:45Z" duration="0.000039" asserts="0">
                <properties>
                  <property name="retryIteration" value="0" />
                  <property name="repeatIteration" value="0" />
                </properties>
              </test-case>
              <test-case id="1098" name="Advance_RecoversTransmittedText(&quot;0554&quot;,9.0f)" fullname="Decoder.Tests.MorseReceiverTests.Advance_RecoversTransmittedText(&quot;0554&quot;,9.0f)" methodname="Advance_RecoversTransmittedText" classname="Decoder.Tests.MorseReceiverTests" runstate="Runnable" seed="1016411364" result="Passed" start-time="2026-08-13 12:14:45Z" end-time="2026-08-13 12:14:45Z" duration="0.000047" asserts="0">
                <properties>
                  <property name="retryIteration" value="0" />
                  <property name="repeatIteration" value="0" />
                </properties>
              </test-case>
              <test-case id="1099" name="Advance_RecoversTransmittedText(&quot;05540079&quot;,9.0f)" fullname="Decoder.Tests.MorseReceiverTests.Advance_RecoversTransmittedText(&quot;05540079&quot;,9.0f)" methodname="Advance_RecoversTransmittedText" classname="Decoder.Tests.MorseReceiverTests" runstate="Runnable" seed="851424694" result="Passed" start-time="2026-08-13 12:14:45Z" end-time="2026-08-13 12:14:45Z" duration="0.000073" asserts="0">
                <properties>
                  <property name="retryIteration" value="0" />
                  <property name="repeatIteration" value="0" />
                </properties>
              </test-case>
              <test-case id="1100" name="Advance_RecoversTransmittedText(&quot;THE QUICK BROWN FOX&quot;,18.0f)" fullname="Decoder.Tests.MorseReceiverTests.Advance_RecoversTransmittedText(&quot;THE QUICK BROWN FOX&quot;,18.0f)" methodname="Advance_RecoversTransmittedText" classname="Decoder.Tests.MorseReceiverTests" runstate="Runnable" seed="425575936" result="Passed" start-time="2026-08-13 12:14:45Z" end-time="2026-08-13 12:14:45Z" duration="0.000073" asserts="0">
                <properties>
                  <property name="retryIteration" value="0" />
                  <property name="repeatIteration" value="0" />
                </properties>
              </test-case>
            </test-suite>
            <test-case id="1111" name="Advance_RestartsWhenTimeGoesBackwards" fullname="Decoder.Tests.MorseReceiverTests.Advance_RestartsWhenTimeGoesBackwards" methodname="Advance_RestartsWhenTimeGoesBackwards" classname="Decoder.Tests.MorseReceiverTests" runstate="Runnable" seed="693957805" result="Passed" start-time="2026-08-13 12:14:45Z" end-time="2026-08-13 12:14:45Z" duration="0.000142" asserts="0">
              <properties>
                <property name="retryIteration" value="0" />
                <property name="repeatIteration" value="0" />
              </properties>
            </test-case>
            <test-case id="1105" name="Advance_SeparatesWordsWithSingleSpace" fullname="Decoder.Tests.MorseReceiverTests.Advance_SeparatesWordsWithSingleSpace" methodname="Advance_SeparatesWordsWithSingleSpace" classname="Decoder.Tests.MorseReceiverTests" runstate="Runnable" seed="769627904" result="Passed" start-time="2026-08-13 12:14:45Z" end-time="2026-08-13 12:14:45Z" duration="0.000149" asserts="0">
              <properties>
                <property name="retryIteration" value="0" />
                <property name="repeatIteration" value="0" />
              </properties>
            </test-case>
            <test-case id="1113" name="Format_RespectsAssistLevel" fullname="Decoder.Tests.MorseReceiverTests.Format_RespectsAssistLevel" methodname="Format_RespectsAssistLevel" classname="Decoder.Tests.MorseReceiverTests" runstate="Runnable" seed="2049397583" result="Passed" start-time="2026-08-13 12:14:45Z" end-time="2026-08-13 12:14:45Z" duration="0.000624" asserts="0">
              <properties>
                <property name="retryIteration" value="0" />
                <property name="repeatIteration" value="0" />
              </properties>
            </test-case>
            <test-case id="1114" name="Format_SymbolsShowWordSeparator" fullname="Decoder.Tests.MorseReceiverTests.Format_SymbolsShowWordSeparator" methodname="Format_SymbolsShowWordSeparator" classname="Decoder.Tests.MorseReceiverTests" runstate="Runnable" seed="42122487" result="Passed" start-time="2026-08-13 12:14:45Z" end-time="2026-08-13 12:14:45Z" duration="0.000098" asserts="0">
              <properties>
                <property name="retryIteration" value="0" />
                <property name="repeatIteration" value="0" />
              </properties>
            </test-case>
            <test-case id="1108" name="PendingSymbols_ClearsOnceCharacterCompletes" fullname="Decoder.Tests.MorseReceiverTests.PendingSymbols_ClearsOnceCharacterCompletes" methodname="PendingSymbols_ClearsOnceCharacterCompletes" classname="Decoder.Tests.MorseReceiverTests" runstate="Runnable" seed="857413607" result="Passed" start-time="2026-08-13 12:14:45Z" end-time="2026-08-13 12:14:45Z" duration="0.000105" asserts="0">
              <properties>
                <property name="retryIteration" value="0" />
                <property name="repeatIteration" value="0" />
              </properties>
            </test-case>
            <test-case id="1107" name="PendingSymbols_ShowsPartialCharacterWhileReceiving" fullname="Decoder.Tests.MorseReceiverTests.PendingSymbols_ShowsPartialCharacterWhileReceiving" methodname="PendingSymbols_ShowsPartialCharacterWhileReceiving" classname="Decoder.Tests.MorseReceiverTests" runstate="Runnable" seed="1486185647" result="Passed" start-time="2026-08-13 12:14:45Z" end-time="2026-08-13 12:14:45Z" duration="0.000114" asserts="0">
              <properties>
                <property name="retryIteration" value="0" />
                <property name="repeatIteration" value="0" />
              </properties>
            </test-case>
            <test-case id="1110" name="Reset_ClearsEverything" fullname="Decoder.Tests.MorseReceiverTests.Reset_ClearsEverything" methodname="Reset_ClearsEverything" classname="Decoder.Tests.MorseReceiverTests" runstate="Runnable" seed="1081848326" result="Passed" start-time="2026-08-13 12:14:45Z" end-time="2026-08-13 12:14:45Z" duration="0.000161" asserts="0">
              <properties>
                <property name="retryIteration" value="0" />
                <property name="repeatIteration" value="0" />
              </properties>
            </test-case>
            <test-case id="1112" name="SetSpeed_ChangesUnitDuration" fullname="Decoder.Tests.MorseReceiverTests.SetSpeed_ChangesUnitDuration" methodname="SetSpeed_ChangesUnitDuration" classname="Decoder.Tests.MorseReceiverTests" runstate="Runnable" seed="1475202646" result="Passed" start-time="2026-08-13 12:14:45Z" end-time="2026-08-13 12:14:45Z" duration="0.000087" asserts="0">
              <properties>
                <property name="retryIteration" value="0" />
                <property name="repeatIteration" value="0" />
              </properties>
            </test-case>
          </test-suite>
          <test-suite type="TestFixture" id="1116" name="OneTimePadTests" fullname="Decoder.Tests.OneTimePadTests" classname="Decoder.Tests.OneTimePadTests" runstate="Runnable" testcasecount="31" result="Passed" start-time="2026-08-13 12:14:45Z" end-time="2026-08-13 12:14:45Z" duration="0.009420" total="31" passed="31" failed="0" inconclusive="0" skipped="0" asserts="0">
            <properties />
            <test-case id="1147" name="BuildTransmission_HeaderIsPaddedToFixedWidth" fullname="Decoder.Tests.OneTimePadTests.BuildTransmission_HeaderIsPaddedToFixedWidth" methodname="BuildTransmission_HeaderIsPaddedToFixedWidth" classname="Decoder.Tests.OneTimePadTests" runstate="Runnable" seed="1129693579" result="Passed" start-time="2026-08-13 12:14:45Z" end-time="2026-08-13 12:14:45Z" duration="0.000511" asserts="0">
              <properties>
                <property name="retryIteration" value="0" />
                <property name="repeatIteration" value="0" />
              </properties>
            </test-case>
            <test-case id="1148" name="BuildTransmission_RejectsPageBeyondIndicatorRange" fullname="Decoder.Tests.OneTimePadTests.BuildTransmission_RejectsPageBeyondIndicatorRange" methodname="BuildTransmission_RejectsPageBeyondIndicatorRange" classname="Decoder.Tests.OneTimePadTests" runstate="Runnable" seed="1206848414" result="Passed" start-time="2026-08-13 12:14:45Z" end-time="2026-08-13 12:14:45Z" duration="0.000707" asserts="0">
              <properties>
                <property name="retryIteration" value="0" />
                <property name="repeatIteration" value="0" />
              </properties>
            </test-case>
            <test-case id="1146" name="BuildTransmission_ThenSolve_RecoversPlainText" fullname="Decoder.Tests.OneTimePadTests.BuildTransmission_ThenSolve_RecoversPlainText" methodname="BuildTransmission_ThenSolve_RecoversPlainText" classname="Decoder.Tests.OneTimePadTests" runstate="Runnable" seed="120357238" result="Passed" start-time="2026-08-13 12:14:45Z" end-time="2026-08-13 12:14:45Z" duration="0.000214" asserts="0">
              <properties>
                <property name="retryIteration" value="0" />
                <property name="repeatIteration" value="0" />
              </properties>
            </test-case>
            <test-case id="1134" name="Combine_PreservesSeparatorsWithoutConsumingKey" fullname="Decoder.Tests.OneTimePadTests.Combine_PreservesSeparatorsWithoutConsumingKey" methodname="Combine_PreservesSeparatorsWithoutConsumingKey" classname="Decoder.Tests.OneTimePadTests" runstate="Runnable" seed="1986679092" result="Passed" start-time="2026-08-13 12:14:45Z" end-time="2026-08-13 12:14:45Z" duration="0.000123" asserts="0">
              <properties>
                <property name="retryIteration" value="0" />
                <property name="repeatIteration" value="0" />
              </properties>
            </test-case>
            <test-suite type="ParameterizedMethod" id="1128" name="Decrypt_IsDigitwiseModuloTenSubtraction" fullname="Decoder.Tests.OneTimePadTests.Decrypt_IsDigitwiseModuloTenSubtraction" classname="Decoder.Tests.OneTimePadTests" runstate="Runnable" testcasecount="4" result="Passed" start-time="2026-08-13 12:14:45Z" end-time="2026-08-13 12:14:45Z" duration="0.000643" total="4" passed="4" failed="0" inconclusive="0" skipped="0" asserts="0">
              <properties />
              <test-case id="1124" name="Decrypt_IsDigitwiseModuloTenSubtraction(&quot;0000&quot;,&quot;0000&quot;,&quot;0000&quot;)" fullname="Decoder.Tests.OneTimePadTests.Decrypt_IsDigitwiseModuloTenSubtraction(&quot;0000&quot;,&quot;0000&quot;,&quot;0000&quot;)" methodname="Decrypt_IsDigitwiseModuloTenSubtraction" classname="Decoder.Tests.OneTimePadTests" runstate="Runnable" seed="278993812" result="Passed" start-time="2026-08-13 12:14:45Z" end-time="2026-08-13 12:14:45Z" duration="0.000166" asserts="0">
                <properties>
                  <property name="retryIteration" value="0" />
                  <property name="repeatIteration" value="0" />
                </properties>
              </test-case>
              <test-case id="1125" name="Decrypt_IsDigitwiseModuloTenSubtraction(&quot;2345&quot;,&quot;1111&quot;,&quot;1234&quot;)" fullname="Decoder.Tests.OneTimePadTests.Decrypt_IsDigitwiseModuloTenSubtraction(&quot;2345&quot;,&quot;1111&quot;,&quot;1234&quot;)" methodname="Decrypt_IsDigitwiseModuloTenSubtraction" classname="Decoder.Tests.OneTimePadTests" runstate="Runnable" seed="844229109" result="Passed" start-time="2026-08-13 12:14:45Z" end-time="2026-08-13 12:14:45Z" duration="0.000044" asserts="0">
                <properties>
                  <property name="retryIteration" value="0" />
                  <property name="repeatIteration" value="0" />
                </properties>
              </test-case>
              <test-case id="1126" name="Decrypt_IsDigitwiseModuloTenSubtraction(&quot;0000&quot;,&quot;1111&quot;,&quot;9999&quot;)" fullname="Decoder.Tests.OneTimePadTests.Decrypt_IsDigitwiseModuloTenSubtraction(&quot;0000&quot;,&quot;1111&quot;,&quot;9999&quot;)" methodname="Decrypt_IsDigitwiseModuloTenSubtraction" classname="Decoder.Tests.OneTimePadTests" runstate="Runnable" seed="1000375015" result="Passed" start-time="2026-08-13 12:14:45Z" end-time="2026-08-13 12:14:45Z" duration="0.000027" asserts="0">
                <properties>
                  <property name="retryIteration" value="0" />
                  <property name="repeatIteration" value="0" />
                </properties>
              </test-case>
[...]
              </properties>
            </test-case>
            <test-case id="1236" name="Envelope_IsZeroWhenNothingIsTuned" fullname="Decoder.Tests.SignalClockTests.Envelope_IsZeroWhenNothingIsTuned" methodname="Envelope_IsZeroWhenNothingIsTuned" classname="Decoder.Tests.SignalClockTests" runstate="Runnable" seed="648489031" result="Passed" start-time="2026-08-13 12:14:45Z" end-time="2026-08-13 12:14:45Z" duration="0.000182" asserts="0">
              <properties>
                <property name="retryIteration" value="0" />
                <property name="repeatIteration" value="0" />
              </properties>
            </test-case>
            <test-case id="1238" name="Envelope_ScalesWithReceivedSignalLevel" fullname="Decoder.Tests.SignalClockTests.Envelope_ScalesWithReceivedSignalLevel" methodname="Envelope_ScalesWithReceivedSignalLevel" classname="Decoder.Tests.SignalClockTests" runstate="Runnable" seed="487769538" result="Passed" start-time="2026-08-13 12:14:45Z" end-time="2026-08-13 12:14:45Z" duration="0.000143" asserts="0">
              <properties>
                <property name="retryIteration" value="0" />
                <property name="repeatIteration" value="0" />
              </properties>
            </test-case>
          </test-suite>
          <test-suite type="TestFixture" id="1240" name="SignalSynthesizerTests" fullname="Decoder.Tests.SignalSynthesizerTests" classname="Decoder.Tests.SignalSynthesizerTests" runstate="Runnable" testcasecount="29" result="Passed" start-time="2026-08-13 12:14:45Z" end-time="2026-08-13 12:14:45Z" duration="0.064645" total="29" passed="29" failed="0" inconclusive="0" skipped="0" asserts="0">
            <properties />
            <test-case id="1244" name="BandpassResponse_DecreasesMonotonicallyWithDetune" fullname="Decoder.Tests.SignalSynthesizerTests.BandpassResponse_DecreasesMonotonicallyWithDetune" methodname="BandpassResponse_DecreasesMonotonicallyWithDetune" classname="Decoder.Tests.SignalSynthesizerTests" runstate="Runnable" seed="1463285409" result="Passed" start-time="2026-08-13 12:14:45Z" end-time="2026-08-13 12:14:45Z" duration="0.000504" asserts="0">
              <properties>
                <property name="retryIteration" value="0" />
                <property name="repeatIteration" value="0" />
              </properties>
            </test-case>
            <test-case id="1242" name="BandpassResponse_FallsToZeroAtBandEdge" fullname="Decoder.Tests.SignalSynthesizerTests.BandpassResponse_FallsToZeroAtBandEdge" methodname="BandpassResponse_FallsToZeroAtBandEdge" classname="Decoder.Tests.SignalSynthesizerTests" runstate="Runnable" seed="49403208" result="Passed" start-time="2026-08-13 12:14:45Z" end-time="2026-08-13 12:14:45Z" duration="0.000122" asserts="0">
              <properties>
                <property name="retryIteration" value="0" />
                <property name="repeatIteration" value="0" />
              </properties>
            </test-case>
            <test-case id="1243" name="BandpassResponse_IsSymmetric" fullname="Decoder.Tests.SignalSynthesizerTests.BandpassResponse_IsSymmetric" methodname="BandpassResponse_IsSymmetric" classname="Decoder.Tests.SignalSynthesizerTests" runstate="Runnable" seed="1447480636" result="Passed" start-time="2026-08-13 12:14:45Z" end-time="2026-08-13 12:14:45Z" duration="0.000061" asserts="0">
              <properties>
                <property name="retryIteration" value="0" />
                <property name="repeatIteration" value="0" />
              </properties>
            </test-case>
            <test-case id="1241" name="BandpassResponse_PeaksAtZeroDetune" fullname="Decoder.Tests.SignalSynthesizerTests.BandpassResponse_PeaksAtZeroDetune" methodname="BandpassResponse_PeaksAtZeroDetune" classname="Decoder.Tests.SignalSynthesizerTests" runstate="Runnable" seed="1416781135" result="Passed" start-time="2026-08-13 12:14:45Z" end-time="2026-08-13 12:14:45Z" duration="0.000049" asserts="0">
              <properties>
                <property name="retryIteration" value="0" />
                <property name="repeatIteration" value="0" />
              </properties>
            </test-case>
            <test-case id="1263" name="EvaluateReception_AgreesWithWhatRenderingProduces" fullname="Decoder.Tests.SignalSynthesizerTests.EvaluateReception_AgreesWithWhatRenderingProduces" methodname="EvaluateReception_AgreesWithWhatRenderingProduces" classname="Decoder.Tests.SignalSynthesizerTests" runstate="Runnable" seed="1357645228" result="Passed" start-time="2026-08-13 12:14:45Z" end-time="2026-08-13 12:14:45Z" duration="0.000510" asserts="0">
              <properties>
                <property name="retryIteration" value="0" />
                <property name="repeatIteration" value="0" />
              </properties>
            </test-case>
            <test-case id="1261" name="EvaluateReception_ClearsStateWhenNothingIsInBand" fullname="Decoder.Tests.SignalSynthesizerTests.EvaluateReception_ClearsStateWhenNothingIsInBand" methodname="EvaluateReception_ClearsStateWhenNothingIsInBand" classname="Decoder.Tests.SignalSynthesizerTests" runstate="Runnable" seed="1059142706" result="Passed" start-time="2026-08-13 12:14:45Z" end-time="2026-08-13 12:14:45Z" duration="0.000135" asserts="0">
              <properties>
                <property name="retryIteration" value="0" />
                <property name="repeatIteration" value="0" />
              </properties>
            </test-case>
            <test-case id="1262" name="EvaluateReception_PicksStrongestStationInBand" fullname="Decoder.Tests.SignalSynthesizerTests.EvaluateReception_PicksStrongestStationInBand" methodname="EvaluateReception_PicksStrongestStationInBand" classname="Decoder.Tests.SignalSynthesizerTests" runstate="Runnable" seed="67323765" result="Passed" start-time="2026-08-13 12:14:45Z" end-time="2026-08-13 12:14:45Z" duration="0.000099" asserts="0">
              <properties>
                <property name="retryIteration" value="0" />
                <property name="repeatIteration" value="0" />
              </properties>
            </test-case>
            <test-case id="1260" name="EvaluateReception_ReportsDetuneDirection" fullname="Decoder.Tests.SignalSynthesizerTests.EvaluateReception_ReportsDetuneDirection" methodname="EvaluateReception_ReportsDetuneDirection" classname="Decoder.Tests.SignalSynthesizerTests" runstate="Runnable" seed="175557858" result="Passed" start-time="2026-08-13 12:14:45Z" end-time="2026-08-13 12:14:45Z" duration="0.000118" asserts="0">
              <properties>
                <property name="retryIteration" value="0" />
                <property name="repeatIteration" value="0" />
              </properties>
            </test-case>
            <test-case id="1259" name="EvaluateReception_WorksWithoutRenderingAnyAudio" fullname="Decoder.Tests.SignalSynthesizerTests.EvaluateReception_WorksWithoutRenderingAnyAudio" methodname="EvaluateReception_WorksWithoutRenderingAnyAudio" classname="Decoder.Tests.SignalSynthesizerTests" runstate="Runnable" seed="1199587552" result="Passed" start-time="2026-08-13 12:14:45Z" end-time="2026-08-13 12:14:45Z" duration="0.000117" asserts="0">
              <properties>
                <property name="retryIteration" value="0" />
                <property name="repeatIteration" value="0" />
              </properties>
            </test-case>
            <test-case id="1252" name="Render_AmplitudeDropsAsTuningDriftsAway" fullname="Decoder.Tests.SignalSynthesizerTests.Render_AmplitudeDropsAsTuningDriftsAway" methodname="Render_AmplitudeDropsAsTuningDriftsAway" classname="Decoder.Tests.SignalSynthesizerTests" runstate="Runnable" seed="1897840912" result="Passed" start-time="2026-08-13 12:14:45Z" end-time="2026-08-13 12:14:45Z" duration="0.007792" asserts="0">
              <properties>
                <property name="retryIteration" value="0" />
                <property name="repeatIteration" value="0" />
              </properties>
            </test-case>
            <test-case id="1250" name="Render_CarrierIsAudibleWhenTunedOnStation" fullname="Decoder.Tests.SignalSynthesizerTests.Render_CarrierIsAudibleWhenTunedOnStation" methodname="Render_CarrierIsAudibleWhenTunedOnStation" classname="Decoder.Tests.SignalSynthesizerTests" runstate="Runnable" seed="1415976480" result="Passed" start-time="2026-08-13 12:14:45Z" end-time="2026-08-13 12:14:45Z" duration="0.004363" asserts="0">
              <properties>
                <property name="retryIteration" value="0" />
                <property name="repeatIteration" value="0" />
              </properties>
            </test-case>
            <test-case id="1257" name="Render_DifferentSeedsProduceDifferentNoise" fullname="Decoder.Tests.SignalSynthesizerTests.Render_DifferentSeedsProduceDifferentNoise" methodname="Render_DifferentSeedsProduceDifferentNoise" classname="Decoder.Tests.SignalSynthesizerTests" runstate="Runnable" seed="469563119" result="Passed" start-time="2026-08-13 12:14:45Z" end-time="2026-08-13 12:14:45Z" duration="0.000827" asserts="0">
              <properties>
                <property name="retryIteration" value="0" />
                <property name="repeatIteration" value="0" />
              </properties>
            </test-case>
            <test-case id="1256" name="Render_IsDeterministicForSameSeed" fullname="Decoder.Tests.SignalSynthesizerTests.Render_IsDeterministicForSameSeed" methodname="Render_IsDeterministicForSameSeed" classname="Decoder.Tests.SignalSynthesizerTests" runstate="Runnable" seed="2140404594" result="Passed" start-time="2026-08-13 12:14:45Z" end-time="2026-08-13 12:14:45Z" duration="0.012135" asserts="0">
              <properties>
                <property name="retryIteration" value="0" />
                <property name="repeatIteration" value="0" />
              </properties>
            </test-case>
            <test-case id="1255" name="Render_KeyingHasSmoothEdgesWithoutClicks" fullname="Decoder.Tests.SignalSynthesizerTests.Render_KeyingHasSmoothEdgesWithoutClicks" methodname="Render_KeyingHasSmoothEdgesWithoutClicks" classname="Decoder.Tests.SignalSynthesizerTests" runstate="Runnable" seed="2041827633" result="Passed" start-time="2026-08-13 12:14:45Z" end-time="2026-08-13 12:14:45Z" duration="0.007518" asserts="0">
              <properties>
                <property name="retryIteration" value="0" />
                <property name="repeatIteration" value="0" />
              </properties>
            </test-case>
            <test-case id="1248" name="Render_OutputStaysWithinUnitRange" fullname="Decoder.Tests.SignalSynthesizerTests.Render_OutputStaysWithinUnitRange" methodname="Render_OutputStaysWithinUnitRange" classname="Decoder.Tests.SignalSynthesizerTests" runstate="Runnable" seed="874854611" result="Passed" start-time="2026-08-13 12:14:45Z" end-time="2026-08-13 12:14:45Z" duration="0.008384" asserts="0">
              <properties>
                <property name="retryIteration" value="0" />
                <property name="repeatIteration" value="0" />
              </properties>
            </test-case>
            <test-case id="1258" name="Render_RejectsCountLargerThanBuffer" fullname="Decoder.Tests.SignalSynthesizerTests.Render_RejectsCountLargerThanBuffer" methodname="Render_RejectsCountLargerThanBuffer" classname="Decoder.Tests.SignalSynthesizerTests" runstate="Runnable" seed="1572435087" result="Passed" start-time="2026-08-13 12:14:45Z" end-time="2026-08-13 12:14:45Z" duration="0.000208" asserts="0">
              <properties>
                <property name="retryIteration" value="0" />
                <property name="repeatIteration" value="0" />
              </properties>
            </test-case>
            <test-case id="1251" name="Render_StationOutsideBandwidthIsInaudible" fullname="Decoder.Tests.SignalSynthesizerTests.Render_StationOutsideBandwidthIsInaudible" methodname="Render_StationOutsideBandwidthIsInaudible" classname="Decoder.Tests.SignalSynthesizerTests" runstate="Runnable" seed="1588077871" result="Passed" start-time="2026-08-13 12:14:45Z" end-time="2026-08-13 12:14:45Z" duration="0.001442" asserts="0">
              <properties>
                <property name="retryIteration" value="0" />
                <property name="repeatIteration" value="0" />
              </properties>
            </test-case>
            <test-case id="1253" name="Render_ToneMatchesNominalPitchWhenCentered" fullname="Decoder.Tests.SignalSynthesizerTests.Render_ToneMatchesNominalPitchWhenCentered" methodname="Render_ToneMatchesNominalPitchWhenCentered" classname="Decoder.Tests.SignalSynthesizerTests" runstate="Runnable" seed="1964463528" result="Passed" start-time="2026-08-13 12:14:45Z" end-time="2026-08-13 12:14:45Z" duration="0.006489" asserts="0">
              <properties>
                <property name="retryIteration" value="0" />
                <property name="repeatIteration" value="0" />
              </properties>
            </test-case>
            <test-case id="1254" name="Render_ToneRisesWhenTunedBelowStation" fullname="Decoder.Tests.SignalSynthesizerTests.Render_ToneRisesWhenTunedBelowStation" methodname="Render_ToneRisesWhenTunedBelowStation" classname="Decoder.Tests.SignalSynthesizerTests" runstate="Runnable" seed="477444347" result="Passed" start-time="2026-08-13 12:14:45Z" end-time="2026-08-13 12:14:45Z" duration="0.010120" asserts="0">
              <properties>
                <property name="retryIteration" value="0" />
                <property name="repeatIteration" value="0" />
              </properties>
            </test-case>
            <test-case id="1249" name="Render_WithNoStationsProducesOnlyNoise" fullname="Decoder.Tests.SignalSynthesizerTests.Render_WithNoStationsProducesOnlyNoise" methodname="Render_WithNoStationsProducesOnlyNoise" classname="Decoder.Tests.SignalSynthesizerTests" runstate="Runnable" seed="1179232153" result="Passed" start-time="2026-08-13 12:14:45Z" end-time="2026-08-13 12:14:45Z" duration="0.000463" asserts="0">
              <properties>
                <property name="retryIteration" value="0" />
                <property name="repeatIteration" value="0" />
              </properties>
            </test-case>
            <test-case id="1268" name="Station_EmptyMessageNeverKeys" fullname="Decoder.Tests.SignalSynthesizerTests.Station_EmptyMessageNeverKeys" methodname="Station_EmptyMessageNeverKeys" classname="Decoder.Tests.SignalSynthesizerTests" runstate="Runnable" seed="508395626" result="Passed" start-time="2026-08-13 12:14:45Z" end-time="2026-08-13 12:14:45Z" duration="0.000108" asserts="0">
              <properties>
                <property name="retryIteration" value="0" />
                <property name="repeatIteration" value="0" />
              </properties>
            </test-case>
            <test-case id="1264" name="Station_KeyIsDownAtStartOfTransmission" fullname="Decoder.Tests.SignalSynthesizerTests.Station_KeyIsDownAtStartOfTransmission" methodname="Station_KeyIsDownAtStartOfTransmission" classname="Decoder.Tests.SignalSynthesizerTests" runstate="Runnable" seed="820827504" result="Passed" start-time="2026-08-13 12:14:45Z" end-time="2026-08-13 12:14:45Z" duration="0.000066" asserts="0">
              <properties>
                <property name="retryIteration" value="0" />
                <property name="repeatIteration" value="0" />
              </properties>
            </test-case>
            <test-case id="1265" name="Station_KeyIsUpBeforeStartOffset" fullname="Decoder.Tests.SignalSynthesizerTests.Station_KeyIsUpBeforeStartOffset" methodname="Station_KeyIsUpBeforeStartOffset" classname="Decoder.Tests.SignalSynthesizerTests" runstate="Runnable" seed="1038390883" result="Passed" start-time="2026-08-13 12:14:45Z" end-time="2026-08-13 12:14:45Z" duration="0.000087" asserts="0">
              <properties>
                <property name="retryIteration" value="0" />
                <property name="repeatIteration" value="0" />
              </properties>
            </test-case>
            <test-case id="1266" name="Station_LoopsAfterGap" fullname="Decoder.Tests.SignalSynthesizerTests.Station_LoopsAfterGap" methodname="Station_LoopsAfterGap" classname="Decoder.Tests.SignalSynthesizerTests" runstate="Runnable" seed="25636968" result="Passed" start-time="2026-08-13 12:14:45Z" end-time="2026-08-13 12:14:45Z" duration="0.000095" asserts="0">
              <properties>
                <property name="retryIteration" value="0" />
                <property name="repeatIteration" value="0" />
              </properties>
            </test-case>
            <test-case id="1267" name="Station_NonLoopingStopsAfterMessage" fullname="Decoder.Tests.SignalSynthesizerTests.Station_NonLoopingStopsAfterMessage" methodname="Station_NonLoopingStopsAfterMessage" classname="Decoder.Tests.SignalSynthesizerTests" runstate="Runnable" seed="1258152" result="Passed" start-time="2026-08-13 12:14:45Z" end-time="2026-08-13 12:14:45Z" duration="0.000063" asserts="0">
              <properties>
                <property name="retryIteration" value="0" />
                <property name="repeatIteration" value="0" />
              </properties>
            </test-case>
            <test-case id="1269" name="Station_TotalSecondsMatchesTimeline" fullname="Decoder.Tests.SignalSynthesizerTests.Station_TotalSecondsMatchesTimeline" methodname="Station_TotalSecondsMatchesTimeline" classname="Decoder.Tests.SignalSynthesizerTests" runstate="Runnable" seed="192315368" result="Passed" start-time="2026-08-13 12:14:45Z" end-time="2026-08-13 12:14:45Z" duration="0.000090" asserts="0">
              <properties>
                <property name="retryIteration" value="0" />
                <property name="repeatIteration" value="0" />
              </properties>
            </test-case>
            <test-case id="1245" name="ToneForDetune_IsNominalWhenCentered" fullname="Decoder.Tests.SignalSynthesizerTests.ToneForDetune_IsNominalWhenCentered" methodname="ToneForDetune_IsNominalWhenCentered" classname="Decoder.Tests.SignalSynthesizerTests" runstate="Runnable" seed="731289309" result="Passed" start-time="2026-08-13 12:14:45Z" end-time="2026-08-13 12:14:45Z" duration="0.000054" asserts="0">
              <properties>
                <property name="retryIteration" value="0" />
                <property name="repeatIteration" value="0" />
              </properties>
            </test-case>
            <test-case id="1247" name="ToneForDetune_NeverGoesBelowAudibleFloor" fullname="Decoder.Tests.SignalSynthesizerTests.ToneForDetune_NeverGoesBelowAudibleFloor" methodname="ToneForDetune_NeverGoesBelowAudibleFloor" classname="Decoder.Tests.SignalSynthesizerTests" runstate="Runnable" seed="638725324" result="Passed" start-time="2026-08-13 12:14:45Z" end-time="2026-08-13 12:14:45Z" duration="0.000048" asserts="0">
              <properties>
                <property name="retryIteration" value="0" />
                <property name="repeatIteration" value="0" />
              </properties>
            </test-case>
            <test-case id="1246" name="ToneForDetune_RisesAboveCenterAndFallsBelow" fullname="Decoder.Tests.SignalSynthesizerTests.ToneForDetune_RisesAboveCenterAndFallsBelow" methodname="ToneForDetune_RisesAboveCenterAndFallsBelow" classname="Decoder.Tests.SignalSynthesizerTests" runstate="Runnable" seed="1304350519" result="Passed" start-time="2026-08-13 12:14:45Z" end-time="2026-08-13 12:14:45Z" duration="0.000050" asserts="0">
              <properties>
                <property name="retryIteration" value="0" />
                <property name="repeatIteration" value="0" />
              </properties>
              <output><![CDATA[Saving results to: /workspace/artifacts/reports/test-results-EditMode.xml
]]></output>
            </test-case>
          </test-suite>
        </test-suite>
      </test-suite>
    </test-suite>
  </test-suite>
</test-run>