<?xml version="1.0" encoding="utf-8"?>
<test-run id="2" testcasecount="261" result="Passed" total="261" passed="261" failed="0" inconclusive="0" skipped="0" asserts="0" engine-version="3.5.0.0" clr-version="4.0.30319.42000" start-time="2026-08-13 13:29:33Z" end-time="2026-08-13 13:29:33Z" duration="0.2048765">
  <test-suite type="TestSuite" id="1000" name="Decoder" fullname="Decoder" runstate="Runnable" testcasecount="261" result="Passed" start-time="2026-08-13 13:29:33Z" end-time="2026-08-13 13:29:33Z" duration="0.204877" total="261" passed="261" failed="0" inconclusive="0" skipped="0" asserts="0">
    <properties>
      <property name="platform" value="EditMode" />
    </properties>
    <test-suite type="Assembly" id="1287" name="Decoder.Tests.EditMode.dll" fullname="/workspace/unity/Decoder/Library/ScriptAssemblies/Decoder.Tests.EditMode.dll" runstate="Runnable" testcasecount="261" result="Passed" start-time="2026-08-13 13:29:33Z" end-time="2026-08-13 13:29:33Z" duration="0.198615" total="261" passed="261" failed="0" inconclusive="0" skipped="0" asserts="0">
      <properties>
        <property name="_PID" value="203830" />
        <property name="_APPDOMAIN" value="Unity Child Domain" />
        <property name="platform" value="EditMode" />
        <property name="EditorOnly" value="True" />
      </properties>
      <test-suite type="TestSuite" id="1288" name="Decoder" fullname="Decoder" runstate="Runnable" testcasecount="261" result="Passed" start-time="2026-08-13 13:29:33Z" end-time="2026-08-13 13:29:33Z" duration="0.198370" total="261" passed="261" failed="0" inconclusive="0" skipped="0" asserts="0">
        <properties />
        <test-suite type="TestSuite" id="1289" name="Tests" fullname="Decoder.Tests" runstate="Runnable" testcasecount="261" result="Passed" start-time="2026-08-13 13:29:33Z" end-time="2026-08-13 13:29:33Z" duration="0.198214" total="261" passed="261" failed="0" inconclusive="0" skipped="0" asserts="0">
          <properties />
          <test-suite type="TestFixture" id="1001" name="CampaignStateTests" fullname="Decoder.Tests.CampaignStateTests" classname="Decoder.Tests.CampaignStateTests" runstate="Runnable" testcasecount="35" result="Passed" start-time="2026-08-13 13:29:33Z" end-time="2026-08-13 13:29:33Z" duration="0.040607" total="35" passed="35" failed="0" inconclusive="0" skipped="0" asserts="0">
            <properties />
            <test-case id="1033" name="ArchivedFist_ReturnsInvalidForUnheardCallsign" fullname="Decoder.Tests.CampaignStateTests.ArchivedFist_ReturnsInvalidForUnheardCallsign" methodname="ArchivedFist_ReturnsInvalidForUnheardCallsign" classname="Decoder.Tests.CampaignStateTests" runstate="Runnable" seed="1942813432" result="Passed" start-time="2026-08-13 13:29:33Z" end-time="2026-08-13 13:29:33Z" duration="0.008531" asserts="0">
              <properties>
                <property name="retryIteration" value="0" />
                <property name="repeatIteration" value="0" />
              </properties>
            </test-case>
            <test-case id="1028" name="BelongsTo_RejectsProgressFromAnotherShift" fullname="Decoder.Tests.CampaignStateTests.BelongsTo_RejectsProgressFromAnotherShift" methodname="BelongsTo_RejectsProgressFromAnotherShift" classname="Decoder.Tests.CampaignStateTests" runstate="Runnable" seed="100011106" result="Passed" start-time="2026-08-13 13:29:33Z" end-time="2026-08-13 13:29:33Z" duration="0.000211" asserts="0">
              <properties>
                <property name="retryIteration" value="0" />
                <property name="repeatIteration" value="0" />
              </properties>
            </test-case>
            <test-case id="1022" name="Deserialize_AcceptsCurrentVersion" fullname="Decoder.Tests.CampaignStateTests.Deserialize_AcceptsCurrentVersion" methodname="Deserialize_AcceptsCurrentVersion" classname="Decoder.Tests.CampaignStateTests" runstate="Runnable" seed="1310441069" result="Passed" start-time="2026-08-13 13:29:33Z" end-time="2026-08-13 13:29:33Z" duration="0.004282" asserts="0">
              <properties>
                <property name="retryIteration" value="0" />
                <property name="repeatIteration" value="0" />
              </properties>
            </test-case>
            <test-case id="1021" name="Deserialize_RejectsFutureVersion" fullname="Decoder.Tests.CampaignStateTests.Deserialize_RejectsFutureVersion" methodname="Deserialize_RejectsFutureVersion" classname="Decoder.Tests.CampaignStateTests" runstate="Runnable" seed="744463798" result="Passed" start-time="2026-08-13 13:29:33Z" end-time="2026-08-13 13:29:33Z" duration="0.000152" asserts="0">
              <properties>
                <property name="retryIteration" value="0" />
                <property name="repeatIteration" value="0" />
              </properties>
            </test-case>
            <test-suite type="ParameterizedMethod" id="1020" name="Deserialize_ReturnsNullOnCorruptInputInsteadOfThrowing" fullname="Decoder.Tests.CampaignStateTests.Deserialize_ReturnsNullOnCorruptInputInsteadOfThrowing" classname="Decoder.Tests.CampaignStateTests" runstate="Runnable" testcasecount="7" result="Passed" start-time="2026-08-13 13:29:33Z" end-time="2026-08-13 13:29:33Z" duration="0.002578" total="7" passed="7" failed="0" inconclusive="0" skipped="0" asserts="0">
              <properties />
              <test-case id="1013" name="Deserialize_ReturnsNullOnCorruptInputInsteadOfThrowing(null)" fullname="Decoder.Tests.CampaignStateTests.Deserialize_ReturnsNullOnCorruptInputInsteadOfThrowing(null)" methodname="Deserialize_ReturnsNullOnCorruptInputInsteadOfThrowing" classname="Decoder.Tests.CampaignStateTests" runstate="Runnable" seed="1131501815" result="Passed" start-time="2026-08-13 13:29:33Z" end-time="2026-08-13 13:29:33Z" duration="0.000787" asserts="0">
                <properties>
                  <property name="retryIteration" value="0" />
                  <property name="repeatIteration" value="0" />
                </properties>
              </test-case>
              <test-case id="1014" name="Deserialize_ReturnsNullOnCorruptInputInsteadOfThrowing(&quot;&quot;)" fullname="Decoder.Tests.CampaignStateTests.Deserialize_ReturnsNullOnCorruptInputInsteadOfThrowing(&quot;&quot;)" methodname="Deserialize_ReturnsNullOnCorruptInputInsteadOfThrowing" classname="Decoder.Tests.CampaignStateTests" runstate="Runnable" seed="1256711661" result="Passed" start-time="2026-08-13 13:29:33Z" end-time="2026-08-13 13:29:33Z" duration="0.000057" asserts="0">
                <properties>
                  <property name="retryIteration" value="0" />
                  <property name="repeatIteration" value="0" />
                </properties>
              </test-case>
              <test-case id="1015" name="Deserialize_ReturnsNullOnCorruptInputInsteadOfThrowing(&quot;这不是存档&quot;)" fullname="Decoder.Tests.CampaignStateTests.Deserialize_ReturnsNullOnCorruptInputInsteadOfThrowing(&quot;这不是存档&quot;)" methodname="Deserialize_ReturnsNullOnCorruptInputInsteadOfThrowing" classname="Decoder.Tests.CampaignStateTests" runstate="Runnable" seed="973201203" result="Passed" start-time="2026-08-13 13:29:33Z" end-time="2026-08-13 13:29:33Z" duration="0.000068" asserts="0">
                <properties>
                  <property name="retryIteration" value="0" />
                  <property name="repeatIteration" value="0" />
                </properties>
              </test-case>
              <test-case id="1016" name="Deserialize_ReturnsNullOnCorruptInputInsteadOfThrowing(&quot;decoder-save\nversion\t不是数字\n&quot;)" fullname="Decoder.Tests.CampaignStateTests.Deserialize_ReturnsNullOnCorruptInputInsteadOfThrowing(&quot;decoder-save\nversion\t不是数字\n&quot;)" methodname="Deserialize_ReturnsNullOnCorruptInputInsteadOfThrowing" classname="Decoder.Tests.CampaignStateTests" runstate="Runnable" seed="149293435" result="Passed" start-time="2026-08-13 13:29:33Z" end-time="2026-08-13 13:29:33Z" duration="0.000034" asserts="0">
                <properties>
                  <property name="retryIteration" value="0" />
                  <property name="repeatIteration" value="0" />
                </properties>
              </test-case>
              <test-case id="1017" name="Deserialize_ReturnsNullOnCorruptInputInsteadOfThrowing(&quot;decoder-save\nshift\tx\n&quot;)" fullname="Decoder.Tests.CampaignStateTests.Deserialize_ReturnsNullOnCorruptInputInsteadOfThrowing(&quot;decoder-save\nshift\tx\n&quot;)" methodname="Deserialize_ReturnsNullOnCorruptInputInsteadOfThrowing" classname="Decoder.Tests.CampaignStateTests" runstate="Runnable" seed="1935503294" result="Passed" start-time="2026-08-13 13:29:33Z" end-time="2026-08-13 13:29:33Z" duration="0.000030" asserts="0">
                <properties>
                  <property name="retryIteration" value="0" />
                  <property name="repeatIteration" value="0" />
                </properties>
              </test-case>
              <test-case id="1018" name="Deserialize_ReturnsNullOnCorruptInputInsteadOfThrowing(&quot;decoder-save\nreport\t字段不够\n&quot;)" fullname="Decoder.Tests.CampaignStateTests.Deserialize_ReturnsNullOnCorruptInputInsteadOfThrowing(&quot;decoder-save\nreport\t字段不够\n&quot;)" methodname="Deserialize_ReturnsNullOnCorruptInputInsteadOfThrowing" classname="Decoder.Tests.CampaignStateTests" runstate="Runnable" seed="581060031" result="Passed" start-time="2026-08-13 13:29:33Z" end-time="2026-08-13 13:29:33Z" duration="0.000032" asserts="0">
                <properties>
                  <property name="retryIteration" value="0" />
                  <property name="repeatIteration" value="0" />
                </properties>
              </test-case>
              <test-case id="1019" name="Deserialize_ReturnsNullOnCorruptInputInsteadOfThrowing(&quot;decoder-save\nreport\ts\tM08\t不存在的结果\tRoutine\tRoutine\t0.5\n&quot;)" fullname="Decoder.Tests.CampaignStateTests.Deserialize_ReturnsNullOnCorruptInputInsteadOfThrowing(&quot;decoder-save\nreport\ts\tM08\t不存在的结果\tRoutine\tRoutine\t0.5\n&quot;)" methodname="Deserialize_ReturnsNullOnCorruptInputInsteadOfThrowing" classname="Decoder.Tests.CampaignStateTests" runstate="Runnable" seed="512611321" result="Passed" start-time="2026-08-13 13:29:33Z" end-time="2026-08-13 13:29:33Z" duration="0.000166" asserts="0">
                <properties>
                  <property name="retryIteration" value="0" />
                  <property name="repeatIteration" value="0" />
                </properties>
              </test-case>
            </test-suite>
            <test-case id="1036" name="Deserialize_ReturnsNullOnTruncatedFistLine" fullname="Decoder.Tests.CampaignStateTests.Deserialize_ReturnsNullOnTruncatedFistLine" methodname="Deserialize_ReturnsNullOnTruncatedFistLine" classname="Decoder.Tests.CampaignStateTests" runstate="Runnable" seed="653968949" result="Passed" start-time="2026-08-13 13:29:33Z" end-time="2026-08-13 13:29:33Z" duration="0.000092" asserts="0">
              <properties>
                <property name="retryIteration" value="0" />
                <property name="repeatIteration" value="0" />
              </properties>
            </test-case>
            <test-case id="1029" name="Deserialize_ReturnsNullOnTruncatedProgressLine" fullname="Decoder.Tests.CampaignStateTests.Deserialize_ReturnsNullOnTruncatedProgressLine" methodname="Deserialize_ReturnsNullOnTruncatedProgressLine" classname="Decoder.Tests.CampaignStateTests" runstate="Runnable" seed="1616149691" result="Passed" start-time="2026-08-13 13:29:33Z" end-time="2026-08-13 13:29:33Z" duration="0.000049" asserts="0">
              <properties>
                <property name="retryIteration" value="0" />
                <property name="repeatIteration" value="0" />
              </properties>
            </test-case>
            <test-case id="1034" name="FistArchive_RoundTripsThroughSave" fullname="Decoder.Tests.CampaignStateTests.FistArchive_RoundTripsThroughSave" methodname="FistArchive_RoundTripsThroughSave" classname="Decoder.Tests.CampaignStateTests" runstate="Runnable" seed="1549196644" result="Passed" start-time="2026-08-13 13:29:33Z" end-time="2026-08-13 13:29:33Z" duration="0.003621" asserts="0">
              <properties>
                <property name="retryIteration" value="0" />
                <property name="repeatIteration" value="0" />
              </properties>
            </test-case>
            <test-case id="1035" name="FistArchive_SurvivesReportAndShiftAdvance" fullname="Decoder.Tests.CampaignStateTests.FistArchive_SurvivesReportAndShiftAdvance" methodname="FistArchive_SurvivesReportAndShiftAdvance" classname="Decoder.Tests.CampaignStateTests" runstate="Runnable" seed="1964202681" result="Passed" start-time="2026-08-13 13:29:33Z" end-time="2026-08-13 13:29:33Z" duration="0.000433" asserts="0">
              <properties>
                <property name="retryIteration" value="0" />
                <property name="repeatIteration" value="0" />
              </properties>
            </test-case>
            <test-case id="1010" name="LevelCorrect_ReflectsExactLevelMatch" fullname="Decoder.Tests.CampaignStateTests.LevelCorrect_ReflectsExactLevelMatch" methodname="LevelCorrect_ReflectsExactLevelMatch" classname="Decoder.Tests.CampaignStateTests" runstate="Runnable" seed="1123818509" result="Passed" start-time="2026-08-13 13:29:33Z" end-time="2026-08-13 13:29:33Z" duration="0.000100" asserts="0">
              <properties>
                <property name="retryIteration" value="0" />
                <property name="repeatIteration" value="0" />
              </properties>
            </test-case>
            <test-case id="1002" name="NewState_StartsAtFirstShiftWithNoHistory" fullname="Decoder.Tests.CampaignStateTests.NewState_StartsAtFirstShiftWithNoHistory" methodname="NewState_StartsAtFirstShiftWithNoHistory" classname="Decoder.Tests.CampaignStateTests" runstate="Runnable" seed="660761605" result="Passed" start-time="2026-08-13 13:29:33Z" end-time="2026-08-13 13:29:33Z" duration="0.000595" asserts="0">
              <properties>
                <property name="retryIteration" value="0" />
                <property name="repeatIteration" value="0" />
              </properties>
            </test-case>
            <test-case id="1031" name="NoteFist_DoesNotOverwriteWithLaterEncounters" fullname="Decoder.Tests.CampaignStateTests.NoteFist_DoesNotOverwriteWithLaterEncounters" methodname="NoteFist_DoesNotOverwriteWithLaterEncounters" classname="Decoder.Tests.CampaignStateTests" runstate="Runnable" seed="970652278" result="Passed" start-time="2026-08-13 13:29:33Z" end-time="2026-08-13 13:29:33Z" duration="0.000227" asserts="0">
              <properties>
                <property name="retryIteration" value="0" />
                <property name="repeatIteration" value="0" />
              </properties>
            </test-case>
            <test-case id="1032" name="NoteFist_IgnoresInvalidInput" fullname="Decoder.Tests.CampaignStateTests.NoteFist_IgnoresInvalidInput" methodname="NoteFist_IgnoresInvalidInput" classname="Decoder.Tests.CampaignStateTests" runstate="Runnable" seed="1354536778" result="Passed" start-time="2026-08-13 13:29:33Z" end-time="2026-08-13 13:29:33Z" duration="0.000105" asserts="0">
              <properties>
                <property name="retryIteration" value="0" />
                <property name="repeatIteration" value="0" />
              </properties>
            </test-case>
            <test-case id="1030" name="NoteFist_RecordsFirstEncounter" fullname="Decoder.Tests.CampaignStateTests.NoteFist_RecordsFirstEncounter" methodname="NoteFist_RecordsFirstEncounter" classname="Decoder.Tests.CampaignStateTests" runstate="Runnable" seed="1938928180" result="Passed" start-time="2026-08-13 13:29:33Z" end-time="2026-08-13 13:29:33Z" duration="0.000127" asserts="0">
              <properties>
                <property name="retryIteration" value="0" />
                <property name="repeatIteration" value="0" />
              </properties>
            </test-case>
            <test-case id="1024" name="Progress_EmptyFieldsSurviveRoundTrip" fullname="Decoder.Tests.CampaignStateTests.Progress_EmptyFieldsSurviveRoundTrip" methodname="Progress_EmptyFieldsSurviveRoundTrip" classname="Decoder.Tests.CampaignStateTests" runstate="Runnable" seed="712537424" result="Passed" start-time="2026-08-13 13:29:33Z" end-time="2026-08-13 13:29:33Z" duration="0.000367" asserts="0">
              <properties>
                <property name="retryIteration" value="0" />
                <property name="repeatIteration" value="0" />
              </properties>
            </test-case>
            <test-case id="1027" name="Progress_InactiveIsNotWrittenToSave" fullname="Decoder.Tests.CampaignStateTests.Progress_InactiveIsNotWrittenToSave" methodname="Progress_InactiveIsNotWrittenToSave" classname="Decoder.Tests.CampaignStateTests" runstate="Runnable" seed="1491450684" result="Passed" start-time="2026-08-13 13:29:33Z" end-time="2026-08-13 13:29:33Z" duration="0.000461" asserts="0">
              <properties>
                <property name="retryIteration" value="0" />
                <property name="repeatIteration" value="0" />
              </properties>
            </test-case>
            <test-case id="1026" name="Progress_IsClearedAfterReport" fullname="Decoder.Tests.CampaignStateTests.Progress_IsClearedAfterReport" methodname="Progress_IsClearedAfterReport" classname="Decoder.Tests.CampaignStateTests" runstate="Runnable" seed="17933766" result="Passed" start-time="2026-08-13 13:29:33Z" end-time="2026-08-13 13:29:33Z" duration="0.000143" asserts="0">
              <properties>
                <property name="retryIteration" value="0" />
                <property name="repeatIteration" value="0" />
              </properties>
            </test-case>
            <test-case id="1023" name="Progress_RoundTripsThroughSave" fullname="Decoder.Tests.CampaignStateTests.Progress_RoundTripsThroughSave" methodname="Progress_RoundTripsThroughSave" classname="Decoder.Tests.CampaignStateTests" runstate="Runnable" seed="1252905595" result="Passed" start-time="2026-08-13 13:29:33Z" end-time="2026-08-13 13:29:33Z" duration="0.001061" asserts="0">
              <properties>
                <property name="retryIteration" value="0" />
                <property name="repeatIteration" value="0" />
              </properties>
            </test-case>
            <test-case id="1025" name="Progress_SurvivesTabsAndNewlinesInCopiedText" fullname="Decoder.Tests.CampaignStateTests.Progress_SurvivesTabsAndNewlinesInCopiedText" methodname="Progress_SurvivesTabsAndNewlinesInCopiedText" classname="Decoder.Tests.CampaignStateTests" runstate="Runnable" seed="901355542" result="Passed" start-time="2026-08-13 13:29:33Z" end-time="2026-08-13 13:29:33Z" duration="0.000591" asserts="0">
              <properties>
                <property name="retryIteration" value="0" />
                <property name="repeatIteration" value="0" />
              </properties>
            </test-case>
            <test-case id="1003" name="RecordAndAdvance_AppendsHistoryAndMovesToNextShift" fullname="Decoder.Tests.CampaignStateTests.RecordAndAdvance_AppendsHistoryAndMovesToNextShift" methodname="RecordAndAdvance_AppendsHistoryAndMovesToNextShift" classname="Decoder.Tests.CampaignStateTests" runstate="Runnable" seed="695319301" result="Passed" start-time="2026-08-13 13:29:33Z" end-time="2026-08-13 13:29:33Z" duration="0.000248" asserts="0">
              <properties>
                <property name="retryIteration" value="0" />
                <property name="repeatIteration" value="0" />
              </properties>
            </test-case>
            <test-case id="1012" name="Serialize_EmptyStateRoundTrips" fullname="Decoder.Tests.CampaignStateTests.Serialize_EmptyStateRoundTrips" methodname="Serialize_EmptyStateRoundTrips" classname="Decoder.Tests.CampaignStateTests" runstate="Runnable" seed="1744273584" result="Passed" start-time="2026-08-13 13:29:33Z" end-time="2026-08-13 13:29:33Z" duration="0.000120" asserts="0">
              <properties>
                <property name="retryIteration" value="0" />
                <property name="repeatIteration" value="0" />
              </properties>
            </test-case>
            <test-case id="1037" name="Serialize_IsHumanReadable" fullname="Decoder.Tests.CampaignStateTests.Serialize_IsHumanReadable" methodname="Serialize_IsHumanReadable" classname="Decoder.Tests.CampaignStateTests" runstate="Runnable" seed="1106150863" result="Passed" start-time="2026-08-13 13:29:33Z" end-time="2026-08-13 13:29:33Z" duration="0.000397" asserts="0">
              <properties>
                <property name="retryIteration" value="0" />
                <property name="repeatIteration" value="0" />
              </properties>
            </test-case>
            <test-case id="1011" name="SerializeThenDeserialize_PreservesEverything" fullname="Decoder.Tests.CampaignStateTests.SerializeThenDeserialize_PreservesEverything" methodname="SerializeThenDeserialize_PreservesEverything" classname="Decoder.Tests.CampaignStateTests" runstate="Runnable" seed="1368885246" result="Passed" start-time="2026-08-13 13:29:33Z" end-time="2026-08-13 13:29:33Z" duration="0.000357" asserts="0">
              <properties>
                <property name="retryIteration" value="0" />
                <property name="repeatIteration" value="0" />
              </properties>
            </test-case>
            <test-case id="1006" name="Standing_IsClampedToUnitRange" fullname="Decoder.Tests.CampaignStateTests.Standing_IsClampedToUnitRange" methodname="Standing_IsClampedToUnitRange" classname="Decoder.Tests.CampaignStateTests" runstate="Runnable" seed="1882021731" result="Passed" start-time="2026-08-13 13:29:33Z" end-time="2026-08-13 13:29:33Z" duration="0.002017" asserts="0">
              <properties>
                <property name="retryIteration" value="0" />
                <property name="repeatIteration" value="0" />
              </properties>
            </test-case>
            <test-case id="1005" name="Standing_PunishesUnderreportingHarderThanOverreporting" fullname="Decoder.Tests.CampaignStateTests.Standing_PunishesUnderreportingHarderThanOverreporting" methodname="Standing_PunishesUnderreportingHarderThanOverreporting" classname="Decoder.Tests.CampaignStateTests" runstate="Runnable" seed="1737822614" result="Passed" start-time="2026-08-13 13:29:33Z" end-time="2026-08-13 13:29:33Z" duration="0.000212" asserts="0">
              <properties>
                <property name="retryIteration" value="0" />
                <property name="repeatIteration" value="0" />
              </properties>
            </test-case>
            <test-case id="1004" name="Standing_RewardsExactReports" fullname="Decoder.Tests.CampaignStateTests.Standing_RewardsExactReports" methodname="Standing_RewardsExactReports" classname="Decoder.Tests.CampaignStateTests" runstate="Runnable" seed="922036996" result="Passed" start-time="2026-08-13 13:29:33Z" end-time="2026-08-13 13:29:33Z" duration="0.000103" asserts="0">
              <properties>
                <property name="retryIteration" value="0" />
                <property name="repeatIteration" value="0" />
              </properties>
            </test-case>
            <test-case id="1008" name="StandingLine_DiffersBetweenGoodAndBadRecords" fullname="Decoder.Tests.CampaignStateTests.StandingLine_DiffersBetweenGoodAndBadRecords" methodname="StandingLine_DiffersBetweenGoodAndBadRecords" classname="Decoder.Tests.CampaignStateTests" runstate="Runnable" seed="170349954" result="Passed" start-time="2026-08-13 13:29:33Z" end-time="2026-08-13 13:29:33Z" duration="0.000240" asserts="0">
              <properties>
                <property name="retryIteration" value="0" />
                <property name="repeatIteration" value="0" />
              </properties>
            </test-case>
            <test-case id="1007" name="StandingLine_IsNeverEmptyAndCarriesNoNumbers" fullname="Decoder.Tests.CampaignStateTests.StandingLine_IsNeverEmptyAndCarriesNoNumbers" methodname="StandingLine_IsNeverEmptyAndCarriesNoNumbers" classname="Decoder.Tests.CampaignStateTests" runstate="Runnable" seed="1116960269" result="Passed" start-time="2026-08-13 13:29:33Z" end-time="2026-08-13 13:29:33Z" duration="0.000545" asserts="0">
              <properties>
                <property name="retryIteration" value="0" />
                <property name="repeatIteration" value="0" />
              </properties>
            </test-case>
            <test-case id="1009" name="UnderreportCount_CountsOnlyLevelsBelowCorrect" fullname="Decoder.Tests.CampaignStateTests.UnderreportCount_CountsOnlyLevelsBelowCorrect" methodname="UnderreportCount_CountsOnlyLevelsBelowCorrect" classname="Decoder.Tests.CampaignStateTests" runstate="Runnable" seed="1780393481" result="Passed" start-time="2026-08-13 13:29:33Z" end-time="2026-08-13 13:29:33Z" duration="0.000248" asserts="0">
              <properties>
                <property name="retryIteration" value="0" />
                <property name="repeatIteration" value="0" />
              </properties>
            </test-case>
          </test-suite>
          <test-suite type="TestFixture" id="1038" name="ChineseTelegraphCodeTests" fullname="Decoder.Tests.ChineseTelegraphCodeTests" classname="Decoder.Tests.ChineseTelegraphCodeTests" runstate="Runnable" testcasecount="26" result="Passed" start-time="2026-08-13 13:29:33Z" end-time="2026-08-13 13:29:33Z" duration="0.013662" total="26" passed="26" failed="0" inconclusive="0" skipped="0" asserts="0">
            <properties />
            <test-case id="1050" name="DecodeDigits_KeepsTrailingPartialGroup" fullname="Decoder.Tests.ChineseTelegraphCodeTests.DecodeDigits_KeepsTrailingPartialGroup" methodname="DecodeDigits_KeepsTrailingPartialGroup" classname="Decoder.Tests.ChineseTelegraphCodeTests" runstate="Runnable" seed="1128857369" result="Passed" start-time="2026-08-13 13:29:33Z" end-time="2026-08-13 13:29:33Z" duration="0.002280" asserts="0">
              <properties>
                <property name="retryIteration" value="0" />
                <property name="repeatIteration" value="0" />
              </properties>
            </test-case>
            <test-case id="1048" name="DecodeDigits_SplitsStreamIntoFourDigitGroups" fullname="Decoder.Tests.ChineseTelegraphCodeTests.DecodeDigits_SplitsStreamIntoFourDigitGroups" methodname="DecodeDigits_SplitsStreamIntoFourDigitGroups" classname="Decoder.Tests.ChineseTelegraphCodeTests" runstate="Runnable" seed="621844251" result="Passed" start-time="2026-08-13 13:29:33Z" end-time="2026-08-13 13:29:33Z" duration="0.000106" asserts="0">
              <properties>
                <property name="retryIteration" value="0" />
                <property name="repeatIteration" value="0" />
              </properties>
            </test-case>
            <test-case id="1049" name="DecodeDigits_UnknownGroupBecomesBox" fullname="Decoder.Tests.ChineseTelegraphCodeTests.DecodeDigits_UnknownGroupBecomesBox" methodname="DecodeDigits_UnknownGroupBecomesBox" classname="Decoder.Tests.ChineseTelegraphCodeTests" runstate="Runnable" seed="530199428" result="Passed" start-time="2026-08-13 13:29:33Z" end-time="2026-08-13 13:29:33Z" duration="0.000059" asserts="0">
              <properties>
                <property name="retryIteration" value="0" />
                <property name="repeatIteration" value="0" />
              </properties>
            </test-case>
            <test-case id="1051" name="EncodeText_ProducesSpaceSeparatedGroups" fullname="Decoder.Tests.ChineseTelegraphCodeTests.EncodeText_ProducesSpaceSeparatedGroups" methodname="EncodeText_ProducesSpaceSeparatedGroups" classname="Decoder.Tests.ChineseTelegraphCodeTests" runstate="Runnable" seed="1517512918" result="Passed" start-time="2026-08-13 13:29:33Z" end-time="2026-08-13 13:29:33Z" duration="0.000229" asserts="0">
              <properties>
                <property name="retryIteration" value="0" />
                <property name="repeatIteration" value="0" />
              </properties>
            </test-case>
            <test-case id="1052" name="EncodeText_SkipsCharactersOutsideTable" fullname="Decoder.Tests.ChineseTelegraphCodeTests.EncodeText_SkipsCharactersOutsideTable" methodname="EncodeText_SkipsCharactersOutsideTable" classname="Decoder.Tests.ChineseTelegraphCodeTests" runstate="Runnable" seed="968419651" result="Passed" start-time="2026-08-13 13:29:33Z" end-time="2026-08-13 13:29:33Z" duration="0.000062" asserts="0">
              <properties>
                <property name="retryIteration" value="0" />
                <property name="repeatIteration" value="0" />
              </properties>
            </test-case>
            <test-case id="1053" name="EncodeThenDecode_RoundTripsExactly" fullname="Decoder.Tests.ChineseTelegraphCodeTests.EncodeThenDecode_RoundTripsExactly" methodname="EncodeThenDecode_RoundTripsExactly" classname="Decoder.Tests.ChineseTelegraphCodeTests" runstate="Runnable" seed="1987148595" result="Passed" start-time="2026-08-13 13:29:33Z" end-time="2026-08-13 13:29:33Z" duration="0.000147" asserts="0">
              <properties>
                <property name="retryIteration" value="0" />
                <property name="repeatIteration" value="0" />
              </properties>
            </test-case>
            <test-case id="1056" name="Parse_HandlesCarriageReturns" fullname="Decoder.Tests.ChineseTelegraphCodeTests.Parse_HandlesCarriageReturns" methodname="Parse_HandlesCarriageReturns" classname="Decoder.Tests.ChineseTelegraphCodeTests" runstate="Runnable" seed="862292246" result="Passed" start-time="2026-08-13 13:29:33Z" end-time="2026-08-13 13:29:33Z" duration="0.000172" asserts="0">
              <properties>
                <property name="retryIteration" value="0" />
                <property name="repeatIteration" value="0" />
              </properties>
            </test-case>
            <test-case id="1055" name="Parse_IgnoresMalformedLines" fullname="Decoder.Tests.ChineseTelegraphCodeTests.Parse_IgnoresMalformedLines" methodname="Parse_IgnoresMalformedLines" classname="Decoder.Tests.ChineseTelegraphCodeTests" runstate="Runnable" seed="934075152" result="Passed" start-time="2026-08-13 13:29:33Z" end-time="2026-08-13 13:29:33Z" duration="0.000077" asserts="0">
              <properties>
                <property name="retryIteration" value="0" />
                <property name="repeatIteration" value="0" />
              </properties>
            </test-case>
            <test-case id="1039" name="Parse_ReadsEveryRecord" fullname="Decoder.Tests.ChineseTelegraphCodeTests.Parse_ReadsEveryRecord" methodname="Parse_ReadsEveryRecord" classname="Decoder.Tests.ChineseTelegraphCodeTests" runstate="Runnable" seed="543163795" result="Passed" start-time="2026-08-13 13:29:33Z" end-time="2026-08-13 13:29:33Z" duration="0.000065" asserts="0">
              <properties>
                <property name="retryIteration" value="0" />
                <property name="repeatIteration" value="0" />
              </properties>
            </test-case>
            <test-case id="1057" name="SharedTable_LoadsFullDataset" fullname="Decoder.Tests.ChineseTelegraphCodeTests.SharedTable_LoadsFullDataset" methodname="SharedTable_LoadsFullDataset" classname="Decoder.Tests.ChineseTelegraphCodeTests" runstate="Runnable" seed="255150933" result="Passed" start-time="2026-08-13 13:29:33Z" end-time="2026-08-13 13:29:33Z" duration="0.007140" asserts="0">
              <properties>
                <property name="retryIteration" value="0" />
                <property name="repeatIteration" value="0" />
              </properties>
            </test-case>
            <test-suite type="ParameterizedMethod" id="1065" name="SharedTable_MatchesKnownHistoricalCodes" fullname="Decoder.Tests.ChineseTelegraphCodeTests.SharedTable_MatchesKnownHistoricalCodes" classname="Decoder.Tests.ChineseTelegraphCodeTests" runstate="Runnable" testcasecount="7" result="Passed" start-time="2026-08-13 13:29:33Z" end-time="2026-08-13 13:29:33Z" duration="0.001000" total="7" passed="7" failed="0" inconclusive="0" skipped="0" asserts="0">
              <properties />
              <test-case id="1058" name="SharedTable_MatchesKnownHistoricalCodes(&quot;0001&quot;,'一')" fullname="Decoder.Tests.ChineseTelegraphCodeTests.SharedTable_MatchesKnownHistoricalCodes(&quot;0001&quot;,'一')" methodname="SharedTable_MatchesKnownHistoricalCodes" classname="Decoder.Tests.ChineseTelegraphCodeTests" runstate="Runnable" seed="709256252" result="Passed" start-time="2026-08-13 13:29:33Z" end-time="2026-08-13 13:29:33Z" duration="0.000225" asserts="0">
                <properties>
                  <property name="retryIteration" value="0" />
                  <property name="repeatIteration" value="0" />
                </properties>
              </test-case>
              <test-case id="1059" name="SharedTable_MatchesKnownHistoricalCodes(&quot;0022&quot;,'中')" fullname="Decoder.Tests.ChineseTelegraphCodeTests.SharedTable_MatchesKnownHistoricalCodes(&quot;0022&quot;,'中')" methodname="SharedTable_MatchesKnownHistoricalCodes" classname="Decoder.Tests.ChineseTelegraphCodeTests" runstate="Runnable" seed="1261072297" result="Passed" start-time="2026-08-13 13:29:33Z" end-time="2026-08-13 13:29:33Z" duration="0.000042" asserts="0">
                <properties>
                  <property name="retryIteration" value="0" />
                  <property name="repeatIteration" value="0" />
                </properties>
              </test-case>
              <test-case id="1060" name="SharedTable_MatchesKnownHistoricalCodes(&quot;0079&quot;,'京')" fullname="Decoder.Tests.ChineseTelegraphCodeTests.SharedTable_MatchesKnownHistoricalCodes(&quot;0079&quot;,'京')" methodname="SharedTable_MatchesKnownHistoricalCodes" classname="Decoder.Tests.ChineseTelegraphCodeTests" runstate="Runnable" seed="211078237" result="Passed" start-time="2026-08-13 13:29:33Z" end-time="2026-08-13 13:29:33Z" duration="0.000028" asserts="0">
                <properties>
                  <property name="retryIteration" value="0" />
                  <property name="repeatIteration" value="0" />
                </properties>
              </test-case>
              <test-case id="1061" name="SharedTable_MatchesKnownHistoricalCodes(&quot;0554&quot;,'北')" fullname="Decoder.Tests.ChineseTelegraphCodeTests.SharedTable_MatchesKnownHistoricalCodes(&quot;0554&quot;,'北')" methodname="SharedTable_MatchesKnownHistoricalCodes" classname="Decoder.Tests.ChineseTelegraphCodeTests" runstate="Runnable" seed="440245948" result="Passed" start-time="2026-08-13 13:29:33Z" end-time="2026-08-13 13:29:33Z" duration="0.000040" asserts="0">
                <properties>
                  <property name="retryIteration" value="0" />
                  <property name="repeatIteration" value="0" />
                </properties>
              </test-case>
              <test-case id="1062" name="SharedTable_MatchesKnownHistoricalCodes(&quot;2429&quot;,'文')" fullname="Decoder.Tests.ChineseTelegraphCodeTests.SharedTable_MatchesKnownHistoricalCodes(&quot;2429&quot;,'文')" methodname="SharedTable_MatchesKnownHistoricalCodes" classname="Decoder.Tests.ChineseTelegraphCodeTests" runstate="Runnable" seed="779774023" result="Passed" start-time="2026-08-13 13:29:33Z" end-time="2026-08-13 13:29:33Z" duration="0.000026" asserts="0">
                <properties>
                  <property name="retryIteration" value="0" />
                  <property name="repeatIteration" value="0" />
                </properties>
              </test-case>
              <test-case id="1063" name="SharedTable_MatchesKnownHistoricalCodes(&quot;4316&quot;,'码')" fullname="Decoder.Tests.ChineseTelegraphCodeTests.SharedTable_MatchesKnownHistoricalCodes(&quot;4316&quot;,'码')" methodname="SharedTable_MatchesKnownHistoricalCodes" classname="Decoder.Tests.ChineseTelegraphCodeTests" runstate="Runnable" seed="499683832" result="Passed" start-time="2026-08-13 13:29:33Z" end-time="2026-08-13 13:29:33Z" duration="0.000024" asserts="0">
                <properties>
                  <property name="retryIteration" value="0" />
                  <property name="repeatIteration" value="0" />
                </properties>
              </test-case>
              <test-case id="1064" name="SharedTable_MatchesKnownHistoricalCodes(&quot;7193&quot;,'电')" fullname="Decoder.Tests.ChineseTelegraphCodeTests.SharedTable_MatchesKnownHistoricalCodes(&quot;7193&quot;,'电')" methodname="SharedTable_MatchesKnownHistoricalCodes" classname="Decoder.Tests.ChineseTelegraphCodeTests" runstate="Runnable" seed="1881610296" result="Passed" start-time="2026-08-13 13:29:33Z" end-time="2026-08-13 13:29:33Z" duration="0.000025" asserts="0">
                <properties>
                  <property name="retryIteration" value="0" />
                  <property name="repeatIteration" value="0" />
                </properties>
              </test-case>
            </test-suite>
            <test-case id="1066" name="SharedTable_RoundTripsRealSentence" fullname="Decoder.Tests.ChineseTelegraphCodeTests.SharedTable_RoundTripsRealSentence" methodname="SharedTable_RoundTripsRealSentence" classname="Decoder.Tests.ChineseTelegraphCodeTests" runstate="Runnable" seed="1857381352" result="Passed" start-time="2026-08-13 13:29:33Z" end-time="2026-08-13 13:29:33Z" duration="0.000110" asserts="0">
              <properties>
                <property name="retryIteration" value="0" />
                <property name="repeatIteration" value="0" />
              </properties>
            </test-case>
            <test-case id="1054" name="ToDigitStream_StripsSeparators" fullname="Decoder.Tests.ChineseTelegraphCodeTests.ToDigitStream_StripsSeparators" methodname="ToDigitStream_StripsSeparators" classname="Decoder.Tests.ChineseTelegraphCodeTests" runstate="Runnable" seed="1211200758" result="Passed" start-time="2026-08-13 13:29:33Z" end-time="2026-08-13 13:29:33Z" duration="0.000061" asserts="0">
              <properties>
                <property name="retryIteration" value="0" />
                <property name="repeatIteration" value="0" />
              </properties>
            </test-case>
            <test-suite type="ParameterizedMethod" id="1045" name="TryGetCharacter_ReturnsMappedCharacter" fullname="Decoder.Tests.ChineseTelegraphCodeTests.TryGetCharacter_ReturnsMappedCharacter" classname="Decoder.Tests.ChineseTelegraphCodeTests" runstate="Runnable" testcasecount="5" result="Passed" start-time="2026-08-13 13:29:33Z" end-time="2026-08-13 13:29:33Z" duration="0.000578" total="5" passed="5" failed="0" inconclusive="0" skipped="0" asserts="0">
              <properties />
              <test-case id="1040" name="TryGetCharacter_ReturnsMappedCharacter(&quot;0001&quot;,'一')" fullname="Decoder.Tests.ChineseTelegraphCodeTests.TryGetCharacter_ReturnsMappedCharacter(&quot;0001&quot;,'一')" methodname="TryGetCharacter_ReturnsMappedCharacter" classname="Decoder.Tests.ChineseTelegraphCodeTests" runstate="Runnable" seed="376705148" result="Passed" start-time="2026-08-13 13:29:33Z" end-time="2026-08-13 13:29:33Z" duration="0.000108" asserts="0">
                <properties>
                  <property name="retryIteration" value="0" />
                  <property name="repeatIteration" value="0" />
                </properties>
              </test-case>
              <test-case id="1041" name="TryGetCharacter_ReturnsMappedCharacter(&quot;0022&quot;,'中')" fullname="Decoder.Tests.ChineseTelegraphCodeTests.TryGetCharacter_ReturnsMappedCharacter(&quot;0022&quot;,'中')" methodname="TryGetCharacter_ReturnsMappedCharacter" classname="Decoder.Tests.ChineseTelegraphCodeTests" runstate="Runnable" seed="1927823707" result="Passed" start-time="2026-08-13 13:29:33Z" end-time="2026-08-13 13:29:33Z" duration="0.000032" asserts="0">
                <properties>
                  <property name="retryIteration" value="0" />
                  <property name="repeatIteration" value="0" />
                </properties>
              </test-case>
              <test-case id="1042" name="TryGetCharacter_ReturnsMappedCharacter(&quot;2429&quot;,'文')" fullname="Decoder.Tests.ChineseTelegraphCodeTests.TryGetCharacter_ReturnsMappedCharacter(&quot;2429&quot;,'文')" methodname="TryGetCharacter_ReturnsMappedCharacter" classname="Decoder.Tests.ChineseTelegraphCodeTests" runstate="Runnable" seed="1635805690" result="Passed" start-time="2026-08-13 13:29:33Z" end-time="2026-08-13 13:29:33Z" duration="0.000027" asserts="0">
                <properties>
                  <property name="retryIteration" value="0" />
                  <property name="repeatIteration" value="0" />
                </properties>
              </test-case>
              <test-case id="1043" name="TryGetCharacter_ReturnsMappedCharacter(&quot;7193&quot;,'电')" fullname="Decoder.Tests.ChineseTelegraphCodeTests.TryGetCharacter_ReturnsMappedCharacter(&quot;7193&quot;,'电')" methodname="TryGetCharacter_ReturnsMappedCharacter" classname="Decoder.Tests.ChineseTelegraphCodeTests" runstate="Runnable" seed="151952229" result="Passed" start-time="2026-08-13 13:29:33Z" end-time="2026-08-13 13:29:33Z" duration="0.000031" asserts="0">
                <properties>
                  <property name="retryIteration" value="0" />
                  <property name="repeatIteration" value="0" />
                </properties>
              </test-case>
              <test-case id="1044" name="TryGetCharacter_ReturnsMappedCharacter(&quot;4316&quot;,'码')" fullname="Decoder.Tests.ChineseTelegraphCodeTests.TryGetCharacter_ReturnsMappedCharacter(&quot;4316&quot;,'码')" methodname="TryGetCharacter_ReturnsMappedCharacter" classname="Decoder.Tests.ChineseTelegraphCodeTests" runstate="Runnable" seed="1808529061" result="Passed" start-time="2026-08-13 13:29:33Z" end-time="2026-08-13 13:29:33Z" duration="0.000027" asserts="0">
                <properties>
                  <property name="retryIteration" value="0" />
                  <property name="repeatIteration" value="0" />
                </properties>
              </test-case>
            </test-suite>
            <test-case id="1046" name="TryGetCharacter_UnknownCodeFails" fullname="Decoder.Tests.ChineseTelegraphCodeTests.TryGetCharacter_UnknownCodeFails" methodname="TryGetCharacter_UnknownCodeFails" classname="Decoder.Tests.ChineseTelegraphCodeTests" runstate="Runnable" seed="379876003" result="Passed" start-time="2026-08-13 13:29:33Z" end-time="2026-08-13 13:29:33Z" duration="0.000081" asserts="0">
              <properties>
                <property name="retryIteration" value="0" />
                <property name="repeatIteration" value="0" />
              </properties>
            </test-case>
            <test-case id="1047" name="TryGetCode_IsInverseOfTryGetCharacter" fullname="Decoder.Tests.ChineseTelegraphCodeTests.TryGetCode_IsInverseOfTryGetCharacter" methodname="TryGetCode_IsInverseOfTryGetCharacter" classname="Decoder.Tests.ChineseTelegraphCodeTests" runstate="Runnable" seed="90015953" result="Passed" start-time="2026-08-13 13:29:33Z" end-time="2026-08-13 13:29:33Z" duration="0.000105" asserts="0">
              <properties>
                <property name="retryIteration" value="0" />
                <property name="repeatIteration" value="0" />
              </properties>
            </test-case>
          </test-suite>
          <test-suite type="TestFixture" id="1067" name="MorseCodeTests" fullname="Decoder.Tests.MorseCodeTests" classname="Decoder.Tests.MorseCodeTests" runstate="Runnable" testcasecount="28" result="Passed" start-time="2026-08-13 13:29:33Z" end-time="2026-08-13 13:29:33Z" duration="0.008640" total="28" passed="28" failed="0" inconclusive="0" skipped="0" asserts="0">
            <properties />
            <test-case id="1099" name="BuildTimeline_AllSegmentsHavePositiveDuration" fullname="Decoder.Tests.MorseCodeTests.BuildTimeline_AllSegmentsHavePositiveDuration" methodname="BuildTimeline_AllSegmentsHavePositiveDuration" classname="Decoder.Tests.MorseCodeTests" runstate="Runnable" seed="1903922761" result="Passed" start-time="2026-08-13 13:29:33Z" end-time="2026-08-13 13:29:33Z" duration="0.002953" asserts="0">
              <properties>
                <property name="retryIteration" value="0" />
                <property name="repeatIteration" value="0" />
              </properties>
            </test-case>
            <test-case id="1094" name="BuildTimeline_InterCharacterGapIsThreeUnits" fullname="Decoder.Tests.MorseCodeTests.BuildTimeline_InterCharacterGapIsThreeUnits" methodname="BuildTimeline_InterCharacterGapIsThreeUnits" classname="Decoder.Tests.MorseCodeTests" runstate="Runnable" seed="1519919052" result="Passed" start-time="2026-08-13 13:29:33Z" end-time="2026-08-13 13:29:33Z" duration="0.000180" asserts="0">
              <properties>
                <property name="retryIteration" value="0" />
                <property name="repeatIteration" value="0" />
              </properties>
            </test-case>
            <test-case id="1093" name="BuildTimeline_IntraCharacterGapIsOneUnit" fullname="Decoder.Tests.MorseCodeTests.BuildTimeline_IntraCharacterGapIsOneUnit" methodname="BuildTimeline_IntraCharacterGapIsOneUnit" classname="Decoder.Tests.MorseCodeTests" runstate="Runnable" seed="2046406070" result="Passed" start-time="2026-08-13 13:29:33Z" end-time="2026-08-13 13:29:33Z" duration="0.000155" asserts="0">
              <properties>
                <property name="retryIteration" value="0" />
                <property name="repeatIteration" value="0" />
              </properties>
            </test-case>
            <test-case id="1096" name="BuildTimeline_NeverEndsWithSilence" fullname="Decoder.Tests.MorseCodeTests.BuildTimeline_NeverEndsWithSilence" methodname="BuildTimeline_NeverEndsWithSilence" classname="Decoder.Tests.MorseCodeTests" runstate="Runnable" seed="277329633" result="Passed" start-time="2026-08-13 13:29:33Z" end-time="2026-08-13 13:29:33Z" duration="0.000459" asserts="0">
              <properties>
                <property name="retryIteration" value="0" />
                <property name="repeatIteration" value="0" />
              </properties>
            </test-case>
            <test-case id="1097" name="BuildTimeline_ParisAtTwentyWpmTakesThreeSeconds" fullname="Decoder.Tests.MorseCodeTests.BuildTimeline_ParisAtTwentyWpmTakesThreeSeconds" methodname="BuildTimeline_ParisAtTwentyWpmTakesThreeSeconds" classname="Decoder.Tests.MorseCodeTests" runstate="Runnable" seed="1283006178" result="Passed" start-time="2026-08-13 13:29:33Z" end-time="2026-08-13 13:29:33Z" duration="0.000185" asserts="0">
              <properties>
                <property name="retryIteration" value="0" />
                <property name="repeatIteration" value="0" />
              </properties>
            </test-case>
            <test-case id="1092" name="BuildTimeline_SingleDahIsThreeUnitsOfCarrier" fullname="Decoder.Tests.MorseCodeTests.BuildTimeline_SingleDahIsThreeUnitsOfCarrier" methodname="BuildTimeline_SingleDahIsThreeUnitsOfCarrier" classname="Decoder.Tests.MorseCodeTests" runstate="Runnable" seed="2050696444" result="Passed" start-time="2026-08-13 13:29:33Z" end-time="2026-08-13 13:29:33Z" duration="0.000139" asserts="0">
              <properties>
                <property name="retryIteration" value="0" />
                <property name="repeatIteration" value="0" />
              </properties>
            </test-case>
            <test-case id="1091" name="BuildTimeline_SingleDitIsOneUnitOfCarrier" fullname="Decoder.Tests.MorseCodeTests.BuildTimeline_SingleDitIsOneUnitOfCarrier" methodname="BuildTimeline_SingleDitIsOneUnitOfCarrier" classname="Decoder.Tests.MorseCodeTests" runstate="Runnable" seed="1334950208" result="Passed" start-time="2026-08-13 13:29:33Z" end-time="2026-08-13 13:29:33Z" duration="0.000118" asserts="0">
              <properties>
                <property name="retryIteration" value="0" />
                <property name="repeatIteration" value="0" />
              </properties>
            </test-case>
            <test-case id="1098" name="BuildTimeline_TotalTimeScalesInverselyWithSpeed" fullname="Decoder.Tests.MorseCodeTests.BuildTimeline_TotalTimeScalesInverselyWithSpeed" methodname="BuildTimeline_TotalTimeScalesInverselyWithSpeed" classname="Decoder.Tests.MorseCodeTests" runstate="Runnable" seed="658598772" result="Passed" start-time="2026-08-13 13:29:33Z" end-time="2026-08-13 13:29:33Z" duration="0.000078" asserts="0">
              <properties>
                <property name="retryIteration" value="0" />
                <property name="repeatIteration" value="0" />
              </properties>
            </test-case>
            <test-case id="1095" name="BuildTimeline_WordGapIsSevenUnits" fullname="Decoder.Tests.MorseCodeTests.BuildTimeline_WordGapIsSevenUnits" methodname="BuildTimeline_WordGapIsSevenUnits" classname="Decoder.Tests.MorseCodeTests" runstate="Runnable" seed="641018950" result="Passed" start-time="2026-08-13 13:29:33Z" end-time="2026-08-13 13:29:33Z" duration="0.000107" asserts="0">
              <properties>
                <property name="retryIteration" value="0" />
                <property name="repeatIteration" value="0" />
              </properties>
            </test-case>
            <test-case id="1086" name="Decode_EmptyInputReturnsEmpty" fullname="Decoder.Tests.MorseCodeTests.Decode_EmptyInputReturnsEmpty" methodname="Decode_EmptyInputReturnsEmpty" classname="Decoder.Tests.MorseCodeTests" runstate="Runnable" seed="382002145" result="Passed" start-time="2026-08-13 13:29:33Z" end-time="2026-08-13 13:29:33Z" duration="0.000203" asserts="0">
              <properties>
                <property name="retryIteration" value="0" />
                <property name="repeatIteration" value="0" />
              </properties>
            </test-case>
            <test-suite type="ParameterizedMethod" id="1078" name="Decode_MatchesItuStandardPatterns" fullname="Decoder.Tests.MorseCodeTests.Decode_MatchesItuStandardPatterns" classname="Decoder.Tests.MorseCodeTests" runstate="Runnable" testcasecount="3" result="Passed" start-time="2026-08-13 13:29:33Z" end-time="2026-08-13 13:29:33Z" duration="0.000570" total="3" passed="3" failed="0" inconclusive="0" skipped="0" asserts="0">
              <properties />
              <test-case id="1075" name="Decode_MatchesItuStandardPatterns(&quot;... --- ...&quot;,&quot;SOS&quot;)" fullname="Decoder.Tests.MorseCodeTests.Decode_MatchesItuStandardPatterns(&quot;... --- ...&quot;,&quot;SOS&quot;)" methodname="Decode_MatchesItuStandardPatterns" classname="Decoder.Tests.MorseCodeTests" runstate="Runnable" seed="405524415" result="Passed" start-time="2026-08-13 13:29:33Z" end-time="2026-08-13 13:29:33Z" duration="0.000207" asserts="0">
                <properties>
                  <property name="retryIteration" value="0" />
                  <property name="repeatIteration" value="0" />
                </properties>
              </test-case>
              <test-case id="1076" name="Decode_MatchesItuStandardPatterns(&quot;.... . .-.. .-.. --- / .-- --- .-. .-.. -..&quot;,&quot;HELLO WORLD&quot;)" fullname="Decoder.Tests.MorseCodeTests.Decode_MatchesItuStandardPatterns(&quot;.... . .-.. .-.. --- / .-- --- .-. .-.. -..&quot;,&quot;HELLO WORLD&quot;)" methodname="Decode_MatchesItuStandardPatterns" classname="Decoder.Tests.MorseCodeTests" runstate="Runnable" seed="1824071383" result="Passed" start-time="2026-08-13 13:29:33Z" end-time="2026-08-13 13:29:33Z" duration="0.000041" asserts="0">
                <properties>
                  <property name="retryIteration" value="0" />
                  <property name="repeatIteration" value="0" />
                </properties>
              </test-case>
              <test-case id="1077" name="Decode_MatchesItuStandardPatterns(&quot;----- ----- ..--- ..---&quot;,&quot;0022&quot;)" fullname="Decoder.Tests.MorseCodeTests.Decode_MatchesItuStandardPatterns(&quot;----- ----- ..--- ..---&quot;,&quot;0022&quot;)" methodname="Decode_MatchesItuStandardPatterns" classname="Decoder.Tests.MorseCodeTests" runstate="Runnable" seed="558866070" result="Passed" start-time="2026-08-13 13:29:33Z" end-time="2026-08-13 13:29:33Z" duration="0.000025" asserts="0">
                <properties>
                  <property name="retryIteration" value="0" />
                  <property name="repeatIteration" value="0" />
                </properties>
              </test-case>
            </test-suite>
            <test-case id="1085" name="Decode_UnknownPatternBecomesQuestionMark" fullname="Decoder.Tests.MorseCodeTests.Decode_UnknownPatternBecomesQuestionMark" methodname="Decode_UnknownPatternBecomesQuestionMark" classname="Decoder.Tests.MorseCodeTests" runstate="Runnable" seed="1036042890" result="Passed" start-time="2026-08-13 13:29:33Z" end-time="2026-08-13 13:29:33Z" duration="0.000066" asserts="0">
              <properties>
                <property name="retryIteration" value="0" />
                <property name="repeatIteration" value="0" />
              </properties>
            </test-case>
            <test-suite type="ParameterizedMethod" id="1074" name="Encode_MatchesItuStandardPatterns" fullname="Decoder.Tests.MorseCodeTests.Encode_MatchesItuStandardPatterns" classname="Decoder.Tests.MorseCodeTests" runstate="Runnable" testcasecount="6" result="Passed" start-time="2026-08-13 13:29:33Z" end-time="2026-08-13 13:29:33Z" duration="0.000746" total="6" passed="6" failed="0" inconclusive="0" skipped="0" asserts="0">
              <properties />
              <test-case id="1068" name="Encode_MatchesItuStandardPatterns(&quot;SOS&quot;,&quot;... --- ...&quot;)" fullname="Decoder.Tests.MorseCodeTests.Encode_MatchesItuStandardPatterns(&quot;SOS&quot;,&quot;... --- ...&quot;)" methodname="Encode_MatchesItuStandardPatterns" classname="Decoder.Tests.MorseCodeTests" runstate="Runnable" seed="1746812218" result="Passed" start-time="2026-08-13 13:29:33Z" end-time="2026-08-13 13:29:33Z" duration="0.000094" asserts="0">
                <properties>
                  <property name="retryIteration" value="0" />
                  <property name="repeatIteration" value="0" />
                </properties>
              </test-case>
              <test-case id="1069" name="Encode_MatchesItuStandardPatterns(&quot;E&quot;,&quot;.&quot;)" fullname="Decoder.Tests.MorseCodeTests.Encode_MatchesItuStandardPatterns(&quot;E&quot;,&quot;.&quot;)" methodname="Encode_MatchesItuStandardPatterns" classname="Decoder.Tests.MorseCodeTests" runstate="Runnable" seed="2132139373" result="Passed" start-time="2026-08-13 13:29:33Z" end-time="2026-08-13 13:29:33Z" duration="0.000040" asserts="0">
                <properties>
                  <property name="retryIteration" value="0" />
                  <property name="repeatIteration" value="0" />
                </properties>
              </test-case>
              <test-case id="1070" name="Encode_MatchesItuStandardPatterns(&quot;T&quot;,&quot;-&quot;)" fullname="Decoder.Tests.MorseCodeTests.Encode_MatchesItuStandardPatterns(&quot;T&quot;,&quot;-&quot;)" methodname="Encode_MatchesItuStandardPatterns" classname="Decoder.Tests.MorseCodeTests" runstate="Runnable" seed="873546231" result="Passed" start-time="2026-08-13 13:29:33Z" end-time="2026-08-13 13:29:33Z" duration="0.000029" asserts="0">
                <properties>
                  <property name="retryIteration" value="0" />
                  <property name="repeatIteration" value="0" />
                </properties>
              </test-case>
              <test-case id="1071" name="Encode_MatchesItuStandardPatterns(&quot;PARIS&quot;,&quot;.--. .- .-. .. ...&quot;)" fullname="Decoder.Tests.MorseCodeTests.Encode_MatchesItuStandardPatterns(&quot;PARIS&quot;,&quot;.--. .- .-. .. ...&quot;)" methodname="Encode_MatchesItuStandardPatterns" classname="Decoder.Tests.MorseCodeTests" runstate="Runnable" seed="1000471314" result="Passed" start-time="2026-08-13 13:29:33Z" end-time="2026-08-13 13:29:33Z" duration="0.000032" asserts="0">
                <properties>
                  <property name="retryIteration" value="0" />
                  <property name="repeatIteration" value="0" />
                </properties>
              </test-case>
              <test-case id="1072" name="Encode_MatchesItuStandardPatterns(&quot;0022&quot;,&quot;----- ----- ..--- ..---&quot;)" fullname="Decoder.Tests.MorseCodeTests.Encode_MatchesItuStandardPatterns(&quot;0022&quot;,&quot;----- ----- ..--- ..---&quot;)" methodname="Encode_MatchesItuStandardPatterns" classname="Decoder.Tests.MorseCodeTests" runstate="Runnable" seed="613378390" result="Passed" start-time="2026-08-13 13:29:33Z" end-time="2026-08-13 13:29:33Z" duration="0.000028" asserts="0">
                <properties>
                  <property name="retryIteration" value="0" />
                  <property name="repeatIteration" value="0" />
                </properties>
              </test-case>
              <test-case id="1073" name="Encode_MatchesItuStandardPatterns(&quot;HELLO WORLD&quot;,&quot;.... . .-.. .-.. --- / .-- --- .-. .-.. -..&quot;)" fullname="Decoder.Tests.MorseCodeTests.Encode_MatchesItuStandardPatterns(&quot;HELLO WORLD&quot;,&quot;.... . .-.. .-.. --- / .-- --- .-. .-.. -..&quot;)" methodname="Encode_MatchesItuStandardPatterns" classname="Decoder.Tests.MorseCodeTests" runstate="Runnable" seed="1859896357" result="Passed" start-time="2026-08-13 13:29:33Z" end-time="2026-08-13 13:29:33Z" duration="0.000038" asserts="0">
                <properties>
                  <property name="retryIteration" value="0" />
                  <property name="repeatIteration" value="0" />
                </properties>
              </test-case>
            </test-suite>
            <test-case id="1084" name="Encode_SkipsUnsupportedCharacters" fullname="Decoder.Tests.MorseCodeTests.Encode_SkipsUnsupportedCharacters" methodname="Encode_SkipsUnsupportedCharacters" classname="Decoder.Tests.MorseCodeTests" runstate="Runnable" seed="521048779" result="Passed" start-time="2026-08-13 13:29:33Z" end-time="2026-08-13 13:29:33Z" duration="0.000075" asserts="0">
              <properties>
                <property name="retryIteration" value="0" />
                <property name="repeatIteration" value="0" />
              </properties>
            </test-case>
            <test-suite type="ParameterizedMethod" id="1083" name="EncodeThenDecode_RoundTripsExactly" fullname="Decoder.Tests.MorseCodeTests.EncodeThenDecode_RoundTripsExactly" classname="Decoder.Tests.MorseCodeTests" runstate="Runnable" testcasecount="4" result="Passed" start-time="2026-08-13 13:29:33Z" end-time="2026-08-13 13:29:33Z" duration="0.000636" total="4" passed="4" failed="0" inconclusive="0" skipped="0" asserts="0">
              <properties />
              <test-case id="1079" name="EncodeThenDecode_RoundTripsExactly(&quot;THE QUICK BROWN FOX JUMPS OVER THE LAZY DOG&quot;)" fullname="Decoder.Tests.MorseCodeTests.EncodeThenDecode_RoundTripsExactly(&quot;THE QUICK BROWN FOX JUMPS OVER THE LAZY DOG&quot;)" methodname="EncodeThenDecode_RoundTripsExactly" classname="Decoder.Tests.MorseCodeTests" runstate="Runnable" seed="1398405389" result="Passed" start-time="2026-08-13 13:29:33Z" end-time="2026-08-13 13:29:33Z" duration="0.000119" asserts="0">
                <properties>
                  <property name="retryIteration" value="0" />
                  <property name="repeatIteration" value="0" />
                </properties>
              </test-case>
              <test-case id="1080" name="EncodeThenDecode_RoundTripsExactly(&quot;0123456789&quot;)" fullname="Decoder.Tests.MorseCodeTests.EncodeThenDecode_RoundTripsExactly(&quot;0123456789&quot;)" methodname="EncodeThenDecode_RoundTripsExactly" classname="Decoder.Tests.MorseCodeTests" runstate="Runnable" seed="922595058" result="Passed" start-time="2026-08-13 13:29:33Z" end-time="2026-08-13 13:29:33Z" duration="0.000036" asserts="0">
                <properties>
                  <property name="retryIteration" value="0" />
                  <property name="repeatIteration" value="0" />
                </properties>
              </test-case>
              <test-case id="1081" name="EncodeThenDecode_RoundTripsExactly(&quot;CQ CQ DE R7X K&quot;)" fullname="Decoder.Tests.MorseCodeTests.EncodeThenDecode_RoundTripsExactly(&quot;CQ CQ DE R7X K&quot;)" methodname="EncodeThenDecode_RoundTripsExactly" classname="Decoder.Tests.MorseCodeTests" runstate="Runnable" seed="1280884442" result="Passed" start-time="2026-08-13 13:29:33Z" end-time="2026-08-13 13:29:33Z" duration="0.000036" asserts="0">
                <properties>
                  <property name="retryIteration" value="0" />
                  <property name="repeatIteration" value="0" />
                </properties>
              </test-case>
              <test-case id="1082" name="EncodeThenDecode_RoundTripsExactly(&quot;0022 2429 7193 4316&quot;)" fullname="Decoder.Tests.MorseCodeTests.EncodeThenDecode_RoundTripsExactly(&quot;0022 2429 7193 4316&quot;)" methodname="EncodeThenDecode_RoundTripsExactly" classname="Decoder.Tests.MorseCodeTests" runstate="Runnable" seed="1418260428" result="Passed" start-time="2026-08-13 13:29:33Z" end-time="2026-08-13 13:29:33Z" duration="0.000039" asserts="0">
                <properties>
                  <property name="retryIteration" value="0" />
                  <property name="repeatIteration" value="0" />
                </properties>
              </test-case>
            </test-suite>
            <test-suite type="ParameterizedMethod" id="1090" name="UnitSeconds_FollowsParisFormula" fullname="Decoder.Tests.MorseCodeTests.UnitSeconds_FollowsParisFormula" classname="Decoder.Tests.MorseCodeTests" runstate="Runnable" testcasecount="3" result="Passed" start-time="2026-08-13 13:29:33Z" end-time="2026-08-13 13:29:33Z" duration="0.000578" total="3" passed="3" failed="0" inconclusive="0" skipped="0" asserts="0">
              <properties />
              <test-case id="1087" name="UnitSeconds_FollowsParisFormula(20.0f,0.06f)" fullname="Decoder.Tests.MorseCodeTests.UnitSeconds_FollowsParisFormula(20.0f,0.06f)" methodname="UnitSeconds_FollowsParisFormula" classname="Decoder.Tests.MorseCodeTests" runstate="Runnable" seed="1362255809" result="Passed" start-time="2026-08-13 13:29:33Z" end-time="2026-08-13 13:29:33Z" duration="0.000167" asserts="0">
                <properties>
                  <property name="retryIteration" value="0" />
                  <property name="repeatIteration" value="0" />
                </properties>
              </test-case>
              <test-case id="1088" name="UnitSeconds_FollowsParisFormula(12.0f,0.1f)" fullname="Decoder.Tests.MorseCodeTests.UnitSeconds_FollowsParisFormula(12.0f,0.1f)" methodname="UnitSeconds_FollowsParisFormula" classname="Decoder.Tests.MorseCodeTests" runstate="Runnable" seed="1086192492" result="Passed" start-time="2026-08-13 13:29:33Z" end-time="2026-08-13 13:29:33Z" duration="0.000054" asserts="0">
                <properties>
                  <property name="retryIteration" value="0" />
                  <property name="repeatIteration" value="0" />
                </properties>
              </test-case>
              <test-case id="1089" name="UnitSeconds_FollowsParisFormula(5.0f,0.24f)" fullname="Decoder.Tests.MorseCodeTests.UnitSeconds_FollowsParisFormula(5.0f,0.24f)" methodname="UnitSeconds_FollowsParisFormula" classname="Decoder.Tests.MorseCodeTests" runstate="Runnable" seed="214538855" result="Passed" start-time="2026-08-13 13:29:33Z" end-time="2026-08-13 13:29:33Z" duration="0.000036" asserts="0">
                <properties>
                  <property name="retryIteration" value="0" />
                  <property name="repeatIteration" value="0" />
                </properties>
              </test-case>
            </test-suite>
          </test-suite>
          <test-suite type="TestFixture" id="1100" name="MorseReceiverTests" fullname="Decoder.Tests.MorseReceiverTests" classname="Decoder.Tests.MorseReceiverTests" runstate="Runnable" testcasecount="21" result="Passed" start-time="2026-08-13 13:29:33Z" end-time="2026-08-13 13:29:33Z" duration="0.009061" total="21" passed="21" failed="0" inconclusive="0" skipped="0" asserts="0">
            <properties />
            <test-case id="1116" name="Advance_DistinguishesDitFromDah" fullname="Decoder.Tests.MorseReceiverTests.Advance_DistinguishesDitFromDah" methodname="Advance_DistinguishesDitFromDah" classname="Decoder.Tests.MorseReceiverTests" runstate="Runnable" seed="2066979616" result="Passed" start-time="2026-08-13 13:29:33Z" end-time="2026-08-13 13:29:33Z" duration="0.000584" asserts="0">
              <properties>
                <property name="retryIteration" value="0" />
                <property name="repeatIteration" value="0" />
              </properties>
            </test-case>
            <test-case id="1113" name="Advance_DoesNotEmitTrailingSpace" fullname="Decoder.Tests.MorseReceiverTests.Advance_DoesNotEmitTrailingSpace" methodname="Advance_DoesNotEmitTrailingSpace" classname="Decoder.Tests.MorseReceiverTests" runstate="Runnable" seed="238386609" result="Passed" start-time="2026-08-13 13:29:33Z" end-time="2026-08-13 13:29:33Z" duration="0.000136" asserts="0">
              <properties>
                <property name="retryIteration" value="0" />
                <property name="repeatIteration" value="0" />
              </properties>
            </test-case>
            <test-case id="1111" name="Advance_IsRobustToCoarseSampling" fullname="Decoder.Tests.MorseReceiverTests.Advance_IsRobustToCoarseSampling" methodname="Advance_IsRobustToCoarseSampling" classname="Decoder.Tests.MorseReceiverTests" runstate="Runnable" seed="1074438148" result="Passed" start-time="2026-08-13 13:29:33Z" end-time="2026-08-13 13:29:33Z" duration="0.000079" asserts="0">
              <properties>
                <property name="retryIteration" value="0" />
                <property name="repeatIteration" value="0" />
              </properties>
            </test-case>
            <test-case id="1122" name="Advance_MatchesWhatTheSynthesizerActuallyKeys" fullname="Decoder.Tests.MorseReceiverTests.Advance_MatchesWhatTheSynthesizerActuallyKeys" methodname="Advance_MatchesWhatTheSynthesizerActuallyKeys" classname="Decoder.Tests.MorseReceiverTests" runstate="Runnable" seed="631005461" result="Passed" start-time="2026-08-13 13:29:33Z" end-time="2026-08-13 13:29:33Z" duration="0.000600" asserts="0">
              <properties>
                <property name="retryIteration" value="0" />
                <property name="repeatIteration" value="0" />
              </properties>
            </test-case>
            <test-case id="1110" name="Advance_RecoversTextAtHighSpeed" fullname="Decoder.Tests.MorseReceiverTests.Advance_RecoversTextAtHighSpeed" methodname="Advance_RecoversTextAtHighSpeed" classname="Decoder.Tests.MorseReceiverTests" runstate="Runnable" seed="403349362" result="Passed" start-time="2026-08-13 13:29:33Z" end-time="2026-08-13 13:29:33Z" duration="0.000115" asserts="0">
              <properties>
                <property name="retryIteration" value="0" />
                <property name="repeatIteration" value="0" />
              </properties>
            </test-case>
            <test-case id="1109" name="Advance_RecoversTextAtVeryLowSpeed" fullname="Decoder.Tests.MorseReceiverTests.Advance_RecoversTextAtVeryLowSpeed" methodname="Advance_RecoversTextAtVeryLowSpeed" classname="Decoder.Tests.MorseReceiverTests" runstate="Runnable" seed="1629753778" result="Passed" start-time="2026-08-13 13:29:33Z" end-time="2026-08-13 13:29:33Z" duration="0.000122" asserts="0">
              <properties>
                <property name="retryIteration" value="0" />
                <property name="repeatIteration" value="0" />
              </properties>
            </test-case>
            <test-suite type="ParameterizedMethod" id="1108" name="Advance_RecoversTransmittedText" fullname="Decoder.Tests.MorseReceiverTests.Advance_RecoversTransmittedText" classname="Decoder.Tests.MorseReceiverTests" runstate="Runnable" testcasecount="7" result="Passed" start-time="2026-08-13 13:29:33Z" end-time="2026-08-13 13:29:33Z" duration="0.001681" total="7" passed="7" failed="0" inconclusive="0" skipped="0" asserts="0">
              <properties />
              <test-case id="1101" name="Advance_RecoversTransmittedText(&quot;SOS&quot;,12.0f)" fullname="Decoder.Tests.MorseReceiverTests.Advance_RecoversTransmittedText(&quot;SOS&quot;,12.0f)" methodname="Advance_RecoversTransmittedText" classname="Decoder.Tests.MorseReceiverTests" runstate="Runnable" seed="1817211804" result="Passed" start-time="2026-08-13 13:29:33Z" end-time="2026-08-13 13:29:33Z" duration="0.000397" asserts="0">
                <properties>
                  <property name="retryIteration" value="0" />
                  <property name="repeatIteration" value="0" />
                </properties>
              </test-case>
              <test-case id="1102" name="Advance_RecoversTransmittedText(&quot;CQ&quot;,12.0f)" fullname="Decoder.Tests.MorseReceiverTests.Advance_RecoversTransmittedText(&quot;CQ&quot;,12.0f)" methodname="Advance_RecoversTransmittedText" classname="Decoder.Tests.MorseReceiverTests" runstate="Runnable" seed="540623908" result="Passed" start-time="2026-08-13 13:29:33Z" end-time="2026-08-13 13:29:33Z" duration="0.000064" asserts="0">
                <properties>
                  <property name="retryIteration" value="0" />
                  <property name="repeatIteration" value="0" />
                </properties>
              </test-case>
              <test-case id="1103" name="Advance_RecoversTransmittedText(&quot;PARIS&quot;,15.0f)" fullname="Decoder.Tests.MorseReceiverTests.Advance_RecoversTransmittedText(&quot;PARIS&quot;,15.0f)" methodname="Advance_RecoversTransmittedText" classname="Decoder.Tests.MorseReceiverTests" runstate="Runnable" seed="1221360437" result="Passed" start-time="2026-08-13 13:29:33Z" end-time="2026-08-13 13:29:33Z" duration="0.000057" asserts="0">
                <properties>
                  <property name="retryIteration" value="0" />
                  <property name="repeatIteration" value="0" />
                </properties>
              </test-case>
              <test-case id="1104" name="Advance_RecoversTransmittedText(&quot;R7X&quot;,14.0f)" fullname="Decoder.Tests.MorseReceiverTests.Advance_RecoversTransmittedText(&quot;R7X&quot;,14.0f)" methodname="Advance_RecoversTransmittedText" classname="Decoder.Tests.MorseReceiverTests" runstate="Runnable" seed="1223788547" result="Passed" start-time="2026-08-13 13:29:33Z" end-time="2026-08-13 13:29:33Z" duration="0.000040" asserts="0">
                <properties>
                  <property name="retryIteration" value="0" />
                  <property name="repeatIteration" value="0" />
                </properties>
              </test-case>
              <test-case id="1105" name="Advance_RecoversTransmittedText(&quot;0554&quot;,9.0f)" fullname="Decoder.Tests.MorseReceiverTests.Advance_RecoversTransmittedText(&quot;0554&quot;,9.0f)" methodname="Advance_RecoversTransmittedText" classname="Decoder.Tests.MorseReceiverTests" runstate="Runnable" seed="1944971909" result="Passed" start-time="2026-08-13 13:29:33Z" end-time="2026-08-13 13:29:33Z" duration="0.000052" asserts="0">
                <properties>
                  <property name="retryIteration" value="0" />
                  <property name="repeatIteration" value="0" />
                </properties>
              </test-case>
              <test-case id="1106" name="Advance_RecoversTransmittedText(&quot;05540079&quot;,9.0f)" fullname="Decoder.Tests.MorseReceiverTests.Advance_RecoversTransmittedText(&quot;05540079&quot;,9.0f)" methodname="Advance_RecoversTransmittedText" classname="Decoder.Tests.MorseReceiverTests" runstate="Runnable" seed="2074740458" result="Passed" start-time="2026-08-13 13:29:33Z" end-time="2026-08-13 13:29:33Z" duration="0.000086" asserts="0">
                <properties>
                  <property name="retryIteration" value="0" />
                  <property name="repeatIteration" value="0" />
                </properties>
              </test-case>
              <test-case id="1107" name="Advance_RecoversTransmittedText(&quot;THE QUICK BROWN FOX&quot;,18.0f)" fullname="Decoder.Tests.MorseReceiverTests.Advance_RecoversTransmittedText(&quot;THE QUICK BROWN FOX&quot;,18.0f)" methodname="Advance_RecoversTransmittedText" classname="Decoder.Tests.MorseReceiverTests" runstate="Runnable" seed="1645964170" result="Passed" start-time="2026-08-13 13:29:33Z" end-time="2026-08-13 13:29:33Z" duration="0.000076" asserts="0">
                <properties>
                  <property name="retryIteration" value="0" />
                  <property name="repeatIteration" value="0" />
                </properties>
              </test-case>
            </test-suite>
            <test-case id="1118" name="Advance_RestartsWhenTimeGoesBackwards" fullname="Decoder.Tests.MorseReceiverTests.Advance_RestartsWhenTimeGoesBackwards" methodname="Advance_RestartsWhenTimeGoesBackwards" classname="Decoder.Tests.MorseReceiverTests" runstate="Runnable" seed="1529200788" result="Passed" start-time="2026-08-13 13:29:33Z" end-time="2026-08-13 13:29:33Z" duration="0.000178" asserts="0">
              <properties>
                <property name="retryIteration" value="0" />
                <property name="repeatIteration" value="0" />
              </properties>
            </test-case>
            <test-case id="1112" name="Advance_SeparatesWordsWithSingleSpace" fullname="Decoder.Tests.MorseReceiverTests.Advance_SeparatesWordsWithSingleSpace" methodname="Advance_SeparatesWordsWithSingleSpace" classname="Decoder.Tests.MorseReceiverTests" runstate="Runnable" seed="254372713" result="Passed" start-time="2026-08-13 13:29:33Z" end-time="2026-08-13 13:29:33Z" duration="0.000189" asserts="0">
              <properties>
                <property name="retryIteration" value="0" />
                <property name="repeatIteration" value="0" />
              </properties>
            </test-case>
            <test-case id="1120" name="Format_RespectsAssistLevel" fullname="Decoder.Tests.MorseReceiverTests.Format_RespectsAssistLevel" methodname="Format_RespectsAssistLevel" classname="Decoder.Tests.MorseReceiverTests" runstate="Runnable" seed="820758110" result="Passed" start-time="2026-08-13 13:29:33Z" end-time="2026-08-13 13:29:33Z" duration="0.000781" asserts="0">
              <properties>
                <property name="retryIteration" value="0" />
                <property name="repeatIteration" value="0" />
              </properties>
            </test-case>
            <test-case id="1121" name="Format_SymbolsShowWordSeparator" fullname="Decoder.Tests.MorseReceiverTests.Format_SymbolsShowWordSeparator" methodname="Format_SymbolsShowWordSeparator" classname="Decoder.Tests.MorseReceiverTests" runstate="Runnable" seed="1533881667" result="Passed" start-time="2026-08-13 13:29:33Z" end-time="2026-08-13 13:29:33Z" duration="0.000125" asserts="0">
              <properties>
                <property name="retryIteration" value="0" />
                <property name="repeatIteration" value="0" />
              </properties>
            </test-case>
            <test-case id="1115" name="PendingSymbols_ClearsOnceCharacterCompletes" fullname="Decoder.Tests.MorseReceiverTests.PendingSymbols_ClearsOnceCharacterCompletes" methodname="PendingSymbols_ClearsOnceCharacterCompletes" classname="Decoder.Tests.MorseReceiverTests" runstate="Runnable" seed="308813213" result="Passed" start-time="2026-08-13 13:29:33Z" end-time="2026-08-13 13:29:33Z" duration="0.000117" asserts="0">
              <properties>
                <property name="retryIteration" value="0" />
                <property name="repeatIteration" value="0" />
              </properties>
            </test-case>
            <test-case id="1114" name="PendingSymbols_ShowsPartialCharacterWhileReceiving" fullname="Decoder.Tests.MorseReceiverTests.PendingSymbols_ShowsPartialCharacterWhileReceiving" methodname="PendingSymbols_ShowsPartialCharacterWhileReceiving" classname="Decoder.Tests.MorseReceiverTests" runstate="Runnable" seed="343514107" result="Passed" start-time="2026-08-13 13:29:33Z" end-time="2026-08-13 13:29:33Z" duration="0.000114" asserts="0">
              <properties>
                <property name="retryIteration" value="0" />
                <property name="repeatIteration" value="0" />
              </properties>
            </test-case>
            <test-case id="1117" name="Reset_ClearsEverything" fullname="Decoder.Tests.MorseReceiverTests.Reset_ClearsEverything" methodname="Reset_ClearsEverything" classname="Decoder.Tests.MorseReceiverTests" runstate="Runnable" seed="855145092" result="Passed" start-time="2026-08-13 13:29:33Z" end-time="2026-08-13 13:29:33Z" duration="0.000178" asserts="0">
              <properties>
                <property name="retryIteration" value="0" />
                <property name="repeatIteration" value="0" />
              </properties>
            </test-case>
            <test-case id="1119" name="SetSpeed_ChangesUnitDuration" fullname="Decoder.Tests.MorseReceiverTests.SetSpeed_ChangesUnitDuration" methodname="SetSpeed_ChangesUnitDuration" classname="Decoder.Tests.MorseReceiverTests" runstate="Runnable" seed="1861786825" result="Passed" start-time="2026-08-13 13:29:33Z" end-time="2026-08-13 13:29:33Z" duration="0.000092" asserts="0">
              <properties>
                <property name="retryIteration" value="0" />
                <property name="repeatIteration" value="0" />
              </properties>
            </test-case>
          </test-suite>
          <test-suite type="TestFixture" id="1123" name="OneTimePadTests" fullname="Decoder.Tests.OneTimePadTests" classname="Decoder.Tests.OneTimePadTests" runstate="Runnable" testcasecount="31" result="Passed" start-time="2026-08-13 13:29:33Z" end-time="2026-08-13 13:29:33Z" duration="0.008032" total="31" passed="31" failed="0" inconclusive="0" skipped="0" asserts="0">
            <properties />
            <test-case id="1154" name="BuildTransmission_HeaderIsPaddedToFixedWidth" fullname="Decoder.Tests.OneTimePadTests.BuildTransmission_HeaderIsPaddedToFixedWidth" methodname="BuildTransmission_HeaderIsPaddedToFixedWidth" classname="Decoder.Tests.OneTimePadTests" runstate="Runnable" seed="2081340192" result="Passed" start-time="2026-08-13 13:29:33Z" end-time="2026-08-13 13:29:33Z" duration="0.000593" asserts="0">
              <properties>
                <property name="retryIteration" value="0" />
                <property name="repeatIteration" value="0" />
              </properties>
            </test-case>
            <test-case id="1155" name="BuildTransmission_RejectsPageBeyondIndicatorRange" fullname="Decoder.Tests.OneTimePadTests.BuildTransmission_RejectsPageBeyondIndicatorRange" methodname="BuildTransmission_RejectsPageBeyondIndicatorRange" classname="Decoder.Tests.OneTimePadTests" runstate="Runnable" seed="2131973428" result="Passed" start-time="2026-08-13 13:29:33Z" end-time="2026-08-13 13:29:33Z" duration="0.000886" asserts="0">
              <properties>
                <property name="retryIteration" value="0" />
                <property name="repeatIteration" value="0" />
              </properties>
            </test-case>
[...]
              </properties>
            </test-case>
            <test-case id="1253" name="Envelope_IsZeroWhenNothingIsTuned" fullname="Decoder.Tests.SignalClockTests.Envelope_IsZeroWhenNothingIsTuned" methodname="Envelope_IsZeroWhenNothingIsTuned" classname="Decoder.Tests.SignalClockTests" runstate="Runnable" seed="101330310" result="Passed" start-time="2026-08-13 13:29:33Z" end-time="2026-08-13 13:29:33Z" duration="0.000181" asserts="0">
              <properties>
                <property name="retryIteration" value="0" />
                <property name="repeatIteration" value="0" />
              </properties>
            </test-case>
            <test-case id="1255" name="Envelope_ScalesWithReceivedSignalLevel" fullname="Decoder.Tests.SignalClockTests.Envelope_ScalesWithReceivedSignalLevel" methodname="Envelope_ScalesWithReceivedSignalLevel" classname="Decoder.Tests.SignalClockTests" runstate="Runnable" seed="510155126" result="Passed" start-time="2026-08-13 13:29:33Z" end-time="2026-08-13 13:29:33Z" duration="0.000135" asserts="0">
              <properties>
                <property name="retryIteration" value="0" />
                <property name="repeatIteration" value="0" />
              </properties>
            </test-case>
          </test-suite>
          <test-suite type="TestFixture" id="1257" name="SignalSynthesizerTests" fullname="Decoder.Tests.SignalSynthesizerTests" classname="Decoder.Tests.SignalSynthesizerTests" runstate="Runnable" testcasecount="29" result="Passed" start-time="2026-08-13 13:29:33Z" end-time="2026-08-13 13:29:33Z" duration="0.062162" total="29" passed="29" failed="0" inconclusive="0" skipped="0" asserts="0">
            <properties />
            <test-case id="1261" name="BandpassResponse_DecreasesMonotonicallyWithDetune" fullname="Decoder.Tests.SignalSynthesizerTests.BandpassResponse_DecreasesMonotonicallyWithDetune" methodname="BandpassResponse_DecreasesMonotonicallyWithDetune" classname="Decoder.Tests.SignalSynthesizerTests" runstate="Runnable" seed="104077134" result="Passed" start-time="2026-08-13 13:29:33Z" end-time="2026-08-13 13:29:33Z" duration="0.000480" asserts="0">
              <properties>
                <property name="retryIteration" value="0" />
                <property name="repeatIteration" value="0" />
              </properties>
            </test-case>
            <test-case id="1259" name="BandpassResponse_FallsToZeroAtBandEdge" fullname="Decoder.Tests.SignalSynthesizerTests.BandpassResponse_FallsToZeroAtBandEdge" methodname="BandpassResponse_FallsToZeroAtBandEdge" classname="Decoder.Tests.SignalSynthesizerTests" runstate="Runnable" seed="1588877175" result="Passed" start-time="2026-08-13 13:29:33Z" end-time="2026-08-13 13:29:33Z" duration="0.000097" asserts="0">
              <properties>
                <property name="retryIteration" value="0" />
                <property name="repeatIteration" value="0" />
              </properties>
            </test-case>
            <test-case id="1260" name="BandpassResponse_IsSymmetric" fullname="Decoder.Tests.SignalSynthesizerTests.BandpassResponse_IsSymmetric" methodname="BandpassResponse_IsSymmetric" classname="Decoder.Tests.SignalSynthesizerTests" runstate="Runnable" seed="577237209" result="Passed" start-time="2026-08-13 13:29:33Z" end-time="2026-08-13 13:29:33Z" duration="0.000056" asserts="0">
              <properties>
                <property name="retryIteration" value="0" />
                <property name="repeatIteration" value="0" />
              </properties>
            </test-case>
            <test-case id="1258" name="BandpassResponse_PeaksAtZeroDetune" fullname="Decoder.Tests.SignalSynthesizerTests.BandpassResponse_PeaksAtZeroDetune" methodname="BandpassResponse_PeaksAtZeroDetune" classname="Decoder.Tests.SignalSynthesizerTests" runstate="Runnable" seed="121458679" result="Passed" start-time="2026-08-13 13:29:33Z" end-time="2026-08-13 13:29:33Z" duration="0.000045" asserts="0">
              <properties>
                <property name="retryIteration" value="0" />
                <property name="repeatIteration" value="0" />
              </properties>
            </test-case>
            <test-case id="1280" name="EvaluateReception_AgreesWithWhatRenderingProduces" fullname="Decoder.Tests.SignalSynthesizerTests.EvaluateReception_AgreesWithWhatRenderingProduces" methodname="EvaluateReception_AgreesWithWhatRenderingProduces" classname="Decoder.Tests.SignalSynthesizerTests" runstate="Runnable" seed="1479376423" result="Passed" start-time="2026-08-13 13:29:33Z" end-time="2026-08-13 13:29:33Z" duration="0.000535" asserts="0">
              <properties>
                <property name="retryIteration" value="0" />
                <property name="repeatIteration" value="0" />
              </properties>
            </test-case>
            <test-case id="1278" name="EvaluateReception_ClearsStateWhenNothingIsInBand" fullname="Decoder.Tests.SignalSynthesizerTests.EvaluateReception_ClearsStateWhenNothingIsInBand" methodname="EvaluateReception_ClearsStateWhenNothingIsInBand" classname="Decoder.Tests.SignalSynthesizerTests" runstate="Runnable" seed="641813279" result="Passed" start-time="2026-08-13 13:29:33Z" end-time="2026-08-13 13:29:33Z" duration="0.000139" asserts="0">
              <properties>
                <property name="retryIteration" value="0" />
                <property name="repeatIteration" value="0" />
              </properties>
            </test-case>
            <test-case id="1279" name="EvaluateReception_PicksStrongestStationInBand" fullname="Decoder.Tests.SignalSynthesizerTests.EvaluateReception_PicksStrongestStationInBand" methodname="EvaluateReception_PicksStrongestStationInBand" classname="Decoder.Tests.SignalSynthesizerTests" runstate="Runnable" seed="1412955895" result="Passed" start-time="2026-08-13 13:29:33Z" end-time="2026-08-13 13:29:33Z" duration="0.000117" asserts="0">
              <properties>
                <property name="retryIteration" value="0" />
                <property name="repeatIteration" value="0" />
              </properties>
            </test-case>
            <test-case id="1277" name="EvaluateReception_ReportsDetuneDirection" fullname="Decoder.Tests.SignalSynthesizerTests.EvaluateReception_ReportsDetuneDirection" methodname="EvaluateReception_ReportsDetuneDirection" classname="Decoder.Tests.SignalSynthesizerTests" runstate="Runnable" seed="669457846" result="Passed" start-time="2026-08-13 13:29:33Z" end-time="2026-08-13 13:29:33Z" duration="0.000133" asserts="0">
              <properties>
                <property name="retryIteration" value="0" />
                <property name="repeatIteration" value="0" />
              </properties>
            </test-case>
            <test-case id="1276" name="EvaluateReception_WorksWithoutRenderingAnyAudio" fullname="Decoder.Tests.SignalSynthesizerTests.EvaluateReception_WorksWithoutRenderingAnyAudio" methodname="EvaluateReception_WorksWithoutRenderingAnyAudio" classname="Decoder.Tests.SignalSynthesizerTests" runstate="Runnable" seed="799012461" result="Passed" start-time="2026-08-13 13:29:33Z" end-time="2026-08-13 13:29:33Z" duration="0.000130" asserts="0">
              <properties>
                <property name="retryIteration" value="0" />
                <property name="repeatIteration" value="0" />
              </properties>
            </test-case>
            <test-case id="1269" name="Render_AmplitudeDropsAsTuningDriftsAway" fullname="Decoder.Tests.SignalSynthesizerTests.Render_AmplitudeDropsAsTuningDriftsAway" methodname="Render_AmplitudeDropsAsTuningDriftsAway" classname="Decoder.Tests.SignalSynthesizerTests" runstate="Runnable" seed="729161063" result="Passed" start-time="2026-08-13 13:29:33Z" end-time="2026-08-13 13:29:33Z" duration="0.007797" asserts="0">
              <properties>
                <property name="retryIteration" value="0" />
                <property name="repeatIteration" value="0" />
              </properties>
            </test-case>
            <test-case id="1267" name="Render_CarrierIsAudibleWhenTunedOnStation" fullname="Decoder.Tests.SignalSynthesizerTests.Render_CarrierIsAudibleWhenTunedOnStation" methodname="Render_CarrierIsAudibleWhenTunedOnStation" classname="Decoder.Tests.SignalSynthesizerTests" runstate="Runnable" seed="623305514" result="Passed" start-time="2026-08-13 13:29:33Z" end-time="2026-08-13 13:29:33Z" duration="0.004353" asserts="0">
              <properties>
                <property name="retryIteration" value="0" />
                <property name="repeatIteration" value="0" />
              </properties>
            </test-case>
            <test-case id="1274" name="Render_DifferentSeedsProduceDifferentNoise" fullname="Decoder.Tests.SignalSynthesizerTests.Render_DifferentSeedsProduceDifferentNoise" methodname="Render_DifferentSeedsProduceDifferentNoise" classname="Decoder.Tests.SignalSynthesizerTests" runstate="Runnable" seed="46565110" result="Passed" start-time="2026-08-13 13:29:33Z" end-time="2026-08-13 13:29:33Z" duration="0.000829" asserts="0">
              <properties>
                <property name="retryIteration" value="0" />
                <property name="repeatIteration" value="0" />
              </properties>
            </test-case>
            <test-case id="1273" name="Render_IsDeterministicForSameSeed" fullname="Decoder.Tests.SignalSynthesizerTests.Render_IsDeterministicForSameSeed" methodname="Render_IsDeterministicForSameSeed" classname="Decoder.Tests.SignalSynthesizerTests" runstate="Runnable" seed="1970609346" result="Passed" start-time="2026-08-13 13:29:33Z" end-time="2026-08-13 13:29:33Z" duration="0.010469" asserts="0">
              <properties>
                <property name="retryIteration" value="0" />
                <property name="repeatIteration" value="0" />
              </properties>
            </test-case>
            <test-case id="1272" name="Render_KeyingHasSmoothEdgesWithoutClicks" fullname="Decoder.Tests.SignalSynthesizerTests.Render_KeyingHasSmoothEdgesWithoutClicks" methodname="Render_KeyingHasSmoothEdgesWithoutClicks" classname="Decoder.Tests.SignalSynthesizerTests" runstate="Runnable" seed="231036869" result="Passed" start-time="2026-08-13 13:29:33Z" end-time="2026-08-13 13:29:33Z" duration="0.007481" asserts="0">
              <properties>
                <property name="retryIteration" value="0" />
                <property name="repeatIteration" value="0" />
              </properties>
            </test-case>
            <test-case id="1265" name="Render_OutputStaysWithinUnitRange" fullname="Decoder.Tests.SignalSynthesizerTests.Render_OutputStaysWithinUnitRange" methodname="Render_OutputStaysWithinUnitRange" classname="Decoder.Tests.SignalSynthesizerTests" runstate="Runnable" seed="1845733649" result="Passed" start-time="2026-08-13 13:29:33Z" end-time="2026-08-13 13:29:33Z" duration="0.008516" asserts="0">
              <properties>
                <property name="retryIteration" value="0" />
                <property name="repeatIteration" value="0" />
              </properties>
            </test-case>
            <test-case id="1275" name="Render_RejectsCountLargerThanBuffer" fullname="Decoder.Tests.SignalSynthesizerTests.Render_RejectsCountLargerThanBuffer" methodname="Render_RejectsCountLargerThanBuffer" classname="Decoder.Tests.SignalSynthesizerTests" runstate="Runnable" seed="1177298564" result="Passed" start-time="2026-08-13 13:29:33Z" end-time="2026-08-13 13:29:33Z" duration="0.000265" asserts="0">
              <properties>
                <property name="retryIteration" value="0" />
                <property name="repeatIteration" value="0" />
              </properties>
            </test-case>
            <test-case id="1268" name="Render_StationOutsideBandwidthIsInaudible" fullname="Decoder.Tests.SignalSynthesizerTests.Render_StationOutsideBandwidthIsInaudible" methodname="Render_StationOutsideBandwidthIsInaudible" classname="Decoder.Tests.SignalSynthesizerTests" runstate="Runnable" seed="1133169162" result="Passed" start-time="2026-08-13 13:29:33Z" end-time="2026-08-13 13:29:33Z" duration="0.001480" asserts="0">
              <properties>
                <property name="retryIteration" value="0" />
                <property name="repeatIteration" value="0" />
              </properties>
            </test-case>
            <test-case id="1270" name="Render_ToneMatchesNominalPitchWhenCentered" fullname="Decoder.Tests.SignalSynthesizerTests.Render_ToneMatchesNominalPitchWhenCentered" methodname="Render_ToneMatchesNominalPitchWhenCentered" classname="Decoder.Tests.SignalSynthesizerTests" runstate="Runnable" seed="2609353" result="Passed" start-time="2026-08-13 13:29:33Z" end-time="2026-08-13 13:29:33Z" duration="0.004673" asserts="0">
              <properties>
                <property name="retryIteration" value="0" />
                <property name="repeatIteration" value="0" />
              </properties>
            </test-case>
            <test-case id="1271" name="Render_ToneRisesWhenTunedBelowStation" fullname="Decoder.Tests.SignalSynthesizerTests.Render_ToneRisesWhenTunedBelowStation" methodname="Render_ToneRisesWhenTunedBelowStation" classname="Decoder.Tests.SignalSynthesizerTests" runstate="Runnable" seed="1464252" result="Passed" start-time="2026-08-13 13:29:33Z" end-time="2026-08-13 13:29:33Z" duration="0.010527" asserts="0">
              <properties>
                <property name="retryIteration" value="0" />
                <property name="repeatIteration" value="0" />
              </properties>
            </test-case>
            <test-case id="1266" name="Render_WithNoStationsProducesOnlyNoise" fullname="Decoder.Tests.SignalSynthesizerTests.Render_WithNoStationsProducesOnlyNoise" methodname="Render_WithNoStationsProducesOnlyNoise" classname="Decoder.Tests.SignalSynthesizerTests" runstate="Runnable" seed="44621809" result="Passed" start-time="2026-08-13 13:29:33Z" end-time="2026-08-13 13:29:33Z" duration="0.000464" asserts="0">
              <properties>
                <property name="retryIteration" value="0" />
                <property name="repeatIteration" value="0" />
              </properties>
            </test-case>
            <test-case id="1285" name="Station_EmptyMessageNeverKeys" fullname="Decoder.Tests.SignalSynthesizerTests.Station_EmptyMessageNeverKeys" methodname="Station_EmptyMessageNeverKeys" classname="Decoder.Tests.SignalSynthesizerTests" runstate="Runnable" seed="1099330238" result="Passed" start-time="2026-08-13 13:29:33Z" end-time="2026-08-13 13:29:33Z" duration="0.000139" asserts="0">
              <properties>
                <property name="retryIteration" value="0" />
                <property name="repeatIteration" value="0" />
              </properties>
            </test-case>
            <test-case id="1281" name="Station_KeyIsDownAtStartOfTransmission" fullname="Decoder.Tests.SignalSynthesizerTests.Station_KeyIsDownAtStartOfTransmission" methodname="Station_KeyIsDownAtStartOfTransmission" classname="Decoder.Tests.SignalSynthesizerTests" runstate="Runnable" seed="2077696254" result="Passed" start-time="2026-08-13 13:29:33Z" end-time="2026-08-13 13:29:33Z" duration="0.000091" asserts="0">
              <properties>
                <property name="retryIteration" value="0" />
                <property name="repeatIteration" value="0" />
              </properties>
            </test-case>
            <test-case id="1282" name="Station_KeyIsUpBeforeStartOffset" fullname="Decoder.Tests.SignalSynthesizerTests.Station_KeyIsUpBeforeStartOffset" methodname="Station_KeyIsUpBeforeStartOffset" classname="Decoder.Tests.SignalSynthesizerTests" runstate="Runnable" seed="1834498603" result="Passed" start-time="2026-08-13 13:29:33Z" end-time="2026-08-13 13:29:33Z" duration="0.000095" asserts="0">
              <properties>
                <property name="retryIteration" value="0" />
                <property name="repeatIteration" value="0" />
              </properties>
            </test-case>
            <test-case id="1283" name="Station_LoopsAfterGap" fullname="Decoder.Tests.SignalSynthesizerTests.Station_LoopsAfterGap" methodname="Station_LoopsAfterGap" classname="Decoder.Tests.SignalSynthesizerTests" runstate="Runnable" seed="1320506889" result="Passed" start-time="2026-08-13 13:29:33Z" end-time="2026-08-13 13:29:33Z" duration="0.000132" asserts="0">
              <properties>
                <property name="retryIteration" value="0" />
                <property name="repeatIteration" value="0" />
              </properties>
            </test-case>
            <test-case id="1284" name="Station_NonLoopingStopsAfterMessage" fullname="Decoder.Tests.SignalSynthesizerTests.Station_NonLoopingStopsAfterMessage" methodname="Station_NonLoopingStopsAfterMessage" classname="Decoder.Tests.SignalSynthesizerTests" runstate="Runnable" seed="1545086963" result="Passed" start-time="2026-08-13 13:29:33Z" end-time="2026-08-13 13:29:33Z" duration="0.000088" asserts="0">
              <properties>
                <property name="retryIteration" value="0" />
                <property name="repeatIteration" value="0" />
              </properties>
            </test-case>
            <test-case id="1286" name="Station_TotalSecondsMatchesTimeline" fullname="Decoder.Tests.SignalSynthesizerTests.Station_TotalSecondsMatchesTimeline" methodname="Station_TotalSecondsMatchesTimeline" classname="Decoder.Tests.SignalSynthesizerTests" runstate="Runnable" seed="1543074101" result="Passed" start-time="2026-08-13 13:29:33Z" end-time="2026-08-13 13:29:33Z" duration="0.000118" asserts="0">
              <properties>
                <property name="retryIteration" value="0" />
                <property name="repeatIteration" value="0" />
              </properties>
            </test-case>
            <test-case id="1262" name="ToneForDetune_IsNominalWhenCentered" fullname="Decoder.Tests.SignalSynthesizerTests.ToneForDetune_IsNominalWhenCentered" methodname="ToneForDetune_IsNominalWhenCentered" classname="Decoder.Tests.SignalSynthesizerTests" runstate="Runnable" seed="290658714" result="Passed" start-time="2026-08-13 13:29:33Z" end-time="2026-08-13 13:29:33Z" duration="0.000060" asserts="0">
              <properties>
                <property name="retryIteration" value="0" />
                <property name="repeatIteration" value="0" />
              </properties>
            </test-case>
            <test-case id="1264" name="ToneForDetune_NeverGoesBelowAudibleFloor" fullname="Decoder.Tests.SignalSynthesizerTests.ToneForDetune_NeverGoesBelowAudibleFloor" methodname="ToneForDetune_NeverGoesBelowAudibleFloor" classname="Decoder.Tests.SignalSynthesizerTests" runstate="Runnable" seed="1251164603" result="Passed" start-time="2026-08-13 13:29:33Z" end-time="2026-08-13 13:29:33Z" duration="0.000054" asserts="0">
              <properties>
                <property name="retryIteration" value="0" />
                <property name="repeatIteration" value="0" />
              </properties>
            </test-case>
            <test-case id="1263" name="ToneForDetune_RisesAboveCenterAndFallsBelow" fullname="Decoder.Tests.SignalSynthesizerTests.ToneForDetune_RisesAboveCenterAndFallsBelow" methodname="ToneForDetune_RisesAboveCenterAndFallsBelow" classname="Decoder.Tests.SignalSynthesizerTests" runstate="Runnable" seed="612662022" result="Passed" start-time="2026-08-13 13:29:33Z" end-time="2026-08-13 13:29:33Z" duration="0.000056" asserts="0">
              <properties>
                <property name="retryIteration" value="0" />
                <property name="repeatIteration" value="0" />
              </properties>
              <output><![CDATA[Saving results to: /workspace/artifacts/reports/test-results-EditMode.xml
]]></output>
            </test-case>
          </test-suite>
        </test-suite>
      </test-suite>
    </test-suite>
  </test-suite>
</test-run>